Log file open, 07/22/20 10:47:15
LogInit: Display: Running engine for game: RMCAD_VRGallery
LogPlatformFile: Not using cached read wrapper
LogTaskGraph: Started task graph with 5 named threads and 23 total threads with 3 sets of task threads.
LogStats: Stats thread started at 1.629559
LogD3D11RHI: Loaded GFSDK_Aftermath_Lib.x64.dll
LogICUInternationalization: ICU TimeZone Detection - Raw Offset: -7:00, Platform Override: ''
LogPluginManager: Mounting plugin Paper2D
LogPluginManager: Mounting plugin AISupport
LogPluginManager: Mounting plugin LightPropagationVolume
LogPluginManager: Mounting plugin CameraShakePreviewer
LogPluginManager: Mounting plugin ActorLayerUtilities
LogPluginManager: Mounting plugin AnimationSharing
LogPluginManager: Mounting plugin CLionSourceCodeAccess
LogPluginManager: Mounting plugin CodeLiteSourceCodeAccess
LogPluginManager: Mounting plugin GitSourceControl
LogPluginManager: Mounting plugin KDevelopSourceCodeAccess
LogPluginManager: Mounting plugin NullSourceCodeAccess
LogPluginManager: Mounting plugin PerforceSourceControl
LogPluginManager: Mounting plugin PlasticSourceControl
LogPluginManager: Mounting plugin RiderSourceCodeAccess
LogPluginManager: Mounting plugin SubversionSourceControl
LogPluginManager: Mounting plugin UObjectPlugin
LogPluginManager: Mounting plugin VisualStudioCodeSourceCodeAccess
LogPluginManager: Mounting plugin VisualStudioSourceCodeAccess
LogPluginManager: Mounting plugin XCodeSourceCodeAccess
LogPluginManager: Mounting plugin AssetManagerEditor
LogPluginManager: Mounting plugin CryptoKeys
LogPluginManager: Mounting plugin CurveEditorTools
LogPluginManager: Mounting plugin DataValidation
LogPluginManager: Mounting plugin EditorScriptingUtilities
LogPluginManager: Mounting plugin FacialAnimation
LogPluginManager: Mounting plugin GameplayTagsEditor
LogPluginManager: Mounting plugin GeometryMode
LogPluginManager: Mounting plugin MacGraphicsSwitching
LogPluginManager: Mounting plugin MaterialAnalyzer
LogPluginManager: Mounting plugin MobileLauncherProfileWizard
LogPluginManager: Mounting plugin PluginBrowser
LogPluginManager: Mounting plugin SpeedTreeImporter
LogPluginManager: Mounting plugin DatasmithContent
LogPluginManager: Mounting plugin VariantManagerContent
LogPluginManager: Mounting plugin AlembicImporter
LogPluginManager: Mounting plugin AutomationUtils
LogPluginManager: Mounting plugin BackChannel
LogPluginManager: Mounting plugin ChaosCloth
LogPluginManager: Mounting plugin ChaosClothEditor
LogPluginManager: Mounting plugin ChaosEditor
LogPluginManager: Mounting plugin ChaosNiagara
LogPluginManager: Mounting plugin ChaosSolverPlugin
LogPluginManager: Mounting plugin CharacterAI
LogPluginManager: Mounting plugin GeometryCache
LogPluginManager: Mounting plugin GeometryCollectionPlugin
LogPluginManager: Mounting plugin GeometryProcessing
LogPluginManager: Mounting plugin PlanarCut
LogPluginManager: Mounting plugin PlatformCrypto
LogPluginManager: Mounting plugin ProxyLODPlugin
LogPluginManager: Mounting plugin SkeletalReduction
LogPluginManager: Mounting plugin Niagara
LogPluginManager: Mounting plugin MagicLeap
LogPluginManager: Mounting plugin MagicLeapLightEstimation
LogPluginManager: Mounting plugin MagicLeapMedia
LogPluginManager: Mounting plugin MagicLeapPassableWorld
LogPluginManager: Mounting plugin MLSDK
LogPluginManager: Mounting plugin AndroidMedia
LogPluginManager: Mounting plugin AvfMedia
LogPluginManager: Mounting plugin ImgMedia
LogPluginManager: Mounting plugin MediaCompositing
LogPluginManager: Mounting plugin MediaPlayerEditor
LogPluginManager: Mounting plugin WebMMedia
LogPluginManager: Mounting plugin WmfMedia
LogPluginManager: Mounting plugin MeshPainting
LogPluginManager: Mounting plugin TcpMessaging
LogPluginManager: Mounting plugin UdpMessaging
LogPluginManager: Mounting plugin ActorSequence
LogPluginManager: Mounting plugin LevelSequenceEditor
LogPluginManager: Mounting plugin MatineeToLevelSequence
LogPluginManager: Mounting plugin MovieRenderPipeline
LogPluginManager: Mounting plugin TemplateSequence
LogPluginManager: Mounting plugin NetcodeUnitTest
LogPluginManager: Mounting plugin NUTUnrealEngine4
LogPluginManager: Mounting plugin OnlineSubsystemGooglePlay
LogPluginManager: Mounting plugin OnlineSubsystemIOS
LogPluginManager: Mounting plugin OnlineSubsystem
LogPluginManager: Mounting plugin OnlineSubsystemNull
LogPluginManager: Mounting plugin OnlineSubsystemUtils
LogPluginManager: Mounting plugin LauncherChunkInstaller
LogPluginManager: Mounting plugin AndroidDeviceProfileSelector
LogPluginManager: Mounting plugin AndroidMoviePlayer
LogPluginManager: Mounting plugin AndroidPermission
LogPluginManager: Mounting plugin AppleImageUtils
LogPluginManager: Mounting plugin AppleMoviePlayer
LogPluginManager: Mounting plugin ArchVisCharacter
LogPluginManager: Mounting plugin AssetTags
LogPluginManager: Mounting plugin AudioCapture
LogPluginManager: Mounting plugin CableComponent
LogPluginManager: Mounting plugin CustomMeshComponent
LogPluginManager: Mounting plugin EditableMesh
LogPluginManager: Mounting plugin ExampleDeviceProfileSelector
LogPluginManager: Mounting plugin GoogleCloudMessaging
LogPluginManager: Mounting plugin GooglePAD
LogPluginManager: Mounting plugin IOSDeviceProfileSelector
LogPluginManager: Mounting plugin LinuxDeviceProfileSelector
LogPluginManager: Mounting plugin LocationServicesBPLibrary
LogPluginManager: Mounting plugin MobilePatchingUtils
LogPluginManager: Mounting plugin OculusVR
LogPluginManager: Mounting plugin PhysXVehicles
LogPluginManager: Mounting plugin PostSplashScreen
LogPluginManager: Mounting plugin ProceduralMeshComponent
LogPluginManager: Mounting plugin RuntimePhysXCooking
LogPluginManager: Mounting plugin SignificanceManager
LogPluginManager: Mounting plugin SoundFields
LogPluginManager: Mounting plugin SteamVR
LogPluginManager: Mounting plugin Synthesis
LogPluginManager: Mounting plugin WebMMoviePlayer
LogPluginManager: Mounting plugin WindowsMoviePlayer
LogPluginManager: Mounting plugin ScreenshotTools
LogInit: Using libcurl 7.55.1-DEV
LogInit:  - built for x86_64-pc-win32
LogInit:  - supports SSL with OpenSSL/1.1.1
LogInit:  - supports HTTP deflate (compression) using libz 1.2.8
LogInit:  - other features:
LogInit:      CURL_VERSION_SSL
LogInit:      CURL_VERSION_LIBZ
LogInit:      CURL_VERSION_IPV6
LogInit:      CURL_VERSION_ASYNCHDNS
LogInit:      CURL_VERSION_LARGEFILE
LogInit:      CURL_VERSION_IDN
LogInit:  CurlRequestOptions (configurable via config and command line):
LogInit:  - bVerifyPeer = true  - Libcurl will verify peer certificate
LogInit:  - bUseHttpProxy = false  - Libcurl will NOT use HTTP proxy
LogInit:  - bDontReuseConnections = false  - Libcurl will reuse connections
LogInit:  - MaxHostConnections = 16  - Libcurl will limit the number of connections to a host
LogInit:  - LocalHostAddr = Default
LogInit:  - BufferSize = 65536
LogOnline: OSS: Creating online subsystem instance for: NULL
LogInit: WinSock: version 1.1 (2.2), MaxSocks=32767, MaxUdp=65467
LogOnline: OSS: TryLoadSubsystemAndSetDefault: Loaded subsystem for module [NULL]
LogInit: Build: ++UE4+Release-4.25-CL-13594126
LogInit: Engine Version: 4.25.1-13594126+++UE4+Release-4.25
LogInit: Compatible Engine Version: 4.25.0-13144385+++UE4+Release-4.25
LogInit: Net CL: 13144385
LogInit: OS: Windows 10 (Release 1909) (), CPU: Intel(R) Core(TM) i7-7700 CPU @ 3.60GHz, GPU: NVIDIA GeForce GTX 1080
LogInit: Compiled (64-bit): Jun  2 2020 02:10:36
LogInit: Compiled with Visual C++: 19.24.28315.00
LogInit: Build Configuration: Development
LogInit: Branch Name: ++UE4+Release-4.25
LogInit: Command Line:  -EpicPortal -epicusername=arty_the_smarty -epicuserid=cda8607b90164e379117794d1b5afc6f -epiclocale=en
LogInit: Base Directory: C:/Program Files/Epic Games/UE_4.25/Engine/Binaries/Win64/
LogInit: Allocator: TBB
LogInit: Installed Engine Build: 1
LogDevObjectVersion: Number of dev versions registered: 26
LogDevObjectVersion:   Dev-Blueprints (B0D832E4-1F89-4F0D-ACCF-7EB736FD4AA2): 10
LogDevObjectVersion:   Dev-Build (E1C64328-A22C-4D53-A36C-8E866417BD8C): 0
LogDevObjectVersion:   Dev-Core (375EC13C-06E4-48FB-B500-84F0262A717E): 4
LogDevObjectVersion:   Dev-Editor (E4B068ED-F494-42E9-A231-DA0B2E46BB41): 38
LogDevObjectVersion:   Dev-Framework (CFFC743F-43B0-4480-9391-14DF171D2073): 37
LogDevObjectVersion:   Dev-Mobile (B02B49B5-BB20-44E9-A304-32B752E40360): 2
LogDevObjectVersion:   Dev-Networking (A4E4105C-59A1-49B5-A7C5-40C4547EDFEE): 0
LogDevObjectVersion:   Dev-Online (39C831C9-5AE6-47DC-9A44-9C173E1C8E7C): 0
LogDevObjectVersion:   Dev-Physics (78F01B33-EBEA-4F98-B9B4-84EACCB95AA2): 4
LogDevObjectVersion:   Dev-Platform (6631380F-2D4D-43E0-8009-CF276956A95A): 0
LogDevObjectVersion:   Dev-Rendering (12F88B9F-8875-4AFC-A67C-D90C383ABD29): 43
LogDevObjectVersion:   Dev-Sequencer (7B5AE74C-D270-4C10-A958-57980B212A5A): 12
LogDevObjectVersion:   Dev-VR (D7296918-1DD6-4BDD-9DE2-64A83CC13884): 3
LogDevObjectVersion:   Dev-LoadTimes (C2A15278-BFE7-4AFE-6C17-90FF531DF755): 1
LogDevObjectVersion:   Private-Geometry (6EACA3D4-40EC-4CC1-B786-8BED09428FC5): 3
LogDevObjectVersion:   Dev-AnimPhys (29E575DD-E0A3-4627-9D10-D276232CDCEA): 17
LogDevObjectVersion:   Dev-Anim (AF43A65D-7FD3-4947-9873-3E8ED9C1BB05): 7
LogDevObjectVersion:   Dev-ReflectionCapture (6B266CEC-1EC7-4B8F-A30B-E4D90942FC07): 1
LogDevObjectVersion:   Dev-Automation (0DF73D61-A23F-47EA-B727-89E90C41499A): 1
LogDevObjectVersion:   FortniteMain (601D1886-AC64-4F84-AA16-D3DE0DEAC7D6): 31
LogDevObjectVersion:   Dev-Enterprise (9DFFBCD6-494F-0158-E221-12823C92A888): 10
LogDevObjectVersion:   Dev-Niagara (F2AED0AC-9AFE-416F-8664-AA7FFA26D6FC): 1
LogDevObjectVersion:   Dev-Destruction (174F1F0B-B4C6-45A5-B13F-2EE8D0FB917D): 10
LogDevObjectVersion:   Dev-Physics-Ext (35F94A83-E258-406C-A318-09F59610247C): 37
LogDevObjectVersion:   Dev-PhysicsMaterial-Chaos (B68FC16E-8B1B-42E2-B453-215C058844FE): 1
LogDevObjectVersion:   Dev-CineCamera (B2E18506-4273-CFC2-A54E-F4BB758BBA07): 1
LogInit: Presizing for max 25165824 objects, including 0 objects not considered by GC, pre-allocating 0 bytes for permanent pool.
LogConfig: Applying CVar settings from Section [/Script/Engine.StreamingSettings] File [C:/Users/bsanchez76/Documents/GitHub/RMCAD_VRGallery/Saved/Config/Windows/Engine.ini]
LogConfig: Setting CVar [[s.MinBulkDataSizeForAsyncLoading:131072]]
LogConfig: Setting CVar [[s.AsyncLoadingThreadEnabled:0]]
LogConfig: Setting CVar [[s.EventDrivenLoaderEnabled:1]]
LogConfig: Setting CVar [[s.WarnIfTimeLimitExceeded:0]]
LogConfig: Setting CVar [[s.TimeLimitExceededMultiplier:1.5]]
LogConfig: Setting CVar [[s.TimeLimitExceededMinTime:0.005]]
LogConfig: Setting CVar [[s.UseBackgroundLevelStreaming:1]]
LogConfig: Setting CVar [[s.PriorityAsyncLoadingExtraTime:15.0]]
LogConfig: Setting CVar [[s.LevelStreamingActorsUpdateTimeLimit:5.0]]
LogConfig: Setting CVar [[s.PriorityLevelStreamingActorsUpdateExtraTime:5.0]]
LogConfig: Setting CVar [[s.LevelStreamingComponentsRegistrationGranularity:10]]
LogConfig: Setting CVar [[s.UnregisterComponentsTimeLimit:1.0]]
LogConfig: Setting CVar [[s.LevelStreamingComponentsUnregistrationGranularity:5]]
LogConfig: Setting CVar [[s.FlushStreamingOnExit:1]]
LogInit: Object subsystem initialized
LogConfig: Setting CVar [[con.DebugEarlyDefault:1]]
LogConfig: Setting CVar [[r.setres:1280x720]]
[2020.07.22-16.47.16:173][  0]LogConfig: Setting CVar [[r.VSync:0]]
[2020.07.22-16.47.16:173][  0]LogConfig: Setting CVar [[r.RHICmdBypass:0]]
[2020.07.22-16.47.16:173][  0]LogConfig: Applying CVar settings from Section [/Script/Engine.RendererSettings] File [C:/Users/bsanchez76/Documents/GitHub/RMCAD_VRGallery/Saved/Config/Windows/Engine.ini]
[2020.07.22-16.47.16:173][  0]LogConfig: Setting CVar [[r.GPUCrashDebugging:0]]
[2020.07.22-16.47.16:173][  0]LogConfig: Setting CVar [[r.DefaultFeature.AutoExposure:0]]
[2020.07.22-16.47.16:173][  0]LogConfig: Applying CVar settings from Section [/Script/Engine.RendererOverrideSettings] File [C:/Users/bsanchez76/Documents/GitHub/RMCAD_VRGallery/Saved/Config/Windows/Engine.ini]
[2020.07.22-16.47.16:173][  0]LogConfig: Applying CVar settings from Section [/Script/Engine.StreamingSettings] File [C:/Users/bsanchez76/Documents/GitHub/RMCAD_VRGallery/Saved/Config/Windows/Engine.ini]
[2020.07.22-16.47.16:173][  0]LogConfig: Setting CVar [[s.MinBulkDataSizeForAsyncLoading:131072]]
[2020.07.22-16.47.16:173][  0]LogConfig: Setting CVar [[s.AsyncLoadingThreadEnabled:0]]
[2020.07.22-16.47.16:173][  0]LogConfig: Setting CVar [[s.EventDrivenLoaderEnabled:1]]
[2020.07.22-16.47.16:173][  0]LogConfig: Setting CVar [[s.WarnIfTimeLimitExceeded:0]]
[2020.07.22-16.47.16:173][  0]LogConfig: Setting CVar [[s.TimeLimitExceededMultiplier:1.5]]
[2020.07.22-16.47.16:173][  0]LogConfig: Setting CVar [[s.TimeLimitExceededMinTime:0.005]]
[2020.07.22-16.47.16:173][  0]LogConfig: Setting CVar [[s.UseBackgroundLevelStreaming:1]]
[2020.07.22-16.47.16:173][  0]LogConfig: Setting CVar [[s.PriorityAsyncLoadingExtraTime:15.0]]
[2020.07.22-16.47.16:173][  0]LogConfig: Setting CVar [[s.LevelStreamingActorsUpdateTimeLimit:5.0]]
[2020.07.22-16.47.16:173][  0]LogConfig: Setting CVar [[s.PriorityLevelStreamingActorsUpdateExtraTime:5.0]]
[2020.07.22-16.47.16:173][  0]LogConfig: Setting CVar [[s.LevelStreamingComponentsRegistrationGranularity:10]]
[2020.07.22-16.47.16:173][  0]LogConfig: Setting CVar [[s.UnregisterComponentsTimeLimit:1.0]]
[2020.07.22-16.47.16:173][  0]LogConfig: Setting CVar [[s.LevelStreamingComponentsUnregistrationGranularity:5]]
[2020.07.22-16.47.16:173][  0]LogConfig: Setting CVar [[s.FlushStreamingOnExit:1]]
[2020.07.22-16.47.16:173][  0]LogConfig: Applying CVar settings from Section [/Script/Engine.GarbageCollectionSettings] File [C:/Users/bsanchez76/Documents/GitHub/RMCAD_VRGallery/Saved/Config/Windows/Engine.ini]
[2020.07.22-16.47.16:173][  0]LogConfig: Setting CVar [[gc.MaxObjectsNotConsideredByGC:1]]
[2020.07.22-16.47.16:173][  0]LogConfig: Setting CVar [[gc.SizeOfPermanentObjectPool:0]]
[2020.07.22-16.47.16:173][  0]LogConfig: Setting CVar [[gc.FlushStreamingOnGC:0]]
[2020.07.22-16.47.16:173][  0]LogConfig: Setting CVar [[gc.NumRetriesBeforeForcingGC:10]]
[2020.07.22-16.47.16:173][  0]LogConfig: Setting CVar [[gc.AllowParallelGC:1]]
[2020.07.22-16.47.16:173][  0]LogConfig: Setting CVar [[gc.TimeBetweenPurgingPendingKillObjects:61.1]]
[2020.07.22-16.47.16:173][  0]LogConfig: Setting CVar [[gc.MaxObjectsInEditor:25165824]]
[2020.07.22-16.47.16:173][  0]LogConfig: Setting CVar [[gc.IncrementalBeginDestroyEnabled:1]]
[2020.07.22-16.47.16:173][  0]LogConfig: Setting CVar [[gc.CreateGCClusters:1]]
[2020.07.22-16.47.16:173][  0]LogConfig: Setting CVar [[gc.MinGCClusterSize:5]]
[2020.07.22-16.47.16:173][  0]LogConfig: Setting CVar [[gc.ActorClusteringEnabled:0]]
[2020.07.22-16.47.16:173][  0]LogConfig: Setting CVar [[gc.BlueprintClusteringEnabled:0]]
[2020.07.22-16.47.16:173][  0]LogConfig: Setting CVar [[gc.UseDisregardForGCOnDedicatedServers:0]]
[2020.07.22-16.47.16:173][  0]LogConfig: Applying CVar settings from Section [/Script/Engine.NetworkSettings] File [C:/Users/bsanchez76/Documents/GitHub/RMCAD_VRGallery/Saved/Config/Windows/Engine.ini]
[2020.07.22-16.47.16:173][  0]LogConfig: Applying CVar settings from Section [/Script/UnrealEd.CookerSettings] File [C:/Users/bsanchez76/Documents/GitHub/RMCAD_VRGallery/Saved/Config/Windows/Engine.ini]
[2020.07.22-16.47.16:178][  0]LogConfig: Applying CVar settings from Section [ViewDistanceQuality@3] File [C:/Users/bsanchez76/Documents/GitHub/RMCAD_VRGallery/Saved/Config/Windows/Scalability.ini]
[2020.07.22-16.47.16:178][  0]LogConfig: Setting CVar [[r.SkeletalMeshLODBias:0]]
[2020.07.22-16.47.16:178][  0]LogConfig: Setting CVar [[r.ViewDistanceScale:1.0]]
[2020.07.22-16.47.16:178][  0]LogConfig: Applying CVar settings from Section [AntiAliasingQuality@3] File [C:/Users/bsanchez76/Documents/GitHub/RMCAD_VRGallery/Saved/Config/Windows/Scalability.ini]
[2020.07.22-16.47.16:178][  0]LogConfig: Setting CVar [[r.PostProcessAAQuality:4]]
[2020.07.22-16.47.16:178][  0]LogConfig: Applying CVar settings from Section [ShadowQuality@3] File [C:/Users/bsanchez76/Documents/GitHub/RMCAD_VRGallery/Saved/Config/Windows/Scalability.ini]
[2020.07.22-16.47.16:178][  0]LogConfig: Setting CVar [[r.LightFunctionQuality:1]]
[2020.07.22-16.47.16:178][  0]LogConfig: Setting CVar [[r.ShadowQuality:5]]
[2020.07.22-16.47.16:178][  0]LogConfig: Setting CVar [[r.Shadow.CSM.MaxCascades:10]]
[2020.07.22-16.47.16:178][  0]LogConfig: Setting CVar [[r.Shadow.MaxResolution:2048]]
[2020.07.22-16.47.16:178][  0]LogConfig: Setting CVar [[r.Shadow.MaxCSMResolution:2048]]
[2020.07.22-16.47.16:178][  0]LogConfig: Setting CVar [[r.Shadow.RadiusThreshold:0.01]]
[2020.07.22-16.47.16:178][  0]LogConfig: Setting CVar [[r.Shadow.DistanceScale:1.0]]
[2020.07.22-16.47.16:178][  0]LogConfig: Setting CVar [[r.Shadow.CSM.TransitionScale:1.0]]
[2020.07.22-16.47.16:178][  0]LogConfig: Setting CVar [[r.Shadow.PreShadowResolutionFactor:1.0]]
[2020.07.22-16.47.16:178][  0]LogConfig: Setting CVar [[r.DistanceFieldShadowing:1]]
[2020.07.22-16.47.16:178][  0]LogConfig: Setting CVar [[r.DistanceFieldAO:1]]
[2020.07.22-16.47.16:178][  0]LogConfig: Setting CVar [[r.AOQuality:2]]
[2020.07.22-16.47.16:178][  0]LogConfig: Setting CVar [[r.VolumetricFog:1]]
[2020.07.22-16.47.16:178][  0]LogConfig: Setting CVar [[r.VolumetricFog.GridPixelSize:8]]
[2020.07.22-16.47.16:178][  0]LogConfig: Setting CVar [[r.VolumetricFog.GridSizeZ:128]]
[2020.07.22-16.47.16:178][  0]LogConfig: Setting CVar [[r.VolumetricFog.HistoryMissSupersampleCount:4]]
[2020.07.22-16.47.16:178][  0]LogConfig: Setting CVar [[r.LightMaxDrawDistanceScale:1]]
[2020.07.22-16.47.16:178][  0]LogConfig: Setting CVar [[r.CapsuleShadows:1]]
[2020.07.22-16.47.16:178][  0]LogConfig: Applying CVar settings from Section [PostProcessQuality@3] File [C:/Users/bsanchez76/Documents/GitHub/RMCAD_VRGallery/Saved/Config/Windows/Scalability.ini]
[2020.07.22-16.47.16:178][  0]LogConfig: Setting CVar [[r.MotionBlurQuality:4]]
[2020.07.22-16.47.16:178][  0]LogConfig: Setting CVar [[r.AmbientOcclusionMipLevelFactor:0.4]]
[2020.07.22-16.47.16:178][  0]LogConfig: Setting CVar [[r.AmbientOcclusionMaxQuality:100]]
[2020.07.22-16.47.16:178][  0]LogConfig: Setting CVar [[r.AmbientOcclusionLevels:-1]]
[2020.07.22-16.47.16:178][  0]LogConfig: Setting CVar [[r.AmbientOcclusionRadiusScale:1.0]]
[2020.07.22-16.47.16:178][  0]LogConfig: Setting CVar [[r.DepthOfFieldQuality:2]]
[2020.07.22-16.47.16:178][  0]LogConfig: Setting CVar [[r.RenderTargetPoolMin:400]]
[2020.07.22-16.47.16:178][  0]LogConfig: Setting CVar [[r.LensFlareQuality:2]]
[2020.07.22-16.47.16:178][  0]LogConfig: Setting CVar [[r.SceneColorFringeQuality:1]]
[2020.07.22-16.47.16:178][  0]LogConfig: Setting CVar [[r.EyeAdaptationQuality:2]]
[2020.07.22-16.47.16:178][  0]LogConfig: Setting CVar [[r.BloomQuality:5]]
[2020.07.22-16.47.16:179][  0]LogConfig: Setting CVar [[r.FastBlurThreshold:100]]
[2020.07.22-16.47.16:179][  0]LogConfig: Setting CVar [[r.Upscale.Quality:3]]
[2020.07.22-16.47.16:179][  0]LogConfig: Setting CVar [[r.Tonemapper.GrainQuantization:1]]
[2020.07.22-16.47.16:179][  0]LogConfig: Setting CVar [[r.LightShaftQuality:1]]
[2020.07.22-16.47.16:179][  0]LogConfig: Setting CVar [[r.Filter.SizeScale:1]]
[2020.07.22-16.47.16:179][  0]LogConfig: Setting CVar [[r.Tonemapper.Quality:5]]
[2020.07.22-16.47.16:179][  0]LogConfig: Setting CVar [[r.DOF.Gather.AccumulatorQuality:1        ; higher gathering accumulator quality]]
[2020.07.22-16.47.16:179][  0]LogConfig: Setting CVar [[r.DOF.Gather.PostfilterMethod:1          ; Median3x3 postfilering method]]
[2020.07.22-16.47.16:179][  0]LogConfig: Setting CVar [[r.DOF.Gather.EnableBokehSettings:0       ; no bokeh simulation when gathering]]
[2020.07.22-16.47.16:179][  0]LogConfig: Setting CVar [[r.DOF.Gather.RingCount:4                 ; medium number of samples when gathering]]
[2020.07.22-16.47.16:179][  0]LogConfig: Setting CVar [[r.DOF.Scatter.ForegroundCompositing:1    ; additive foreground scattering]]
[2020.07.22-16.47.16:179][  0]LogConfig: Setting CVar [[r.DOF.Scatter.BackgroundCompositing:2    ; additive background scattering]]
[2020.07.22-16.47.16:179][  0]LogConfig: Setting CVar [[r.DOF.Scatter.EnableBokehSettings:1      ; bokeh simulation when scattering]]
[2020.07.22-16.47.16:179][  0]LogConfig: Setting CVar [[r.DOF.Scatter.MaxSpriteRatio:0.1         ; only a maximum of 10% of scattered bokeh]]
[2020.07.22-16.47.16:179][  0]LogConfig: Setting CVar [[r.DOF.Recombine.Quality:1                ; cheap slight out of focus]]
[2020.07.22-16.47.16:179][  0]LogConfig: Setting CVar [[r.DOF.Recombine.EnableBokehSettings:0    ; no bokeh simulation on slight out of focus]]
[2020.07.22-16.47.16:179][  0]LogConfig: Setting CVar [[r.DOF.TemporalAAQuality:1                ; more stable temporal accumulation]]
[2020.07.22-16.47.16:179][  0]LogConfig: Setting CVar [[r.DOF.Kernel.MaxForegroundRadius:0.025]]
[2020.07.22-16.47.16:179][  0]LogConfig: Setting CVar [[r.DOF.Kernel.MaxBackgroundRadius:0.025]]
[2020.07.22-16.47.16:179][  0]LogConfig: Applying CVar settings from Section [TextureQuality@3] File [C:/Users/bsanchez76/Documents/GitHub/RMCAD_VRGallery/Saved/Config/Windows/Scalability.ini]
[2020.07.22-16.47.16:179][  0]LogConfig: Setting CVar [[r.Streaming.MipBias:0]]
[2020.07.22-16.47.16:179][  0]LogConfig: Setting CVar [[r.Streaming.AmortizeCPUToGPUCopy:0]]
[2020.07.22-16.47.16:179][  0]LogConfig: Setting CVar [[r.Streaming.MaxNumTexturesToStreamPerFrame:0]]
[2020.07.22-16.47.16:179][  0]LogConfig: Setting CVar [[r.Streaming.Boost:1]]
[2020.07.22-16.47.16:179][  0]LogConfig: Setting CVar [[r.MaxAnisotropy:8]]
[2020.07.22-16.47.16:179][  0]LogConfig: Setting CVar [[r.VT.MaxAnisotropy:8]]
[2020.07.22-16.47.16:179][  0]LogConfig: Setting CVar [[r.Streaming.LimitPoolSizeToVRAM:0]]
[2020.07.22-16.47.16:179][  0]LogConfig: Setting CVar [[r.Streaming.PoolSize:1000]]
[2020.07.22-16.47.16:179][  0]LogConfig: Setting CVar [[r.Streaming.MaxEffectiveScreenSize:0]]
[2020.07.22-16.47.16:179][  0]LogConfig: Applying CVar settings from Section [EffectsQuality@3] File [C:/Users/bsanchez76/Documents/GitHub/RMCAD_VRGallery/Saved/Config/Windows/Scalability.ini]
[2020.07.22-16.47.16:179][  0]LogConfig: Setting CVar [[r.TranslucencyLightingVolumeDim:64]]
[2020.07.22-16.47.16:179][  0]LogConfig: Setting CVar [[r.RefractionQuality:2]]
[2020.07.22-16.47.16:179][  0]LogConfig: Setting CVar [[r.SSR.Quality:3]]
[2020.07.22-16.47.16:179][  0]LogConfig: Setting CVar [[r.SSR.HalfResSceneColor:0]]
[2020.07.22-16.47.16:179][  0]LogConfig: Setting CVar [[r.SceneColorFormat:4]]
[2020.07.22-16.47.16:179][  0]LogConfig: Setting CVar [[r.DetailMode:2]]
[2020.07.22-16.47.16:179][  0]LogConfig: Setting CVar [[r.TranslucencyVolumeBlur:1]]
[2020.07.22-16.47.16:179][  0]LogConfig: Setting CVar [[r.MaterialQualityLevel:1 ; High quality]]
[2020.07.22-16.47.16:179][  0]LogConfig: Setting CVar [[r.SSS.Scale:1]]
[2020.07.22-16.47.16:179][  0]LogConfig: Setting CVar [[r.SSS.SampleSet:2]]
[2020.07.22-16.47.16:179][  0]LogConfig: Setting CVar [[r.SSS.Quality:1]]
[2020.07.22-16.47.16:179][  0]LogConfig: Setting CVar [[r.SSS.HalfRes:0]]
[2020.07.22-16.47.16:179][  0]LogConfig: Setting CVar [[r.SSGI.Quality:3]]
[2020.07.22-16.47.16:179][  0]LogConfig: Setting CVar [[r.EmitterSpawnRateScale:1.0]]
[2020.07.22-16.47.16:179][  0]LogConfig: Setting CVar [[r.ParticleLightQuality:2]]
[2020.07.22-16.47.16:179][  0]LogConfig: Setting CVar [[r.SkyAtmosphere.AerialPerspectiveLUT.FastApplyOnOpaque:1 ; Always have FastSkyLUT 1 in this case to avoid wrong sky]]
[2020.07.22-16.47.16:179][  0]LogConfig: Setting CVar [[r.SkyAtmosphere.AerialPerspectiveLUT.SampleCountPerSlice:1]]
[2020.07.22-16.47.16:179][  0]LogConfig: Setting CVar [[r.SkyAtmosphere.AerialPerspectiveLUT.DepthResolution:16.0]]
[2020.07.22-16.47.16:179][  0]LogConfig: Setting CVar [[r.SkyAtmosphere.FastSkyLUT:1]]
[2020.07.22-16.47.16:179][  0]LogConfig: Setting CVar [[r.SkyAtmosphere.FastSkyLUT.SampleCountMin:4.0]]
[2020.07.22-16.47.16:179][  0]LogConfig: Setting CVar [[r.SkyAtmosphere.FastSkyLUT.SampleCountMax:32.0]]
[2020.07.22-16.47.16:179][  0]LogConfig: Setting CVar [[r.SkyAtmosphere.SampleCountMin:4.0]]
[2020.07.22-16.47.16:179][  0]LogConfig: Setting CVar [[r.SkyAtmosphere.SampleCountMax:32.0]]
[2020.07.22-16.47.16:179][  0]LogConfig: Setting CVar [[r.SkyAtmosphere.TransmittanceLUT.UseSmallFormat:0]]
[2020.07.22-16.47.16:179][  0]LogConfig: Setting CVar [[r.SkyAtmosphere.TransmittanceLUT.SampleCount:10.0]]
[2020.07.22-16.47.16:179][  0]LogConfig: Setting CVar [[r.SkyAtmosphere.MultiScatteringLUT.SampleCount:15.0]]
[2020.07.22-16.47.16:179][  0]LogConfig: Applying CVar settings from Section [FoliageQuality@3] File [C:/Users/bsanchez76/Documents/GitHub/RMCAD_VRGallery/Saved/Config/Windows/Scalability.ini]
[2020.07.22-16.47.16:179][  0]LogConfig: Setting CVar [[foliage.DensityScale:1.0]]
[2020.07.22-16.47.16:179][  0]LogConfig: Setting CVar [[grass.DensityScale:1.0]]
[2020.07.22-16.47.16:179][  0]LogConfig: Applying CVar settings from Section [ShadingQuality@3] File [C:/Users/bsanchez76/Documents/GitHub/RMCAD_VRGallery/Saved/Config/Windows/Scalability.ini]
[2020.07.22-16.47.16:179][  0]LogConfig: Setting CVar [[r.HairStrands.SkyLighting.SampleCount:16]]
[2020.07.22-16.47.16:179][  0]LogConfig: Setting CVar [[r.HairStrands.SkyLighting.JitterIntegration:0]]
[2020.07.22-16.47.16:179][  0]LogConfig: Setting CVar [[r.HairStrands.SkyAO.SampleCount:16]]
[2020.07.22-16.47.16:179][  0]LogConfig: Setting CVar [[r.HairStrands.DeepShadow.SuperSampling:0]]
[2020.07.22-16.47.16:179][  0]LogConfig: Setting CVar [[r.HairStrands.VisibilityPPLL:0]]
[2020.07.22-16.47.16:179][  0]LogConfig: Setting CVar [[r.HairStrands.RasterizationScale:0.5]]
[2020.07.22-16.47.16:179][  0]LogConfig: Setting CVar [[r.HairStrands.VelocityRasterizationScale:1]]
[2020.07.22-16.47.16:179][  0]LogInit: Selected Device Profile: [Windows]
[2020.07.22-16.47.16:179][  0]LogInit: Applying CVar settings loaded from the selected device profile: [Windows]
[2020.07.22-16.47.16:179][  0]LogHAL: Display: Platform has ~ 16 GB [17078452224 / 17179869184 / 16], which maps to Larger [LargestMinGB=32, LargerMinGB=12, DefaultMinGB=8, SmallerMinGB=6, SmallestMinGB=0)
[2020.07.22-16.47.16:179][  0]LogInit: Going up to parent DeviceProfile []
[2020.07.22-16.47.16:179][  0]LogConfig: Applying CVar settings from Section [ViewDistanceQuality@3] File [C:/Users/bsanchez76/Documents/GitHub/RMCAD_VRGallery/Saved/Config/Windows/Scalability.ini]
[2020.07.22-16.47.16:179][  0]LogConfig: Setting CVar [[r.SkeletalMeshLODBias:0]]
[2020.07.22-16.47.16:179][  0]LogConfig: Setting CVar [[r.ViewDistanceScale:1.0]]
[2020.07.22-16.47.16:179][  0]LogConfig: Applying CVar settings from Section [AntiAliasingQuality@3] File [C:/Users/bsanchez76/Documents/GitHub/RMCAD_VRGallery/Saved/Config/Windows/Scalability.ini]
[2020.07.22-16.47.16:179][  0]LogConfig: Setting CVar [[r.PostProcessAAQuality:4]]
[2020.07.22-16.47.16:179][  0]LogConfig: Applying CVar settings from Section [ShadowQuality@3] File [C:/Users/bsanchez76/Documents/GitHub/RMCAD_VRGallery/Saved/Config/Windows/Scalability.ini]
[2020.07.22-16.47.16:179][  0]LogConfig: Setting CVar [[r.LightFunctionQuality:1]]
[2020.07.22-16.47.16:179][  0]LogConfig: Setting CVar [[r.ShadowQuality:5]]
[2020.07.22-16.47.16:179][  0]LogConfig: Setting CVar [[r.Shadow.CSM.MaxCascades:10]]
[2020.07.22-16.47.16:180][  0]LogConfig: Setting CVar [[r.Shadow.MaxResolution:2048]]
[2020.07.22-16.47.16:180][  0]LogConfig: Setting CVar [[r.Shadow.MaxCSMResolution:2048]]
[2020.07.22-16.47.16:180][  0]LogConfig: Setting CVar [[r.Shadow.RadiusThreshold:0.01]]
[2020.07.22-16.47.16:180][  0]LogConfig: Setting CVar [[r.Shadow.DistanceScale:1.0]]
[2020.07.22-16.47.16:180][  0]LogConfig: Setting CVar [[r.Shadow.CSM.TransitionScale:1.0]]
[2020.07.22-16.47.16:180][  0]LogConfig: Setting CVar [[r.Shadow.PreShadowResolutionFactor:1.0]]
[2020.07.22-16.47.16:180][  0]LogConfig: Setting CVar [[r.DistanceFieldShadowing:1]]
[2020.07.22-16.47.16:180][  0]LogConfig: Setting CVar [[r.DistanceFieldAO:1]]
[2020.07.22-16.47.16:180][  0]LogConfig: Setting CVar [[r.AOQuality:2]]
[2020.07.22-16.47.16:180][  0]LogConfig: Setting CVar [[r.VolumetricFog:1]]
[2020.07.22-16.47.16:180][  0]LogConfig: Setting CVar [[r.VolumetricFog.GridPixelSize:8]]
[2020.07.22-16.47.16:180][  0]LogConfig: Setting CVar [[r.VolumetricFog.GridSizeZ:128]]
[2020.07.22-16.47.16:180][  0]LogConfig: Setting CVar [[r.VolumetricFog.HistoryMissSupersampleCount:4]]
[2020.07.22-16.47.16:180][  0]LogConfig: Setting CVar [[r.LightMaxDrawDistanceScale:1]]
[2020.07.22-16.47.16:180][  0]LogConfig: Setting CVar [[r.CapsuleShadows:1]]
[2020.07.22-16.47.16:180][  0]LogConfig: Applying CVar settings from Section [PostProcessQuality@3] File [C:/Users/bsanchez76/Documents/GitHub/RMCAD_VRGallery/Saved/Config/Windows/Scalability.ini]
[2020.07.22-16.47.16:180][  0]LogConfig: Setting CVar [[r.MotionBlurQuality:4]]
[2020.07.22-16.47.16:180][  0]LogConfig: Setting CVar [[r.AmbientOcclusionMipLevelFactor:0.4]]
[2020.07.22-16.47.16:180][  0]LogConfig: Setting CVar [[r.AmbientOcclusionMaxQuality:100]]
[2020.07.22-16.47.16:180][  0]LogConfig: Setting CVar [[r.AmbientOcclusionLevels:-1]]
[2020.07.22-16.47.16:180][  0]LogConfig: Setting CVar [[r.AmbientOcclusionRadiusScale:1.0]]
[2020.07.22-16.47.16:180][  0]LogConfig: Setting CVar [[r.DepthOfFieldQuality:2]]
[2020.07.22-16.47.16:180][  0]LogConfig: Setting CVar [[r.RenderTargetPoolMin:400]]
[2020.07.22-16.47.16:180][  0]LogConfig: Setting CVar [[r.LensFlareQuality:2]]
[2020.07.22-16.47.16:180][  0]LogConfig: Setting CVar [[r.SceneColorFringeQuality:1]]
[2020.07.22-16.47.16:180][  0]LogConfig: Setting CVar [[r.EyeAdaptationQuality:2]]
[2020.07.22-16.47.16:180][  0]LogConfig: Setting CVar [[r.BloomQuality:5]]
[2020.07.22-16.47.16:180][  0]LogConfig: Setting CVar [[r.FastBlurThreshold:100]]
[2020.07.22-16.47.16:180][  0]LogConfig: Setting CVar [[r.Upscale.Quality:3]]
[2020.07.22-16.47.16:180][  0]LogConfig: Setting CVar [[r.Tonemapper.GrainQuantization:1]]
[2020.07.22-16.47.16:180][  0]LogConfig: Setting CVar [[r.LightShaftQuality:1]]
[2020.07.22-16.47.16:180][  0]LogConfig: Setting CVar [[r.Filter.SizeScale:1]]
[2020.07.22-16.47.16:180][  0]LogConfig: Setting CVar [[r.Tonemapper.Quality:5]]
[2020.07.22-16.47.16:180][  0]LogConfig: Setting CVar [[r.DOF.Gather.AccumulatorQuality:1        ; higher gathering accumulator quality]]
[2020.07.22-16.47.16:180][  0]LogConfig: Setting CVar [[r.DOF.Gather.PostfilterMethod:1          ; Median3x3 postfilering method]]
[2020.07.22-16.47.16:180][  0]LogConfig: Setting CVar [[r.DOF.Gather.EnableBokehSettings:0       ; no bokeh simulation when gathering]]
[2020.07.22-16.47.16:180][  0]LogConfig: Setting CVar [[r.DOF.Gather.RingCount:4                 ; medium number of samples when gathering]]
[2020.07.22-16.47.16:180][  0]LogConfig: Setting CVar [[r.DOF.Scatter.ForegroundCompositing:1    ; additive foreground scattering]]
[2020.07.22-16.47.16:180][  0]LogConfig: Setting CVar [[r.DOF.Scatter.BackgroundCompositing:2    ; additive background scattering]]
[2020.07.22-16.47.16:180][  0]LogConfig: Setting CVar [[r.DOF.Scatter.EnableBokehSettings:1      ; bokeh simulation when scattering]]
[2020.07.22-16.47.16:180][  0]LogConfig: Setting CVar [[r.DOF.Scatter.MaxSpriteRatio:0.1         ; only a maximum of 10% of scattered bokeh]]
[2020.07.22-16.47.16:180][  0]LogConfig: Setting CVar [[r.DOF.Recombine.Quality:1                ; cheap slight out of focus]]
[2020.07.22-16.47.16:180][  0]LogConfig: Setting CVar [[r.DOF.Recombine.EnableBokehSettings:0    ; no bokeh simulation on slight out of focus]]
[2020.07.22-16.47.16:180][  0]LogConfig: Setting CVar [[r.DOF.TemporalAAQuality:1                ; more stable temporal accumulation]]
[2020.07.22-16.47.16:180][  0]LogConfig: Setting CVar [[r.DOF.Kernel.MaxForegroundRadius:0.025]]
[2020.07.22-16.47.16:180][  0]LogConfig: Setting CVar [[r.DOF.Kernel.MaxBackgroundRadius:0.025]]
[2020.07.22-16.47.16:180][  0]LogConfig: Applying CVar settings from Section [TextureQuality@3] File [C:/Users/bsanchez76/Documents/GitHub/RMCAD_VRGallery/Saved/Config/Windows/Scalability.ini]
[2020.07.22-16.47.16:180][  0]LogConfig: Setting CVar [[r.Streaming.MipBias:0]]
[2020.07.22-16.47.16:180][  0]LogConfig: Setting CVar [[r.Streaming.AmortizeCPUToGPUCopy:0]]
[2020.07.22-16.47.16:180][  0]LogConfig: Setting CVar [[r.Streaming.MaxNumTexturesToStreamPerFrame:0]]
[2020.07.22-16.47.16:180][  0]LogConfig: Setting CVar [[r.Streaming.Boost:1]]
[2020.07.22-16.47.16:180][  0]LogConfig: Setting CVar [[r.MaxAnisotropy:8]]
[2020.07.22-16.47.16:180][  0]LogConfig: Setting CVar [[r.VT.MaxAnisotropy:8]]
[2020.07.22-16.47.16:180][  0]LogConfig: Setting CVar [[r.Streaming.LimitPoolSizeToVRAM:0]]
[2020.07.22-16.47.16:180][  0]LogConfig: Setting CVar [[r.Streaming.PoolSize:1000]]
[2020.07.22-16.47.16:180][  0]LogConfig: Setting CVar [[r.Streaming.MaxEffectiveScreenSize:0]]
[2020.07.22-16.47.16:180][  0]LogConfig: Applying CVar settings from Section [EffectsQuality@3] File [C:/Users/bsanchez76/Documents/GitHub/RMCAD_VRGallery/Saved/Config/Windows/Scalability.ini]
[2020.07.22-16.47.16:180][  0]LogConfig: Setting CVar [[r.TranslucencyLightingVolumeDim:64]]
[2020.07.22-16.47.16:180][  0]LogConfig: Setting CVar [[r.RefractionQuality:2]]
[2020.07.22-16.47.16:180][  0]LogConfig: Setting CVar [[r.SSR.Quality:3]]
[2020.07.22-16.47.16:180][  0]LogConfig: Setting CVar [[r.SSR.HalfResSceneColor:0]]
[2020.07.22-16.47.16:180][  0]LogConfig: Setting CVar [[r.SceneColorFormat:4]]
[2020.07.22-16.47.16:180][  0]LogConfig: Setting CVar [[r.DetailMode:2]]
[2020.07.22-16.47.16:180][  0]LogConfig: Setting CVar [[r.TranslucencyVolumeBlur:1]]
[2020.07.22-16.47.16:180][  0]LogConfig: Setting CVar [[r.MaterialQualityLevel:1 ; High quality]]
[2020.07.22-16.47.16:180][  0]LogConfig: Setting CVar [[r.SSS.Scale:1]]
[2020.07.22-16.47.16:180][  0]LogConfig: Setting CVar [[r.SSS.SampleSet:2]]
[2020.07.22-16.47.16:180][  0]LogConfig: Setting CVar [[r.SSS.Quality:1]]
[2020.07.22-16.47.16:180][  0]LogConfig: Setting CVar [[r.SSS.HalfRes:0]]
[2020.07.22-16.47.16:180][  0]LogConfig: Setting CVar [[r.SSGI.Quality:3]]
[2020.07.22-16.47.16:180][  0]LogConfig: Setting CVar [[r.EmitterSpawnRateScale:1.0]]
[2020.07.22-16.47.16:180][  0]LogConfig: Setting CVar [[r.ParticleLightQuality:2]]
[2020.07.22-16.47.16:180][  0]LogConfig: Setting CVar [[r.SkyAtmosphere.AerialPerspectiveLUT.FastApplyOnOpaque:1 ; Always have FastSkyLUT 1 in this case to avoid wrong sky]]
[2020.07.22-16.47.16:180][  0]LogConfig: Setting CVar [[r.SkyAtmosphere.AerialPerspectiveLUT.SampleCountPerSlice:1]]
[2020.07.22-16.47.16:180][  0]LogConfig: Setting CVar [[r.SkyAtmosphere.AerialPerspectiveLUT.DepthResolution:16.0]]
[2020.07.22-16.47.16:180][  0]LogConfig: Setting CVar [[r.SkyAtmosphere.FastSkyLUT:1]]
[2020.07.22-16.47.16:180][  0]LogConfig: Setting CVar [[r.SkyAtmosphere.FastSkyLUT.SampleCountMin:4.0]]
[2020.07.22-16.47.16:180][  0]LogConfig: Setting CVar [[r.SkyAtmosphere.FastSkyLUT.SampleCountMax:32.0]]
[2020.07.22-16.47.16:180][  0]LogConfig: Setting CVar [[r.SkyAtmosphere.SampleCountMin:4.0]]
[2020.07.22-16.47.16:180][  0]LogConfig: Setting CVar [[r.SkyAtmosphere.SampleCountMax:32.0]]
[2020.07.22-16.47.16:180][  0]LogConfig: Setting CVar [[r.SkyAtmosphere.TransmittanceLUT.UseSmallFormat:0]]
[2020.07.22-16.47.16:180][  0]LogConfig: Setting CVar [[r.SkyAtmosphere.TransmittanceLUT.SampleCount:10.0]]
[2020.07.22-16.47.16:180][  0]LogConfig: Setting CVar [[r.SkyAtmosphere.MultiScatteringLUT.SampleCount:15.0]]
[2020.07.22-16.47.16:180][  0]LogConfig: Applying CVar settings from Section [FoliageQuality@3] File [C:/Users/bsanchez76/Documents/GitHub/RMCAD_VRGallery/Saved/Config/Windows/Scalability.ini]
[2020.07.22-16.47.16:180][  0]LogConfig: Setting CVar [[foliage.DensityScale:1.0]]
[2020.07.22-16.47.16:180][  0]LogConfig: Setting CVar [[grass.DensityScale:1.0]]
[2020.07.22-16.47.16:180][  0]LogConfig: Applying CVar settings from Section [ShadingQuality@3] File [C:/Users/bsanchez76/Documents/GitHub/RMCAD_VRGallery/Saved/Config/Windows/Scalability.ini]
[2020.07.22-16.47.16:180][  0]LogConfig: Setting CVar [[r.HairStrands.SkyLighting.SampleCount:16]]
[2020.07.22-16.47.16:180][  0]LogConfig: Setting CVar [[r.HairStrands.SkyLighting.JitterIntegration:0]]
[2020.07.22-16.47.16:181][  0]LogConfig: Setting CVar [[r.HairStrands.SkyAO.SampleCount:16]]
[2020.07.22-16.47.16:181][  0]LogConfig: Setting CVar [[r.HairStrands.DeepShadow.SuperSampling:0]]
[2020.07.22-16.47.16:181][  0]LogConfig: Setting CVar [[r.HairStrands.VisibilityPPLL:0]]
[2020.07.22-16.47.16:181][  0]LogConfig: Setting CVar [[r.HairStrands.RasterizationScale:0.5]]
[2020.07.22-16.47.16:181][  0]LogConfig: Setting CVar [[r.HairStrands.VelocityRasterizationScale:1]]
[2020.07.22-16.47.16:181][  0]LogConfig: Applying CVar settings from Section [Startup] File [../../../Engine/Config/ConsoleVariables.ini]
[2020.07.22-16.47.16:181][  0]LogConfig: Setting CVar [[net.UseAdaptiveNetUpdateFrequency:0]]
[2020.07.22-16.47.16:181][  0]LogConfig: Setting CVar [[p.chaos.AllowCreatePhysxBodies:1]]
[2020.07.22-16.47.16:181][  0]LogConfig: Setting CVar [[fx.SkipVectorVMBackendOptimizations:1]]
[2020.07.22-16.47.16:181][  0]LogConfig: Applying CVar settings from Section [ConsoleVariables] File [C:/Users/bsanchez76/Documents/GitHub/RMCAD_VRGallery/Saved/Config/Windows/Engine.ini]
[2020.07.22-16.47.16:181][  0]LogInit: Computer: SARK
[2020.07.22-16.47.16:181][  0]LogInit: User: bsanchez76
[2020.07.22-16.47.16:181][  0]LogInit: CPU Page size=4096, Cores=4
[2020.07.22-16.47.16:181][  0]LogInit: High frequency timer resolution =10.000000 MHz
[2020.07.22-16.47.16:181][  0]LogMemory: Memory total: Physical=15.9GB (16GB approx)
[2020.07.22-16.47.16:181][  0]LogMemory: Platform Memory Stats for Windows
[2020.07.22-16.47.16:181][  0]LogMemory: Process Physical Memory: 115.47 MB used, 115.47 MB peak
[2020.07.22-16.47.16:181][  0]LogMemory: Process Virtual Memory: 104.73 MB used, 104.73 MB peak
[2020.07.22-16.47.16:181][  0]LogMemory: Physical Memory: 9112.90 MB used,  7174.38 MB free, 16287.28 MB total
[2020.07.22-16.47.16:181][  0]LogMemory: Virtual Memory: 5152.40 MB used,  134212576.00 MB free, 134217728.00 MB total
[2020.07.22-16.47.16:186][  0]LogWindows: WindowsPlatformFeatures enabled
[2020.07.22-16.47.16:217][  0]LogInit: Physics initialised using underlying interface: PhysX
[2020.07.22-16.47.16:218][  0]LogInit: Using OS detected language (en-US).
[2020.07.22-16.47.16:218][  0]LogInit: Using OS detected locale (en-US).
[2020.07.22-16.47.16:221][  0]LogTextLocalizationManager: No specific localization for 'en-US' exists, so the 'en' localization will be used.
[2020.07.22-16.47.16:387][  0]LogInit: Setting process to per monitor DPI aware
[2020.07.22-16.47.16:437][  0]LogSlate: New Slate User Created.  User Index 0, Is Virtual User: 0
[2020.07.22-16.47.16:437][  0]LogSlate: Slate User Registered.  User Index 0, Is Virtual User: 0
[2020.07.22-16.47.16:597][  0]LogHMD: Failed to initialize OpenVR with code 110
[2020.07.22-16.47.16:597][  0]LogD3D11RHI: D3D11 min allowed feature level: 11_0
[2020.07.22-16.47.16:597][  0]LogD3D11RHI: D3D11 max allowed feature level: 11_0
[2020.07.22-16.47.16:597][  0]LogD3D11RHI: D3D11 adapters:
[2020.07.22-16.47.16:670][  0]LogD3D11RHI:    0. 'NVIDIA GeForce GTX 1080' (Feature Level 11_0)
[2020.07.22-16.47.16:670][  0]LogD3D11RHI:       8079/0/8143 MB DedicatedVideo/DedicatedSystem/SharedSystem, Outputs:2, VendorId:0x10de
[2020.07.22-16.47.16:703][  0]LogD3D11RHI:    1. 'Intel(R) HD Graphics 630' (Feature Level 11_0)
[2020.07.22-16.47.16:703][  0]LogD3D11RHI:       128/0/8143 MB DedicatedVideo/DedicatedSystem/SharedSystem, Outputs:0, VendorId:0x8086
[2020.07.22-16.47.16:705][  0]LogD3D11RHI:    2. 'Microsoft Basic Render Driver' (Feature Level 11_0)
[2020.07.22-16.47.16:705][  0]LogD3D11RHI:       0/0/8143 MB DedicatedVideo/DedicatedSystem/SharedSystem, Outputs:0, VendorId:0x1414
[2020.07.22-16.47.16:705][  0]LogD3D11RHI: Chosen D3D11 Adapter: 0
[2020.07.22-16.47.16:716][  0]LogD3D11RHI: Creating new Direct3DDevice
[2020.07.22-16.47.16:716][  0]LogD3D11RHI:     GPU DeviceId: 0x1b80 (for the marketing name, search the web for "GPU Device Id")
[2020.07.22-16.47.16:716][  0]LogWindows: EnumDisplayDevices:
[2020.07.22-16.47.16:716][  0]LogWindows:    0. 'NVIDIA GeForce GTX 1080' (P:1 D:1)
[2020.07.22-16.47.16:716][  0]LogWindows:    1. 'NVIDIA GeForce GTX 1080' (P:0 D:1)
[2020.07.22-16.47.16:716][  0]LogWindows:    2. 'NVIDIA GeForce GTX 1080' (P:0 D:0)
[2020.07.22-16.47.16:717][  0]LogWindows:    3. 'NVIDIA GeForce GTX 1080' (P:0 D:0)
[2020.07.22-16.47.16:717][  0]LogWindows:    4. 'Intel(R) HD Graphics 630' (P:0 D:0)
[2020.07.22-16.47.16:717][  0]LogWindows:    5. 'Intel(R) HD Graphics 630' (P:0 D:0)
[2020.07.22-16.47.16:717][  0]LogWindows:    6. 'Intel(R) HD Graphics 630' (P:0 D:0)
[2020.07.22-16.47.16:718][  0]LogWindows: DebugString: PrimaryIsNotTheChoosenAdapter PrimaryIsNotTheChoosenAdapter PrimaryIsNotTheChoosenAdapter FoundDriverCount:4 
[2020.07.22-16.47.16:718][  0]LogD3D11RHI:     Adapter Name: NVIDIA GeForce GTX 1080
[2020.07.22-16.47.16:718][  0]LogD3D11RHI:   Driver Version: 446.14 (internal:26.21.14.4614, unified:446.14)
[2020.07.22-16.47.16:718][  0]LogD3D11RHI:      Driver Date: 5-15-2020
[2020.07.22-16.47.16:718][  0]LogRHI: Texture pool is 5655 MB (70% of 8079 MB)
[2020.07.22-16.47.16:764][  0]LogD3D11RHI: RHI has support for 64 bit atomics
[2020.07.22-16.47.16:766][  0]LogD3D11RHI: [Aftermath] Enabled and primed
[2020.07.22-16.47.16:766][  0]LogD3D11RHI: Async texture creation enabled
[2020.07.22-16.47.16:766][  0]LogD3D11RHI: Array index from any shader is supported
[2020.07.22-16.47.16:790][  0]LogD3D11RHI: GPU Timing Frequency: 1000.000000 (Debug: 2 1)
[2020.07.22-16.47.17:078][  0]LogTargetPlatformManager: Display: Loaded TargetPlatform 'AllDesktop'
[2020.07.22-16.47.17:097][  0]LogTargetPlatformManager: Display: Loaded TargetPlatform 'Android'
[2020.07.22-16.47.17:097][  0]LogTargetPlatformManager: Display: Loaded TargetPlatform 'Android_ASTC'
[2020.07.22-16.47.17:097][  0]LogTargetPlatformManager: Display: Loaded TargetPlatform 'Android_DXT'
[2020.07.22-16.47.17:097][  0]LogTargetPlatformManager: Display: Loaded TargetPlatform 'Android_ETC2'
[2020.07.22-16.47.17:097][  0]LogTargetPlatformManager: Display: Loaded TargetPlatform 'AndroidClient'
[2020.07.22-16.47.17:097][  0]LogTargetPlatformManager: Display: Loaded TargetPlatform 'Android_ASTCClient'
[2020.07.22-16.47.17:097][  0]LogTargetPlatformManager: Display: Loaded TargetPlatform 'Android_DXTClient'
[2020.07.22-16.47.17:097][  0]LogTargetPlatformManager: Display: Loaded TargetPlatform 'Android_ETC2Client'
[2020.07.22-16.47.17:097][  0]LogTargetPlatformManager: Display: Loaded TargetPlatform 'Android_Multi'
[2020.07.22-16.47.17:097][  0]LogTargetPlatformManager: Display: Loaded TargetPlatform 'Android_MultiClient'
[2020.07.22-16.47.17:120][  0]LogTargetPlatformManager: Display: Loaded TargetPlatform 'IOSClient'
[2020.07.22-16.47.17:120][  0]LogTargetPlatformManager: Display: Loaded TargetPlatform 'IOS'
[2020.07.22-16.47.17:130][  0]LogTargetPlatformManager: Display: Loaded TargetPlatform 'Linux'
[2020.07.22-16.47.17:138][  0]LogTargetPlatformManager: Display: Loaded TargetPlatform 'LinuxNoEditor'
[2020.07.22-16.47.17:147][  0]LogTargetPlatformManager: Display: Loaded TargetPlatform 'LinuxClient'
[2020.07.22-16.47.17:155][  0]LogTargetPlatformManager: Display: Loaded TargetPlatform 'LinuxServer'
[2020.07.22-16.47.17:165][  0]LogTargetPlatformManager: Display: Loaded TargetPlatform 'LinuxAArch64NoEditor'
[2020.07.22-16.47.17:173][  0]LogTargetPlatformManager: Display: Loaded TargetPlatform 'LinuxAArch64Client'
[2020.07.22-16.47.17:184][  0]LogTargetPlatformManager: Display: Loaded TargetPlatform 'LinuxAArch64Server'
[2020.07.22-16.47.17:212][  0]LogTargetPlatformManager: Display: Loaded TargetPlatform 'Lumin'
[2020.07.22-16.47.17:212][  0]LogTargetPlatformManager: Display: Loaded TargetPlatform 'LuminClient'
[2020.07.22-16.47.17:227][  0]LogTargetPlatformManager: Display: Loaded TargetPlatform 'TVOSClient'
[2020.07.22-16.47.17:227][  0]LogTargetPlatformManager: Display: Loaded TargetPlatform 'TVOS'
[2020.07.22-16.47.17:235][  0]LogTargetPlatformManager: Display: Loaded TargetPlatform 'WindowsNoEditor'
[2020.07.22-16.47.17:244][  0]LogTargetPlatformManager: Display: Loaded TargetPlatform 'Windows'
[2020.07.22-16.47.17:252][  0]LogTargetPlatformManager: Display: Loaded TargetPlatform 'WindowsClient'
[2020.07.22-16.47.17:262][  0]LogTargetPlatformManager: Display: Loaded TargetPlatform 'WindowsServer'
[2020.07.22-16.47.17:262][  0]LogTargetPlatformManager: Display: Building Assets For Windows
[2020.07.22-16.47.17:268][  0]LogAudioDebug: Display: Lib vorbis DLL was dynamically loaded.
[2020.07.22-16.47.17:327][  0]LogShaderCompilers: Guid format shader working directory is -16 characters bigger than the processId version (../../../../../../Users/bsanchez76/Documents/GitHub/RMCAD_VRGallery/Intermediate/Shaders/WorkingDirectory/9988/).
[2020.07.22-16.47.17:327][  0]LogShaderCompilers: Cleaned the shader compiler working directory 'C:/Users/bsanchez76/AppData/Local/Temp/UnrealShaderWorkingDir/E03CE0864AAC233251BDCC9B7B11A5FD/'.
[2020.07.22-16.47.17:327][  0]LogXGEController: Cannot use XGE Controller as Incredibuild is not installed on this machine.
[2020.07.22-16.47.17:327][  0]LogShaderCompilers: Cannot use XGE Shader Compiler as Incredibuild is not installed on this machine.
[2020.07.22-16.47.17:328][  0]LogShaderCompilers: Display: Using Local Shader Compiler.
[2020.07.22-16.47.18:520][  0]LogDerivedDataCache: Display: Max Cache Size: 512 MB
[2020.07.22-16.47.18:571][  0]LogDerivedDataCache: Loaded boot cache 0.05s 75MB C:/Users/bsanchez76/AppData/Local/UnrealEngine/4.25/DerivedDataCache/Boot.ddc.
[2020.07.22-16.47.18:571][  0]LogDerivedDataCache: Display: Loaded Boot cache: C:/Users/bsanchez76/AppData/Local/UnrealEngine/4.25/DerivedDataCache/Boot.ddc
[2020.07.22-16.47.18:571][  0]LogDerivedDataCache: FDerivedDataBackendGraph:  Pak pak cache file ../../../../../../Users/bsanchez76/Documents/GitHub/RMCAD_VRGallery/DerivedDataCache/DDC.ddp not found, will not use a pak cache.
[2020.07.22-16.47.18:571][  0]LogDerivedDataCache: Unable to find inner node Pak for hierarchical cache Hierarchy.
[2020.07.22-16.47.18:571][  0]LogDerivedDataCache: FDerivedDataBackendGraph:  CompressedPak pak cache file ../../../../../../Users/bsanchez76/Documents/GitHub/RMCAD_VRGallery/DerivedDataCache/Compressed.ddp not found, will not use a pak cache.
[2020.07.22-16.47.18:571][  0]LogDerivedDataCache: Unable to find inner node CompressedPak for hierarchical cache Hierarchy.
[2020.07.22-16.47.18:581][  0]LogDerivedDataCache: Display: Pak cache opened for reading ../../../Engine/DerivedDataCache/Compressed.ddp.
[2020.07.22-16.47.18:581][  0]LogDerivedDataCache: FDerivedDataBackendGraph:  EnterprisePak pak cache file ../../../Enterprise/DerivedDataCache/Compressed.ddp not found, will not use a pak cache.
[2020.07.22-16.47.18:581][  0]LogDerivedDataCache: Unable to find inner node EnterprisePak for hierarchical cache Hierarchy.
[2020.07.22-16.47.18:582][  0]LogDerivedDataCache: Using Local data cache path C:/Users/bsanchez76/AppData/Local/UnrealEngine/Common/DerivedDataCache: Writable
[2020.07.22-16.47.18:582][  0]LogDerivedDataCache: Shared data cache path not found in *engine.ini, will not use an Shared cache.
[2020.07.22-16.47.18:582][  0]LogDerivedDataCache: Unable to find inner node Shared for hierarchical cache Hierarchy.
[2020.07.22-16.47.18:629][  0]LogSlate: Using FreeType 2.10.0
[2020.07.22-16.47.18:630][  0]LogSlate: SlateFontServices - WITH_FREETYPE: 1, WITH_HARFBUZZ: 1
[2020.07.22-16.47.18:655][  0]LogAssetRegistry: FAssetRegistry took 0.0022 seconds to start up
[2020.07.22-16.47.18:869][  0]LogInit: Selected Device Profile: [Windows]
[2020.07.22-16.47.18:976][  0]LogMeshReduction: Using QuadricMeshReduction for automatic static mesh reduction
[2020.07.22-16.47.18:976][  0]LogMeshReduction: Using SimplygonMeshReduction for automatic skeletal mesh reduction
[2020.07.22-16.47.18:976][  0]LogMeshReduction: Using ProxyLODMeshReduction for automatic mesh merging
[2020.07.22-16.47.18:976][  0]LogMeshReduction: No distributed automatic mesh merging module available
[2020.07.22-16.47.18:977][  0]LogMeshMerging: No distributed automatic mesh merging module available
[2020.07.22-16.47.18:995][  0]LogNetVersion: RMCAD_VRGallery 1.0.0, NetCL: 13144385, EngineNetVer: 14, GameNetVer: 0 (Checksum: 2367786830)
[2020.07.22-16.47.19:413][  0]LogAISub: UAISubsystem::UAISubsystem AISubsystem (00000225209A5340), frame # 0
[2020.07.22-16.47.19:413][  0]LogAISub: UAISubsystem::UAISubsystem AIPerceptionSystem (00000225208F2AC0), frame # 0
[2020.07.22-16.47.19:414][  0]LogAISub: UAISubsystem::UAISubsystem EnvQueryManager (0000022520939E00), frame # 0
[2020.07.22-16.47.19:474][  0]LogPackageLocalizationCache: Processed 19 localized package path(s) for 1 prioritized culture(s) in 0.053853 seconds
[2020.07.22-16.47.19:479][  0]LogUObjectArray: 15917 objects as part of root set at end of initial load.
[2020.07.22-16.47.19:479][  0]LogUObjectAllocator: 3965568 out of 0 bytes used by permanent object pool.
[2020.07.22-16.47.19:479][  0]LogUObjectArray: CloseDisregardForGC: 0/0 objects in disregard for GC pool
[2020.07.22-16.47.19:799][  0]LogTcpMessaging: Initializing TcpMessaging bridge
[2020.07.22-16.47.19:803][  0]LogUdpMessaging: Initializing bridge on interface 0.0.0.0:0 to multicast group 230.0.0.1:6666.
[2020.07.22-16.47.19:877][  0]SourceControl: Source control is disabled
[2020.07.22-16.47.19:877][  0]SourceControl: Source control is disabled
[2020.07.22-16.47.19:880][  0]SourceControl: Source control is disabled
[2020.07.22-16.47.19:884][  0]SourceControl: Source control is disabled
[2020.07.22-16.47.19:890][  0]SourceControl: Source control is disabled
[2020.07.22-16.47.20:102][  0]LogAndroidPermission: UAndroidPermissionCallbackProxy::GetInstance
[2020.07.22-16.47.20:119][  0]LogAudioCaptureCore: Display: No Audio Capture implementations found. Audio input will be silent.
[2020.07.22-16.47.20:119][  0]LogAudioCaptureCore: Display: No Audio Capture implementations found. Audio input will be silent.
[2020.07.22-16.47.20:163][  0]LogOcInput: OculusInput pre-init called
[2020.07.22-16.47.20:173][  0]LogWindows: Failed to load 'OVRPlugin.dll' (GetLastError=126)
[2020.07.22-16.47.20:173][  0]LogWindows: File 'OVRPlugin.dll' does not exist
[2020.07.22-16.47.20:232][  0]LogEngine: Initializing Engine...
[2020.07.22-16.47.20:233][  0]LogHMD: Failed to initialize OpenVR with code 110
[2020.07.22-16.47.20:233][  0]LogMagicLeap: Warning: VR disabled because ZI is not enabled.  To enable, in the editor, Edit -> Project Settings -> Plugins -> Magic Leap Plugin -> Enable Zero Iteration
[2020.07.22-16.47.20:234][  0]LogStats: UGameplayTagsManager::InitializeManager -  0.000 s
[2020.07.22-16.47.20:340][  0]LogInit: Initializing FReadOnlyCVARCache
[2020.07.22-16.47.20:347][  0]LogAIModule: Creating AISystem for world Untitled
[2020.07.22-16.47.20:347][  0]LogAISub: UAISubsystem::UAISubsystem EnvQueryManager (0000022524CB3C00), frame # 0
[2020.07.22-16.47.20:347][  0]LogAISub: UAISubsystem::UAISubsystem AIPerceptionSystem (0000022524D611C0), frame # 0
[2020.07.22-16.47.20:363][  0]LogAudioMixer: Display: Audio Mixer Platform Settings:
[2020.07.22-16.47.20:364][  0]LogAudioMixer: Display: 	Sample Rate:						  48000
[2020.07.22-16.47.20:364][  0]LogAudioMixer: Display: 	Callback Buffer Frame Size Requested: 1024
[2020.07.22-16.47.20:364][  0]LogAudioMixer: Display: 	Callback Buffer Frame Size To Use:	  1024
[2020.07.22-16.47.20:364][  0]LogAudioMixer: Display: 	Number of buffers to queue:			  2
[2020.07.22-16.47.20:364][  0]LogAudioMixer: Display: 	Max Channels (voices):				  32
[2020.07.22-16.47.20:364][  0]LogAudioMixer: Display: 	Number of Async Source Workers:		  0
[2020.07.22-16.47.20:364][  0]LogAudio: Display: AudioDevice MaxSources: 32
[2020.07.22-16.47.20:364][  0]LogAudio: Display: Using built-in audio occlusion.
[2020.07.22-16.47.20:364][  0]LogAudioMixer: Display: Initializing audio mixer.
[2020.07.22-16.47.20:380][  0]LogAudioMixer: Display: 0: FrontLeft
[2020.07.22-16.47.20:380][  0]LogAudioMixer: Display: 1: FrontRight
[2020.07.22-16.47.20:431][  0]LogAudioMixer: Display: Using Audio Device Speakers / Headphones (Realtek Audio)
[2020.07.22-16.47.20:434][  0]LogAudioMixer: Display: Initializing Sound Submixes...
[2020.07.22-16.47.20:436][  0]LogAudioMixer: Display: Creating Master Submix 'MasterSubmixDefault'
[2020.07.22-16.47.20:436][  0]LogAudioMixer: Display: Creating Master Submix 'MasterReverbSubmixDefault'
[2020.07.22-16.47.20:437][  0]LogAudioMixer: Display: Creating Master Submix 'MasterEQSubmixDefault'
[2020.07.22-16.47.20:438][  0]LogInit: FAudioDevice initialized.
[2020.07.22-16.47.20:438][  0]LogNetVersion: Set ProjectVersion to 1.0.0.0. Version Checksum will be recalculated on next use.
[2020.07.22-16.47.20:867][  0]LogDerivedDataCache: Saved boot cache 0.43s 75MB C:/Users/bsanchez76/AppData/Local/UnrealEngine/4.25/DerivedDataCache/Boot.ddc.
[2020.07.22-16.47.20:875][  0]LogInit: Texture streaming: Enabled
[2020.07.22-16.47.20:889][  0]LogEngineSessionManager: EngineSessionManager initialized
[2020.07.22-16.47.20:889][  0]LogEditorSessionSummary: Verbose: Initializing EditorSessionSummaryWriter for editor session tracking
[2020.07.22-16.47.20:890][  0]LogEditorSessionSummary: EditorSessionSummaryWriter initialized
[2020.07.22-16.47.20:959][  0]LogInit: Transaction tracking system initialized
[2020.07.22-16.47.20:980][  0]BlueprintLog: New page: Editor Load
[2020.07.22-16.47.21:043][  0]LocalizationService: Localization service is disabled
[2020.07.22-16.47.21:207][  0]LogCook: Display: Max memory allowance for cook 16384mb min free memory 0mb
[2020.07.22-16.47.21:207][  0]LogCook: Display: Mobile HDR setting 1
[2020.07.22-16.47.21:215][  0]LogFileCache: Scanning file cache for directory 'C:/Users/bsanchez76/Documents/GitHub/RMCAD_VRGallery/Content/' took 0.01s
[2020.07.22-16.47.21:526][  0]SourceControl: Source control is disabled
[2020.07.22-16.47.21:526][  0]LogUnrealEdMisc: Loading editor; pre map load, took 8.351
[2020.07.22-16.47.21:527][  0]Cmd: MAP LOAD FILE="../../../../../../Users/bsanchez76/Documents/GitHub/RMCAD_VRGallery/Content/VR_Gallery/MainMenu_Level.umap" TEMPLATE=0 SHOWPROGRESS=1 FEATURELEVEL=3
[2020.07.22-16.47.21:527][  0]LightingResults: New page: Lighting Build
[2020.07.22-16.47.21:527][  0]LogWorld: UWorld::CleanupWorld for Untitled, bSessionEnded=true, bCleanupResources=true
[2020.07.22-16.47.21:527][  0]LogSlate: InvalidateAllWidgets triggered.  All widgets were invalidated
[2020.07.22-16.47.21:528][  0]MapCheck: New page: Map Check
[2020.07.22-16.47.21:528][  0]LightingResults: New page: Lighting Build
[2020.07.22-16.47.21:536][  0]LogAISub: UAISubsystem::~UAISubsystem EnvQueryManager (0000022524CB3C00), frame # 0
[2020.07.22-16.47.21:536][  0]LogAISub: UAISubsystem::~UAISubsystem AIPerceptionSystem (0000022524D611C0), frame # 0
[2020.07.22-16.47.21:536][  0]LogUObjectHash: Compacting FUObjectHashTables data took   0.57ms
[2020.07.22-16.47.21:547][  0]LogAIModule: Creating AISystem for world MainMenu_Level
[2020.07.22-16.47.21:547][  0]LogAISub: UAISubsystem::UAISubsystem EnvQueryManager (0000022525934C00), frame # 0
[2020.07.22-16.47.21:547][  0]LogAISub: UAISubsystem::UAISubsystem AIPerceptionSystem (0000022525745D00), frame # 0
[2020.07.22-16.47.21:547][  0]LogEditorServer: Finished looking for orphan Actors (0.000 secs)
[2020.07.22-16.47.21:555][  0]LogUObjectHash: Compacting FUObjectHashTables data took   0.58ms
[2020.07.22-16.47.21:555][  0]Cmd: MAP CHECKDEP NOCLEARLOG
[2020.07.22-16.47.21:556][  0]MapCheck: Map check complete: 0 Error(s), 0 Warning(s), took 0.16ms to complete.
[2020.07.22-16.47.21:556][  0]LogFileHelpers: Loading map 'MainMenu_Level' took 0.029
[2020.07.22-16.47.21:557][  0]LogUnrealEdMisc: Total Editor Startup Time, took 8.382
[2020.07.22-16.47.21:716][  0]LogSlate: Updating window title bar state: overlay mode, drag disabled, window buttons hidden, title bar hidden
[2020.07.22-16.47.21:722][  0]LogSlate: Updating window title bar state: overlay mode, drag disabled, window buttons hidden, title bar hidden
[2020.07.22-16.47.21:729][  0]LogSlate: Updating window title bar state: overlay mode, drag disabled, window buttons hidden, title bar hidden
[2020.07.22-16.47.21:735][  0]LogSlate: Updating window title bar state: overlay mode, drag disabled, window buttons hidden, title bar hidden
[2020.07.22-16.47.21:741][  0]LogCollectionManager: Loaded 0 collections in 0.001626 seconds
[2020.07.22-16.47.21:753][  0]LogFileCache: Scanning file cache for directory 'C:/Users/bsanchez76/Documents/GitHub/RMCAD_VRGallery/Saved/Collections/' took 0.00s
[2020.07.22-16.47.21:753][  0]LogFileCache: Scanning file cache for directory 'C:/Users/bsanchez76/Documents/GitHub/RMCAD_VRGallery/Content/Developers/bsanchez76/Collections/' took 0.00s
[2020.07.22-16.47.21:753][  0]LogFileCache: Scanning file cache for directory 'C:/Users/bsanchez76/Documents/GitHub/RMCAD_VRGallery/Content/Collections/' took 0.00s
[2020.07.22-16.47.21:753][  0]LogContentBrowser: Native class hierarchy populated in 0.0076 seconds. Added 3427 classes and 821 folders.
[2020.07.22-16.47.21:755][  0]LogContentBrowser: Native class hierarchy updated for 'WidgetCarousel' in 0.0002 seconds. Added 0 classes and 0 folders.
[2020.07.22-16.47.21:806][  0]LogContentBrowser: Native class hierarchy updated for 'AddContentDialog' in 0.0002 seconds. Added 0 classes and 0 folders.
[2020.07.22-16.47.21:808][  0]LogContentBrowser: Native class hierarchy updated for 'SceneOutliner' in 0.0003 seconds. Added 2 classes and 0 folders.
[2020.07.22-16.47.21:835][  0]LogContentBrowser: Native class hierarchy updated for 'HierarchicalLODOutliner' in 0.0003 seconds. Added 0 classes and 0 folders.
[2020.07.22-16.47.21:835][  0]LogLoad: (Engine Initialization) Total time: 8.66 seconds
[2020.07.22-16.47.21:835][  0]LogLoad: (Engine Initialization) Total Blueprint compile time: 0.00 seconds
[2020.07.22-16.47.21:871][  0]LogAssetRegistry: Asset discovery search completed in 3.2179 seconds
[2020.07.22-16.47.21:875][  0]LogCollectionManager: Fixed up redirectors for 0 collections in 0.000003 seconds (updated 0 objects)
[2020.07.22-16.47.21:876][  0]LogContentStreaming: Texture pool size now 1000 MB
[2020.07.22-16.47.21:881][  0]LogSlate: Took 0.000116 seconds to synchronously load lazily loaded font '../../../Engine/Content/Slate/Fonts/Roboto-Regular.ttf' (155K)
[2020.07.22-16.47.21:883][  0]LogSlate: Took 0.000111 seconds to synchronously load lazily loaded font '../../../Engine/Content/Slate/Fonts/Roboto-Bold.ttf' (160K)
[2020.07.22-16.47.21:886][  0]LogSlate: Took 0.000097 seconds to synchronously load lazily loaded font '../../../Engine/Content/Editor/Slate/Fonts/FontAwesome.ttf' (139K)
[2020.07.22-16.47.22:211][  1]LogRenderer: Reallocating scene render targets to support 1604x740 Format 10 NumSamples 1 (Frame:1).
[2020.07.22-16.48.59:679][631]LogSlate: Took 0.000146 seconds to synchronously load lazily loaded font '../../../Engine/Content/Slate/Fonts/Roboto-Light.ttf' (167K)
[2020.07.22-16.49.01:253][631]LogStaticMesh: Building static mesh SM_Murica09...
[2020.07.22-16.49.01:255][631]LogStaticMesh: Built static mesh [0.00s] /Game/VR_Gallery/Meshes/SM_Murica09.SM_Murica09
[2020.07.22-16.49.01:257][631]LogStaticMesh: Building static mesh SM_Murica08...
[2020.07.22-16.49.01:259][631]LogStaticMesh: Built static mesh [0.00s] /Game/VR_Gallery/Meshes/SM_Murica08.SM_Murica08
[2020.07.22-16.49.01:260][631]LogStaticMesh: Building static mesh SM_Murica07...
[2020.07.22-16.49.01:262][631]LogStaticMesh: Built static mesh [0.00s] /Game/VR_Gallery/Meshes/SM_Murica07.SM_Murica07
[2020.07.22-16.49.01:269][631]LogStaticMesh: Building static mesh SM_PersonalJesus...
[2020.07.22-16.49.01:274][631]LogStaticMesh: Built static mesh [0.00s] /Game/VR_Gallery/Meshes/SM_PersonalJesus.SM_PersonalJesus
[2020.07.22-16.49.01:274][631]LogStaticMesh: Building static mesh SM_Murica06...
[2020.07.22-16.49.01:277][631]LogStaticMesh: Built static mesh [0.00s] /Game/VR_Gallery/Meshes/SM_Murica06.SM_Murica06
[2020.07.22-16.49.01:277][631]LogStaticMesh: Building static mesh SM_Murica05...
[2020.07.22-16.49.01:280][631]LogStaticMesh: Built static mesh [0.00s] /Game/VR_Gallery/Meshes/SM_Murica05.SM_Murica05
[2020.07.22-16.49.01:281][631]LogStaticMesh: Building static mesh SM_Murica04...
[2020.07.22-16.49.01:283][631]LogStaticMesh: Built static mesh [0.00s] /Game/VR_Gallery/Meshes/SM_Murica04.SM_Murica04
[2020.07.22-16.49.01:287][631]LogStaticMesh: Building static mesh SM_Murica03...
[2020.07.22-16.49.01:290][631]LogStaticMesh: Built static mesh [0.00s] /Game/VR_Gallery/Meshes/SM_Murica03.SM_Murica03
[2020.07.22-16.49.01:293][631]LogStaticMesh: Building static mesh SM_Murica02...
[2020.07.22-16.49.01:296][631]LogStaticMesh: Built static mesh [0.00s] /Game/VR_Gallery/Meshes/SM_Murica02.SM_Murica02
[2020.07.22-16.49.01:300][631]LogStaticMesh: Building static mesh SM_Murica01...
[2020.07.22-16.49.01:302][631]LogStaticMesh: Built static mesh [0.00s] /Game/VR_Gallery/Meshes/SM_Murica01.SM_Murica01
[2020.07.22-16.49.01:308][631]LogStaticMesh: Building static mesh SM_FXFloorLight...
[2020.07.22-16.49.01:311][631]LogStaticMesh: Built static mesh [0.00s] /Game/VR_Gallery/Meshes/SM_FXFloorLight.SM_FXFloorLight
[2020.07.22-16.49.01:319][631]LogStaticMesh: Building static mesh SM_DigitalExistence...
[2020.07.22-16.49.01:325][631]LogStaticMesh: Built static mesh [0.01s] /Game/VR_Gallery/Meshes/SM_DigitalExistence.SM_DigitalExistence
[2020.07.22-16.49.01:326][631]LogStaticMesh: Building static mesh SM_CardioLineFlat...
[2020.07.22-16.49.01:326][631]LogStaticMesh: Built static mesh [0.00s] /Game/VR_Gallery/Meshes/SM_CardioLineFlat.SM_CardioLineFlat
[2020.07.22-16.49.01:330][631]LogStaticMesh: Building static mesh SM_CardioLine...
[2020.07.22-16.49.01:339][631]LogStaticMesh: Built static mesh [0.01s] /Game/VR_Gallery/Meshes/SM_CardioLine.SM_CardioLine
[2020.07.22-16.49.01:342][631]LogStaticMesh: Building static mesh SM_6ftLine...
[2020.07.22-16.49.01:342][631]LogStaticMesh: Built static mesh [0.00s] /Game/VR_Gallery/Meshes/SM_6ftLine.SM_6ftLine
[2020.07.22-16.49.01:343][631]LogStaticMesh: Building static mesh SM_6FootSquare...
[2020.07.22-16.49.01:344][631]LogStaticMesh: Built static mesh [0.00s] /Game/VR_Gallery/Meshes/SM_6FootSquare.SM_6FootSquare
[2020.07.22-16.49.01:410][631]LogAssetEditorSubsystem: Opening Asset editor for World /Game/VR_Gallery/VR_Gallery.VR_Gallery
[2020.07.22-16.49.01:421][631]LogUObjectHash: Compacting FUObjectHashTables data took   1.20ms
[2020.07.22-16.49.01:423][631]Cmd: MAP LOAD FILE="../../../../../../Users/bsanchez76/Documents/GitHub/RMCAD_VRGallery/Content/VR_Gallery/VR_Gallery.umap" TEMPLATE=0 SHOWPROGRESS=1 FEATURELEVEL=3
[2020.07.22-16.49.01:423][631]LightingResults: New page: Lighting Build
[2020.07.22-16.49.01:423][631]LoadErrors: New page: Loading map: VR_Gallery.umap
[2020.07.22-16.49.01:461][631]LogWorld: UWorld::CleanupWorld for MainMenu_Level, bSessionEnded=true, bCleanupResources=true
[2020.07.22-16.49.01:461][631]LogSlate: InvalidateAllWidgets triggered.  All widgets were invalidated
[2020.07.22-16.49.01:461][631]MapCheck: New page: Map Check
[2020.07.22-16.49.01:461][631]LightingResults: New page: Lighting Build
[2020.07.22-16.49.01:484][631]LogAISub: UAISubsystem::~UAISubsystem EnvQueryManager (0000022525934C00), frame # 11631
[2020.07.22-16.49.01:484][631]LogAISub: UAISubsystem::~UAISubsystem AIPerceptionSystem (0000022525745D00), frame # 11631
[2020.07.22-16.49.01:485][631]LogUObjectHash: Compacting FUObjectHashTables data took   1.41ms
[2020.07.22-16.49.01:497][631]LogEditorServer: Finished looking for orphan Actors (0.000 secs)
[2020.07.22-16.49.01:498][631]LogAIModule: Creating AISystem for world VR_Gallery
[2020.07.22-16.49.01:498][631]LogAISub: UAISubsystem::UAISubsystem EnvQueryManager (000002250EA41C00), frame # 11631
[2020.07.22-16.49.01:498][631]LogAISub: UAISubsystem::UAISubsystem AIPerceptionSystem (00000225253FCA40), frame # 11631
[2020.07.22-16.49.01:511][631]LogUObjectHash: Compacting FUObjectHashTables data took   0.64ms
[2020.07.22-16.49.01:541][631]Cmd: MAP CHECKDEP NOCLEARLOG
[2020.07.22-16.49.01:542][631]MapCheck: Map check complete: 0 Error(s), 0 Warning(s), took 0.125ms to complete.
[2020.07.22-16.49.01:542][631]LogFileHelpers: Loading map 'VR_Gallery' took 0.119
[2020.07.22-16.49.03:761][859]LogAssetEditorSubsystem: Opening Asset editor for World /Game/VR_Gallery/MainMenu_Level.MainMenu_Level
[2020.07.22-16.49.03:768][859]LogUObjectHash: Compacting FUObjectHashTables data took   0.61ms
[2020.07.22-16.49.03:769][859]Cmd: MAP LOAD FILE="../../../../../../Users/bsanchez76/Documents/GitHub/RMCAD_VRGallery/Content/VR_Gallery/MainMenu_Level.umap" TEMPLATE=0 SHOWPROGRESS=1 FEATURELEVEL=3
[2020.07.22-16.49.03:769][859]LightingResults: New page: Lighting Build
[2020.07.22-16.49.03:769][859]LoadErrors: New page: Loading map: MainMenu_Level.umap
[2020.07.22-16.49.03:770][859]LogWorld: UWorld::CleanupWorld for VR_Gallery, bSessionEnded=true, bCleanupResources=true
[2020.07.22-16.49.03:770][859]LogSlate: InvalidateAllWidgets triggered.  All widgets were invalidated
[2020.07.22-16.49.03:770][859]MapCheck: New page: Map Check
[2020.07.22-16.49.03:770][859]LightingResults: New page: Lighting Build
[2020.07.22-16.49.03:778][859]LogAISub: UAISubsystem::~UAISubsystem AIPerceptionSystem (00000225253FCA40), frame # 11859
[2020.07.22-16.49.03:778][859]LogAISub: UAISubsystem::~UAISubsystem EnvQueryManager (000002250EA41C00), frame # 11859
[2020.07.22-16.49.03:779][859]LogUObjectHash: Compacting FUObjectHashTables data took   0.52ms
[2020.07.22-16.49.03:780][859]LogEditorServer: Finished looking for orphan Actors (0.000 secs)
[2020.07.22-16.49.03:780][859]LogAIModule: Creating AISystem for world MainMenu_Level
[2020.07.22-16.49.03:781][859]LogAISub: UAISubsystem::UAISubsystem EnvQueryManager (000002253A5B2A00), frame # 11859
[2020.07.22-16.49.03:781][859]LogAISub: UAISubsystem::UAISubsystem AIPerceptionSystem (000002253A037380), frame # 11859
[2020.07.22-16.49.03:789][859]LogUObjectHash: Compacting FUObjectHashTables data took   0.44ms
[2020.07.22-16.49.03:819][859]Cmd: MAP CHECKDEP NOCLEARLOG
[2020.07.22-16.49.03:819][859]MapCheck: Map check complete: 0 Error(s), 0 Warning(s), took 0.114ms to complete.
[2020.07.22-16.49.03:819][859]LogFileHelpers: Loading map 'MainMenu_Level' took 0.050
[2020.07.22-16.49.10:041][599]LogTemp: Repeating last play command: Selected Viewport
[2020.07.22-16.49.10:057][599]LogPlayLevel: PlayLevel: No blueprints needed recompiling
[2020.07.22-16.49.10:058][599]PIE: New page: PIE session: MainMenu_Level (Jul 22, 2020, 4:49:10 AM)
[2020.07.22-16.49.10:059][599]LogOnline: OSS: Creating online subsystem instance for: NULL
[2020.07.22-16.49.10:060][599]LogOnline: OSS: TryLoadSubsystemAndSetDefault: Loaded subsystem for module [NULL]
[2020.07.22-16.49.10:060][599]LogPlayLevel: Creating play world package: /Game/VR_Gallery/UEDPIE_0_MainMenu_Level
[2020.07.22-16.49.10:061][599]LogPlayLevel: PIE: StaticDuplicateObject took: (0.000799s)
[2020.07.22-16.49.10:062][599]LogAIModule: Creating AISystem for world MainMenu_Level
[2020.07.22-16.49.10:062][599]LogAISub: UAISubsystem::UAISubsystem EnvQueryManager (000002253A5B0C00), frame # 12599
[2020.07.22-16.49.10:062][599]LogAISub: UAISubsystem::UAISubsystem AIPerceptionSystem (0000022539FFBB00), frame # 12599
[2020.07.22-16.49.10:062][599]LogPlayLevel: PIE: World Init took: (0.000869s)
[2020.07.22-16.49.10:062][599]LogPlayLevel: PIE: Created PIE world by copying editor world from /Game/VR_Gallery/MainMenu_Level.MainMenu_Level to /Game/VR_Gallery/UEDPIE_0_MainMenu_Level.MainMenu_Level (0.001757s)
[2020.07.22-16.49.10:070][599]LogUObjectHash: Compacting FUObjectHashTables data took   0.45ms
[2020.07.22-16.49.10:071][599]LogAudioMixer: Display: Audio Mixer Platform Settings:
[2020.07.22-16.49.10:071][599]LogAudioMixer: Display: 	Sample Rate:						  48000
[2020.07.22-16.49.10:071][599]LogAudioMixer: Display: 	Callback Buffer Frame Size Requested: 1024
[2020.07.22-16.49.10:071][599]LogAudioMixer: Display: 	Callback Buffer Frame Size To Use:	  1024
[2020.07.22-16.49.10:071][599]LogAudioMixer: Display: 	Number of buffers to queue:			  2
[2020.07.22-16.49.10:071][599]LogAudioMixer: Display: 	Max Channels (voices):				  32
[2020.07.22-16.49.10:071][599]LogAudioMixer: Display: 	Number of Async Source Workers:		  0
[2020.07.22-16.49.10:071][599]LogAudio: Display: AudioDevice MaxSources: 32
[2020.07.22-16.49.10:071][599]LogAudio: Display: Using built-in audio occlusion.
[2020.07.22-16.49.10:071][599]LogAudioMixer: Display: Initializing audio mixer.
[2020.07.22-16.49.10:074][599]LogAudioMixer: Display: 0: FrontLeft
[2020.07.22-16.49.10:074][599]LogAudioMixer: Display: 1: FrontRight
[2020.07.22-16.49.10:093][599]LogAudioMixer: Display: Using Audio Device Speakers / Headphones (Realtek Audio)
[2020.07.22-16.49.10:093][599]LogAudioMixer: Display: Initializing Sound Submixes...
[2020.07.22-16.49.10:093][599]LogAudioMixer: Display: Creating Master Submix 'MasterSubmixDefault'
[2020.07.22-16.49.10:094][599]LogAudioMixer: Display: Creating Master Submix 'MasterReverbSubmixDefault'
[2020.07.22-16.49.10:094][599]LogAudioMixer: Display: Creating Master Submix 'MasterEQSubmixDefault'
[2020.07.22-16.49.10:106][599]LogInit: FAudioDevice initialized.
[2020.07.22-16.49.10:266][599]LogLoad: Game class is 'FirstPersonGameMode_C'
[2020.07.22-16.49.10:267][599]LogWorld: Bringing World /Game/VR_Gallery/UEDPIE_0_MainMenu_Level.MainMenu_Level up for play (max tick rate 0) at 2020.07.22-10.49.10
[2020.07.22-16.49.10:267][599]LogWorld: Bringing up level for play took: 0.000560
[2020.07.22-16.49.10:268][599]LogOnline: OSS: Creating online subsystem instance for: :Context_1
[2020.07.22-16.49.10:271][599]LogContentBrowser: Native class hierarchy updated for 'MovieSceneCapture' in 0.0003 seconds. Added 20 classes and 0 folders.
[2020.07.22-16.49.10:371][599]PIE: Server logged in
[2020.07.22-16.49.10:372][599]PIE: Play in editor total start time 0.316 seconds.
[2020.07.22-16.49.11:581][736]LogNet: Browse: /Game/VR_Gallery/VR_Gallery
[2020.07.22-16.49.11:590][736]LogLoad: LoadMap: /Game/VR_Gallery/VR_Gallery
[2020.07.22-16.49.11:590][736]LogWorld: BeginTearingDown for /Game/VR_Gallery/UEDPIE_0_MainMenu_Level
[2020.07.22-16.49.11:591][736]LogWorld: UWorld::CleanupWorld for MainMenu_Level, bSessionEnded=true, bCleanupResources=true
[2020.07.22-16.49.11:591][736]LogSlate: InvalidateAllWidgets triggered.  All widgets were invalidated
[2020.07.22-16.49.11:639][736]LogAISub: UAISubsystem::~UAISubsystem AIPerceptionSystem (0000022539FFBB00), frame # 12736
[2020.07.22-16.49.11:639][736]LogAISub: UAISubsystem::~UAISubsystem EnvQueryManager (000002253A5B0C00), frame # 12736
[2020.07.22-16.49.11:640][736]LogUObjectHash: Compacting FUObjectHashTables data took   1.07ms
[2020.07.22-16.49.11:676][736]LogAIModule: Creating AISystem for world VR_Gallery
[2020.07.22-16.49.11:676][736]LogAISub: UAISubsystem::UAISubsystem EnvQueryManager (000002252FFEB200), frame # 12736
[2020.07.22-16.49.11:676][736]LogAISub: UAISubsystem::UAISubsystem AIPerceptionSystem (0000022529E1D6C0), frame # 12736
[2020.07.22-16.49.11:677][736]LogLoad: Game class is 'FirstPersonGameMode_C'
[2020.07.22-16.49.11:686][736]LogWorld: Bringing World /Game/VR_Gallery/UEDPIE_0_VR_Gallery.VR_Gallery up for play (max tick rate 0) at 2020.07.22-10.49.11
[2020.07.22-16.49.11:687][736]LogWorld: Bringing up level for play took: 0.009173
[2020.07.22-16.49.11:725][736]LogLoad: Took 0.117746 seconds to LoadMap(/Game/VR_Gallery/VR_Gallery)
[2020.07.22-16.49.41:058][238]LogSlate: Updating window title bar state: overlay mode, drag disabled, window buttons hidden, title bar hidden
[2020.07.22-16.49.41:058][238]LogWorld: BeginTearingDown for /Game/VR_Gallery/UEDPIE_0_VR_Gallery
[2020.07.22-16.49.41:058][238]LogWorld: UWorld::CleanupWorld for VR_Gallery, bSessionEnded=true, bCleanupResources=true
[2020.07.22-16.49.41:059][238]LogSlate: InvalidateAllWidgets triggered.  All widgets were invalidated
[2020.07.22-16.49.41:065][238]LogPlayLevel: Display: Shutting down PIE online subsystems
[2020.07.22-16.49.41:066][238]LogSlate: InvalidateAllWidgets triggered.  All widgets were invalidated
[2020.07.22-16.49.41:073][238]LogSlate: Updating window title bar state: overlay mode, drag disabled, window buttons hidden, title bar hidden
[2020.07.22-16.49.41:090][238]LogAISub: UAISubsystem::~UAISubsystem AIPerceptionSystem (0000022529E1D6C0), frame # 16238
[2020.07.22-16.49.41:090][238]LogAISub: UAISubsystem::~UAISubsystem EnvQueryManager (000002252FFEB200), frame # 16238
[2020.07.22-16.49.41:091][238]LogUObjectHash: Compacting FUObjectHashTables data took   0.50ms
[2020.07.22-16.49.41:123][239]LogPlayLevel: Display: Destroying online subsystem :Context_1
[2020.07.22-16.49.46:396][851]LogUObjectHash: Compacting FUObjectHashTables data took   0.53ms
[2020.07.22-16.49.48:419][ 81]LogAssetEditorSubsystem: Opening Asset editor for World /Game/VR_Gallery/VR_Gallery.VR_Gallery
[2020.07.22-16.49.48:426][ 81]LogUObjectHash: Compacting FUObjectHashTables data took   0.56ms
[2020.07.22-16.49.48:428][ 81]Cmd: MAP LOAD FILE="../../../../../../Users/bsanchez76/Documents/GitHub/RMCAD_VRGallery/Content/VR_Gallery/VR_Gallery.umap" TEMPLATE=0 SHOWPROGRESS=1 FEATURELEVEL=3
[2020.07.22-16.49.48:428][ 81]LightingResults: New page: Lighting Build
[2020.07.22-16.49.48:428][ 81]LoadErrors: New page: Loading map: VR_Gallery.umap
[2020.07.22-16.49.48:479][ 81]LogWorld: UWorld::CleanupWorld for MainMenu_Level, bSessionEnded=true, bCleanupResources=true
[2020.07.22-16.49.48:479][ 81]LogSlate: InvalidateAllWidgets triggered.  All widgets were invalidated
[2020.07.22-16.49.48:479][ 81]MapCheck: New page: Map Check
[2020.07.22-16.49.48:479][ 81]LightingResults: New page: Lighting Build
[2020.07.22-16.49.48:486][ 81]LogAISub: UAISubsystem::~UAISubsystem AIPerceptionSystem (000002253A037380), frame # 17081
[2020.07.22-16.49.48:486][ 81]LogAISub: UAISubsystem::~UAISubsystem EnvQueryManager (000002253A5B2A00), frame # 17081
[2020.07.22-16.49.48:487][ 81]LogUObjectHash: Compacting FUObjectHashTables data took   0.72ms
[2020.07.22-16.49.48:491][ 81]LogEditorServer: Finished looking for orphan Actors (0.000 secs)
[2020.07.22-16.49.48:491][ 81]LogAIModule: Creating AISystem for world VR_Gallery
[2020.07.22-16.49.48:491][ 81]LogAISub: UAISubsystem::UAISubsystem EnvQueryManager (000002252FA36000), frame # 17081
[2020.07.22-16.49.48:491][ 81]LogAISub: UAISubsystem::UAISubsystem AIPerceptionSystem (000002252FA7B9C0), frame # 17081
[2020.07.22-16.49.48:502][ 81]LogUObjectHash: Compacting FUObjectHashTables data took   0.53ms
[2020.07.22-16.49.48:533][ 81]Cmd: MAP CHECKDEP NOCLEARLOG
[2020.07.22-16.49.48:533][ 81]MapCheck: Map check complete: 0 Error(s), 0 Warning(s), took 0.129ms to complete.
[2020.07.22-16.49.48:533][ 81]LogFileHelpers: Loading map 'VR_Gallery' took 0.106
[2020.07.22-16.50.13:602][964]LogEditor: Attempting to add actor of class 'LevelSequenceMediaController' to level at -1215.00,-467.00,278.00
[2020.07.22-16.50.14:515][ 69]LogEditor: Attempting to add actor of class 'LevelSequenceMediaController' to level at -1027.00,-674.00,240.00
[2020.07.22-16.50.16:320][281]LogEditorViewport: Clicking on Actor (LMB): TriggerBox (SequenceCamTrigger)
[2020.07.22-16.50.19:223][621]Cmd: TRANSACTION UNDO
[2020.07.22-16.50.19:223][621]LogEditorTransaction: Undo Move Actors
[2020.07.22-16.50.35:563][511]LogEditorViewport: Clicking on Actor (LMB): CameraActor (CameraActor)
[2020.07.22-16.50.57:931][107]LogEditorViewport: Clicking on Actor (LMB): StaticMeshActor (Cube4)
[2020.07.22-16.50.58:714][189]LogEditorViewport: Clicking on Actor (LMB): CameraActor (CameraActor)
[2020.07.22-16.59.48:584][927]LogUObjectHash: Compacting FUObjectHashTables data took   0.70ms
[2020.07.22-16.59.48:640][927]LogSavePackage: Moving '../../../../../../Users/bsanchez76/Documents/GitHub/RMCAD_VRGallery/Saved/VR_Gallery_Auto184D73A7A4020C6ADB83C7B8B6BDAE0F1.tmp' to '../../../../../../Users/bsanchez76/Documents/GitHub/RMCAD_VRGallery/Saved/Autosaves/Game/VR_Gallery/VR_Gallery_Auto1.umap'
[2020.07.22-16.59.48:642][927]LogFileHelpers: Editor autosave (incl. sublevels) for '/Game/VR_Gallery/VR_Gallery' took 0.067
[2020.07.22-16.59.48:642][927]LogFileHelpers: Editor autosave (incl. sublevels) for all levels took 0.067
[2020.07.22-19.23.00:268][ 90]LogEditorViewport: Clicking on Actor (LMB): StaticMeshActor (SM_DigitalExistence)
[2020.07.22-19.23.13:142][174]Cmd: TRANSACTION UNDO
[2020.07.22-19.23.13:142][174]LogEditorTransaction: Undo Set Scale
[2020.07.22-19.23.22:435][204]LogEditorViewport: Clicking on Actor (LMB): StaticMeshActor (SM_Murica01)
[2020.07.22-19.23.32:530][316]LogEditorViewport: Clicking on Actor (LMB): StaticMeshActor (SM_Murica02)
[2020.07.22-19.23.35:512][602]LogSlate: Took 0.000290 seconds to synchronously load lazily loaded font '../../../Engine/Content/Slate/Fonts/Roboto-Italic.ttf' (157K)
[2020.07.22-19.23.52:567][573]LogEditorViewport: Clicking on Actor (LMB): StaticMeshActor (SM_Murica03)
[2020.07.22-19.23.59:398][322]LogEditorViewport: Clicking on Actor (LMB): StaticMeshActor (SM_Murica02)
[2020.07.22-19.24.01:003][508]LogEditorViewport: Clicking on Actor (LMB): StaticMeshActor (SM_Murica01)
[2020.07.22-19.24.04:822][886]LogEditorViewport: Clicking on Actor (LMB): StaticMeshActor (SM_Murica02)
[2020.07.22-19.24.07:792][178]LogEditorViewport: Clicking on Actor (LMB): StaticMeshActor (SM_Murica03)
[2020.07.22-19.24.12:128][618]LogEditorViewport: Clicking on Actor (LMB): StaticMeshActor (SM_Murica04)
[2020.07.22-19.24.28:220][377]LogEditorViewport: Clicking on Actor (LMB): StaticMeshActor (SM_Murica04)
[2020.07.22-19.24.34:333][ 79]LogEditorViewport: Clicking on Actor (LMB): StaticMeshActor (SM_Murica05)
[2020.07.22-19.24.41:097][773]LogEditorViewport: Clicking on Actor (LMB): StaticMeshActor (SM_Murica06)
[2020.07.22-19.24.48:308][509]LogEditorViewport: Clicking on Actor (LMB): StaticMeshActor (SM_Murica07)
[2020.07.22-19.24.58:310][597]LogEditorViewport: Clicking on Actor (LMB): StaticMeshActor (SM_Murica08)
[2020.07.22-19.25.04:645][297]LogEditorViewport: Clicking on Actor (LMB): StaticMeshActor (SM_Murica09)
[2020.07.22-19.25.10:592][924]LogEditorViewport: Clicking on Actor (LMB): StaticMeshActor (SM_Murica08)
[2020.07.22-19.25.14:534][371]LogEditorViewport: Clicking on Actor (LMB): StaticMeshActor (SM_Murica07)
[2020.07.22-19.25.29:058][ 23]LogEditorViewport: Clicking on Actor (LMB): StaticMeshActor (SM_Murica09)
[2020.07.22-19.25.35:492][772]MapCheck: New page: Map Check
[2020.07.22-19.25.35:536][772]Cmd: MAP REBUILD ALLVISIBLE
[2020.07.22-19.25.35:537][772]LogEditorServer: Rebuildmap Clear paths rebuilt
[2020.07.22-19.25.35:603][772]LogWorld: UWorld::CleanupWorld for VR_Gallery, bSessionEnded=true, bCleanupResources=false
[2020.07.22-19.25.36:084][772]LogNavigationDataBuild: Display: UNavigationSystemV1::Build started...
[2020.07.22-19.25.36:084][772]LogNavigationDataBuild: Display:    Building navigation data using PHYSICS_INTERFACE_PHYSX.
[2020.07.22-19.25.36:084][772]LogNavigationDataBuild: Display:    Building navigation data using WITH_PHYSX.
[2020.07.22-19.25.36:428][772]LogUObjectHash: Compacting FUObjectHashTables data took   3.60ms
[2020.07.22-19.25.36:761][772]LogMaterial: Display: Missing cached shader map for material DebugViewMode MaterialTexCoordScale, compiling. 
[2020.07.22-19.25.36:805][772]LogMaterial: Display: Missing cached shader map for material DebugViewMode MaterialTexCoordScale, compiling. 
[2020.07.22-19.25.36:873][772]LogShaderCompilers: Display: Worker (1/5): shaders left to compile 2
[2020.07.22-19.25.36:873][772]LogShaderCompilers: Display: Worker (2/5): shaders left to compile 1
[2020.07.22-19.25.36:873][772]LogMaterial: Display: Missing cached shader map for material DebugViewMode MaterialTexCoordScale, compiling. 
[2020.07.22-19.25.36:875][772]LogMaterial: Display: Missing cached shader map for material DebugViewMode MaterialTexCoordScale, compiling. 
[2020.07.22-19.25.36:876][772]LogMaterial: Display: Missing cached shader map for material DebugViewMode MaterialTexCoordScale, compiling. 
[2020.07.22-19.25.36:878][772]LogMaterial: Display: Missing cached shader map for material DebugViewMode MaterialTexCoordScale, compiling. 
[2020.07.22-19.25.36:879][772]LogMaterial: Display: Missing cached shader map for material DebugViewMode MaterialTexCoordScale, compiling. 
[2020.07.22-19.25.36:881][772]LogMaterial: Display: Missing cached shader map for material DebugViewMode MaterialTexCoordScale, compiling. 
[2020.07.22-19.25.36:899][772]LogMaterial: Display: Missing cached shader map for material DebugViewMode MaterialTexCoordScale, compiling. 
[2020.07.22-19.25.36:901][772]LogMaterial: Display: Missing cached shader map for material DebugViewMode MaterialTexCoordScale, compiling. 
[2020.07.22-19.25.36:903][772]LogMaterial: Display: Missing cached shader map for material DebugViewMode MaterialTexCoordScale, compiling. 
[2020.07.22-19.25.36:943][772]LogShaderCompilers: Display: Worker (3/5): shaders left to compile 18
[2020.07.22-19.25.36:943][772]LogShaderCompilers: Display: Worker (4/5): shaders left to compile 17
[2020.07.22-19.25.36:943][772]LogMaterial: Display: Missing cached shader map for material DebugViewMode MaterialTexCoordScale, compiling. 
[2020.07.22-19.25.36:945][772]LogMaterial: Display: Missing cached shader map for material DebugViewMode MaterialTexCoordScale, compiling. 
[2020.07.22-19.25.36:947][772]LogMaterial: Display: Missing cached shader map for material DebugViewMode MaterialTexCoordScale, compiling. 
[2020.07.22-19.25.36:949][772]LogMaterial: Display: Missing cached shader map for material DebugViewMode MaterialTexCoordScale, compiling. 
[2020.07.22-19.25.36:951][772]LogMaterial: Display: Missing cached shader map for material DebugViewMode MaterialTexCoordScale, compiling. 
[2020.07.22-19.25.36:953][772]LogMaterial: Display: Missing cached shader map for material DebugViewMode MaterialTexCoordScale, compiling. 
[2020.07.22-19.25.36:955][772]LogMaterial: Display: Missing cached shader map for material DebugViewMode MaterialTexCoordScale, compiling. 
[2020.07.22-19.25.36:957][772]LogMaterial: Display: Missing cached shader map for material DebugViewMode MaterialTexCoordScale, compiling. 
[2020.07.22-19.25.36:959][772]LogMaterial: Display: Missing cached shader map for material DebugViewMode MaterialTexCoordScale, compiling. 
[2020.07.22-19.25.37:010][772]LogMaterial: Display: Missing cached shader map for material DebugViewMode MaterialTexCoordScale, compiling. 
[2020.07.22-19.25.37:013][772]LogMaterial: Display: Missing cached shader map for material DebugViewMode MaterialTexCoordScale, compiling. 
[2020.07.22-19.25.37:015][772]LogMaterial: Display: Missing cached shader map for material DebugViewMode MaterialTexCoordScale, compiling. 
[2020.07.22-19.25.37:017][772]LogMaterial: Display: Missing cached shader map for material DebugViewMode MaterialTexCoordScale, compiling. 
[2020.07.22-19.25.37:019][772]LogMaterial: Display: Missing cached shader map for material DebugViewMode MaterialTexCoordScale, compiling. 
[2020.07.22-19.25.37:021][772]LogMaterial: Display: Missing cached shader map for material DebugViewMode MaterialTexCoordScale, compiling. 
[2020.07.22-19.25.40:612][772]LogShaderCompilers: Display: Worker (3/5): shaders left to compile 48
[2020.07.22-19.25.40:612][772]LogShaderCompilers: Display: Worker (2/5): shaders left to compile 47
[2020.07.22-19.25.40:612][772]LogShaderCompilers: Display: Worker (4/5): shaders left to compile 46
[2020.07.22-19.25.40:612][772]LogShaderCompilers: Display: Worker (1/5): shaders left to compile 45
[2020.07.22-19.25.40:612][772]LogShaderCompilers: Display: Worker (3/5): shaders left to compile 44
[2020.07.22-19.25.40:612][772]LogShaderCompilers: Display: Worker (2/5): shaders left to compile 43
[2020.07.22-19.25.40:612][772]LogShaderCompilers: Display: Worker (4/5): shaders left to compile 42
[2020.07.22-19.25.40:612][772]LogShaderCompilers: Display: Worker (3/5): shaders left to compile 41
[2020.07.22-19.25.40:612][772]LogShaderCompilers: Display: Worker (1/5): shaders left to compile 40
[2020.07.22-19.25.40:612][772]LogShaderCompilers: Display: Worker (2/5): shaders left to compile 39
[2020.07.22-19.25.40:612][772]LogShaderCompilers: Display: Worker (4/5): shaders left to compile 38
[2020.07.22-19.25.40:612][772]LogShaderCompilers: Display: Worker (1/5): shaders left to compile 37
[2020.07.22-19.25.40:612][772]LogShaderCompilers: Display: Worker (2/5): shaders left to compile 36
[2020.07.22-19.25.40:612][772]LogShaderCompilers: Display: Worker (3/5): shaders left to compile 35
[2020.07.22-19.25.40:612][772]LogShaderCompilers: Display: Worker (4/5): shaders left to compile 34
[2020.07.22-19.25.40:633][772]LogShaderCompilers: Display: Worker (2/5): shaders left to compile 33
[2020.07.22-19.25.40:633][772]LogShaderCompilers: Display: Worker (4/5): shaders left to compile 32
[2020.07.22-19.25.40:633][772]LogShaderCompilers: Display: Worker (3/5): shaders left to compile 31
[2020.07.22-19.25.40:633][772]LogShaderCompilers: Display: Worker (1/5): shaders left to compile 30
[2020.07.22-19.25.40:633][772]LogShaderCompilers: Display: Worker (4/5): shaders left to compile 29
[2020.07.22-19.25.40:633][772]LogShaderCompilers: Display: Worker (2/5): shaders left to compile 28
[2020.07.22-19.25.40:633][772]LogShaderCompilers: Display: Worker (3/5): shaders left to compile 27
[2020.07.22-19.25.40:633][772]LogShaderCompilers: Display: Worker (2/5): shaders left to compile 26
[2020.07.22-19.25.40:633][772]LogShaderCompilers: Display: Worker (4/5): shaders left to compile 25
[2020.07.22-19.25.40:633][772]LogShaderCompilers: Display: Worker (3/5): shaders left to compile 24
[2020.07.22-19.25.40:633][772]LogShaderCompilers: Display: Worker (1/5): shaders left to compile 23
[2020.07.22-19.25.40:633][772]LogShaderCompilers: Display: Worker (2/5): shaders left to compile 22
[2020.07.22-19.25.40:633][772]LogShaderCompilers: Display: Worker (3/5): shaders left to compile 21
[2020.07.22-19.25.40:633][772]LogShaderCompilers: Display: Worker (1/5): shaders left to compile 20
[2020.07.22-19.25.40:633][772]LogShaderCompilers: Display: Worker (4/5): shaders left to compile 19
[2020.07.22-19.25.40:633][772]LogShaderCompilers: Display: Worker (2/5): shaders left to compile 18
[2020.07.22-19.25.40:633][772]LogShaderCompilers: Display: Worker (1/5): shaders left to compile 17
[2020.07.22-19.25.40:633][772]LogShaderCompilers: Display: Worker (3/5): shaders left to compile 16
[2020.07.22-19.25.40:633][772]LogShaderCompilers: Display: Worker (4/5): shaders left to compile 15
[2020.07.22-19.25.40:633][772]LogShaderCompilers: Display: Worker (2/5): shaders left to compile 14
[2020.07.22-19.25.40:633][772]LogShaderCompilers: Display: Worker (1/5): shaders left to compile 13
[2020.07.22-19.25.40:633][772]LogShaderCompilers: Display: Worker (3/5): shaders left to compile 12
[2020.07.22-19.25.40:633][772]LogShaderCompilers: Display: Worker (4/5): shaders left to compile 11
[2020.07.22-19.25.40:633][772]LogShaderCompilers: Display: Worker (2/5): shaders left to compile 10
[2020.07.22-19.25.40:633][772]LogShaderCompilers: Display: Worker (3/5): shaders left to compile 9
[2020.07.22-19.25.40:633][772]LogShaderCompilers: Display: Worker (1/5): shaders left to compile 8
[2020.07.22-19.25.40:633][772]LogShaderCompilers: Display: Worker (4/5): shaders left to compile 7
[2020.07.22-19.25.40:634][772]LogShaderCompilers: Display: Worker (2/5): shaders left to compile 6
[2020.07.22-19.25.40:634][772]LogShaderCompilers: Display: Worker (1/5): shaders left to compile 5
[2020.07.22-19.25.40:634][772]LogShaderCompilers: Display: Worker (3/5): shaders left to compile 4
[2020.07.22-19.25.40:634][772]LogShaderCompilers: Display: Worker (4/5): shaders left to compile 3
[2020.07.22-19.25.40:634][772]LogShaderCompilers: Display: Worker (2/5): shaders left to compile 2
[2020.07.22-19.25.40:634][772]LogShaderCompilers: Display: Worker (1/5): shaders left to compile 1
[2020.07.22-19.25.40:634][772]TextureStreamingBuild: Display: Compiling optional shaders took 4.005 seconds.
[2020.07.22-19.25.40:811][772]LogLevel: Display: Export Material TexCoord Scales took 0.083 seconds.
[2020.07.22-19.25.40:864][772]TextureStreamingBuild: Display: Build Texture Streaming took 0.053 seconds.
[2020.07.22-19.25.40:888][772]LogUObjectHash: Compacting FUObjectHashTables data took   0.64ms
[2020.07.22-19.25.41:112][772]LightingResults: New page: Lighting Build - Jul 22, 2020, 7:25:40 AM
[2020.07.22-19.25.41:448][772]LogSwarmInterface: [OpenConnection] Registering TCP channel ...
[2020.07.22-19.25.41:619][772]LogSwarmInterface: [OpenConnection] Connecting to agent ...
[2020.07.22-19.25.41:654][772]LogSwarmInterface: [TryOpenConnection] Testing the Agent
[2020.07.22-19.25.42:741][772]LogSwarmInterface: [TryOpenConnection] Opening Connection to Agent
[2020.07.22-19.25.42:741][772]LogSwarmInterface: [TryOpenConnection] Local Process ID is 9988
[2020.07.22-19.25.45:254][772]LogStaticLightingSystem: Running Lightmass w/ ImmediateImport mode ENABLED
[2020.07.22-19.25.45:255][772]LogStaticLightingSystem: Running Lightmass w/ ImmediateProcess mode ENABLED
[2020.07.22-19.25.45:255][772]LogStaticLightingSystem: Running Lightmass w/ Sorting mode ENABLED
[2020.07.22-19.25.45:255][772]LogStaticLightingSystem: Running Lightmass w/ Mapping paddings ENABLED
[2020.07.22-19.25.45:255][772]LogStaticLightingSystem: Running Lightmass w/ Mapping debug paddings DISABLED
[2020.07.22-19.25.45:532][772]Cmd: MAP CHECK DONTDISPLAYDIALOG
[2020.07.22-19.25.45:533][772]MapCheck: New page: VR_Gallery - Jul 22, 2020, 7:25:45 AM
[2020.07.22-19.25.45:568][772]MapCheck: Error: WorldSettings Maps need lighting rebuilt 
[2020.07.22-19.25.45:568][772]MapCheck: Map check complete: 1 Error(s), 0 Warning(s), took 35.448ms to complete.
[2020.07.22-19.25.45:570][772]LogEditorBuildUtils: Build time 0:10
[2020.07.22-19.25.46:308][772]LogSlate: Took 0.024299 seconds to synchronously load lazily loaded font '../../../Engine/Content/Slate/Fonts/DroidSansMono.ttf' (77K)
[2020.07.22-19.25.46:897][775]LogUObjectHash: Compacting FUObjectHashTables data took   0.20ms
[2020.07.22-19.25.49:695][781]LogUObjectHash: Compacting FUObjectHashTables data took   0.30ms
[2020.07.22-19.25.50:440][781]LogSavePackage: Moving '../../../../../../Users/bsanchez76/Documents/GitHub/RMCAD_VRGallery/Saved/VR_Gallery_Auto2234922FA49A90F8E993FF6A79ED423AF.tmp' to '../../../../../../Users/bsanchez76/Documents/GitHub/RMCAD_VRGallery/Saved/Autosaves/Game/VR_Gallery/VR_Gallery_Auto2.umap'
[2020.07.22-19.25.50:447][781]LogFileHelpers: Editor autosave (incl. sublevels) for '/Game/VR_Gallery/VR_Gallery' took 0.761
[2020.07.22-19.25.50:447][781]LogFileHelpers: Editor autosave (incl. sublevels) for all levels took 0.761
[2020.07.22-19.25.52:864][789]Job is a success!
[2020.07.22-19.25.53:624][790]LogVolumetricLightmapImport: Imported Volumetric Lightmap in 0.048s
[2020.07.22-19.25.53:624][790]LogVolumetricLightmapImport:      Indirection Texture 16x16x16 = 0.0Mb
[2020.07.22-19.25.53:624][790]LogVolumetricLightmapImport:      BrickData (all levels) 0.1Mb
[2020.07.22-19.25.53:625][790]LogVolumetricLightmapImport:      Bricks at depth
[2020.07.22-19.25.53:625][790]LogVolumetricLightmapImport:          0: 5.6% covering 100.0% of volume
[2020.07.22-19.25.53:625][790]LogVolumetricLightmapImport:          1: 5.6% covering 1.6% of volume
[2020.07.22-19.25.53:625][790]LogVolumetricLightmapImport:          2: 88.9% covering 0.4% of volume
[2020.07.22-19.25.53:625][790]LogVolumetricLightmapImport:      Bricks in each level
[2020.07.22-19.25.53:637][790]LogVolumetricLightmapImport:          VR_Gallery 			 18 bricks 	 100.0% (Persistent Level)
[2020.07.22-19.25.54:309][790]LogTexture: Display: Building textures: HQ_Lightmap0_1 (AutoDXT, 1024X1024)
[2020.07.22-19.25.54:309][790]LogTexture: Display: Building textures: LQ_Lightmap_0_1 (DXT1, 1024X1024)
[2020.07.22-19.25.54:309][790]LogTexture: Display: Building textures: LQ_Lightmap_0_2 (DXT1, 64X64)
[2020.07.22-19.25.54:309][790]LogTexture: Display: Building textures: HQ_Lightmap0_2 (AutoDXT, 64X64)
[2020.07.22-19.25.54:951][790]LogTexture: Display: Building textures: ShadowMapTexture2D_1 (G8, 32X32)
[2020.07.22-19.25.54:951][790]LogTexture: Display: Building textures: ShadowMapTexture2D_0 (BGRA8, 1024X512)
[2020.07.22-19.25.54:951][790]Lightmass on SARK: 6.64 sec total, 793 ms importing, 53 ms setup, 340 ms photons, 5.28 sec processing, 0 ms extra exporting [71/71 mappings]. Threads: 36.9 sec total, 16.3 sec processing.
[2020.07.22-19.25.54:958][790]LogStaticLightingSystem: VR_Gallery_BuiltData storing lightmap data for 71 meshes in 2 LightmapResourceClusters (35.5 Meshes per cluster).
[2020.07.22-19.25.55:043][790]LogUObjectHash: Compacting FUObjectHashTables data took  15.30ms
[2020.07.22-19.25.55:059][790]LogStaticLightingSystem: Illumination: 13.7 sec (433 ms encoding lightmaps, 389 ms encoding shadowmaps)
[2020.07.22-19.25.55:059][790]LogStaticLightingSystem: Lightmap texture memory:  2.0 MB (2.0 MB streaming, 0.0 MB non-streaming), 4 textures
[2020.07.22-19.25.55:059][790]LogStaticLightingSystem: Shadowmap texture memory: 2.7 MB (2.7 MB streaming, 0.0 MB non-streaming), 2 textures
[2020.07.22-19.25.55:116][790]DumpUnbuiltLightIteractions
[2020.07.22-19.25.55:116][790]Lights with unbuilt interactions: 0
[2020.07.22-19.25.55:116][790]
[2020.07.22-19.25.55:116][790]Primitives with unbuilt interactions: 0
[2020.07.22-19.25.55:233][791]Cmd: MAP CHECK NOTIFYRESULTS
[2020.07.22-19.25.55:233][791]MapCheck: New page: VR_Gallery - Jul 22, 2020, 7:25:55 AM
[2020.07.22-19.25.55:234][791]MapCheck: Map check complete: 0 Error(s), 0 Warning(s), took 0.753ms to complete.
[2020.07.22-19.25.59:519][ 45]LogUObjectHash: Compacting FUObjectHashTables data took   0.49ms
[2020.07.22-19.25.59:784][ 45]LogUObjectHash: Compacting FUObjectHashTables data took   0.22ms
[2020.07.22-19.25.59:892][ 45]LogSavePackage: Moving '../../../../../../Users/bsanchez76/Documents/GitHub/RMCAD_VRGallery/Saved/VR_GalleryEFF2E65848AC8FF56F3C8297C192DCE9.tmp' to '../../../../../../Users/bsanchez76/Documents/GitHub/RMCAD_VRGallery/Content/VR_Gallery/VR_Gallery.umap'
[2020.07.22-19.25.59:931][ 45]LogFileHelpers: Saving map 'VR_Gallery' took 0.165
[2020.07.22-19.26.00:030][ 45]Cmd: OBJ SAVEPACKAGE PACKAGE="/Game/VR_Gallery/VR_Gallery_BuiltData" FILE="../../../../../../Users/bsanchez76/Documents/GitHub/RMCAD_VRGallery/Content/VR_Gallery/VR_Gallery_BuiltData.uasset" SILENT=true
[2020.07.22-19.26.00:271][ 45]LogSavePackage: Moving '../../../../../../Users/bsanchez76/Documents/GitHub/RMCAD_VRGallery/Saved/VR_Gallery_BuiltDataEF2E395B45FF6CF7589B90AA0C7E5998.tmp' to '../../../../../../Users/bsanchez76/Documents/GitHub/RMCAD_VRGallery/Content/VR_Gallery/VR_Gallery_BuiltData.uasset'
[2020.07.22-19.26.00:438][ 45]AssetCheck: New page: Asset Save: multiple assets
[2020.07.22-19.26.00:448][ 45]LogContentValidation: Display: Validating World /Game/VR_Gallery/VR_Gallery.VR_Gallery
[2020.07.22-19.26.00:448][ 45]LogContentValidation: Display: Validating MapBuildDataRegistry /Game/VR_Gallery/VR_Gallery_BuiltData.VR_Gallery_BuiltData
