Log file open, 08/25/20 15:55:01
LogInit: Display: Running engine for game: RMCAD_VRGallery
LogPlatformFile: Not using cached read wrapper
LogTaskGraph: Started task graph with 5 named threads and 23 total threads with 3 sets of task threads.
LogStats: Stats thread started at 0.434780
LogD3D11RHI: Loaded GFSDK_Aftermath_Lib.x64.dll
LogICUInternationalization: ICU TimeZone Detection - Raw Offset: -7:00, Platform Override: ''
LogPluginManager: Mounting plugin Paper2D
LogPluginManager: Mounting plugin AISupport
LogPluginManager: Mounting plugin LightPropagationVolume
LogPluginManager: Mounting plugin CameraShakePreviewer
LogPluginManager: Mounting plugin ActorLayerUtilities
LogPluginManager: Mounting plugin AnimationSharing
LogPluginManager: Mounting plugin CLionSourceCodeAccess
LogPluginManager: Mounting plugin CodeLiteSourceCodeAccess
LogPluginManager: Mounting plugin GitSourceControl
LogPluginManager: Mounting plugin KDevelopSourceCodeAccess
LogPluginManager: Mounting plugin NullSourceCodeAccess
LogPluginManager: Mounting plugin PerforceSourceControl
LogPluginManager: Mounting plugin PlasticSourceControl
LogPluginManager: Mounting plugin RiderSourceCodeAccess
LogPluginManager: Mounting plugin SubversionSourceControl
LogPluginManager: Mounting plugin UObjectPlugin
LogPluginManager: Mounting plugin VisualStudioCodeSourceCodeAccess
LogPluginManager: Mounting plugin VisualStudioSourceCodeAccess
LogPluginManager: Mounting plugin XCodeSourceCodeAccess
LogPluginManager: Mounting plugin AssetManagerEditor
LogPluginManager: Mounting plugin CryptoKeys
LogPluginManager: Mounting plugin CurveEditorTools
LogPluginManager: Mounting plugin DataValidation
LogPluginManager: Mounting plugin EditorScriptingUtilities
LogPluginManager: Mounting plugin FacialAnimation
LogPluginManager: Mounting plugin GameplayTagsEditor
LogPluginManager: Mounting plugin GeometryMode
LogPluginManager: Mounting plugin MacGraphicsSwitching
LogPluginManager: Mounting plugin MaterialAnalyzer
LogPluginManager: Mounting plugin MobileLauncherProfileWizard
LogPluginManager: Mounting plugin PluginBrowser
LogPluginManager: Mounting plugin SpeedTreeImporter
LogPluginManager: Mounting plugin DatasmithContent
LogPluginManager: Mounting plugin VariantManagerContent
LogPluginManager: Mounting plugin AlembicImporter
LogPluginManager: Mounting plugin AutomationUtils
LogPluginManager: Mounting plugin BackChannel
LogPluginManager: Mounting plugin ChaosCloth
LogPluginManager: Mounting plugin ChaosClothEditor
LogPluginManager: Mounting plugin ChaosEditor
LogPluginManager: Mounting plugin ChaosNiagara
LogPluginManager: Mounting plugin ChaosSolverPlugin
LogPluginManager: Mounting plugin CharacterAI
LogPluginManager: Mounting plugin GeometryCache
LogPluginManager: Mounting plugin GeometryCollectionPlugin
LogPluginManager: Mounting plugin GeometryProcessing
LogPluginManager: Mounting plugin PlanarCut
LogPluginManager: Mounting plugin PlatformCrypto
LogPluginManager: Mounting plugin ProxyLODPlugin
LogPluginManager: Mounting plugin SkeletalReduction
LogPluginManager: Mounting plugin Niagara
LogPluginManager: Mounting plugin MagicLeap
LogPluginManager: Mounting plugin MagicLeapLightEstimation
LogPluginManager: Mounting plugin MagicLeapMedia
LogPluginManager: Mounting plugin MagicLeapPassableWorld
LogPluginManager: Mounting plugin MLSDK
LogPluginManager: Mounting plugin AndroidMedia
LogPluginManager: Mounting plugin AvfMedia
LogPluginManager: Mounting plugin ImgMedia
LogPluginManager: Mounting plugin MediaCompositing
LogPluginManager: Mounting plugin MediaPlayerEditor
LogPluginManager: Mounting plugin WebMMedia
LogPluginManager: Mounting plugin WmfMedia
LogPluginManager: Mounting plugin MeshPainting
LogPluginManager: Mounting plugin TcpMessaging
LogPluginManager: Mounting plugin UdpMessaging
LogPluginManager: Mounting plugin ActorSequence
LogPluginManager: Mounting plugin LevelSequenceEditor
LogPluginManager: Mounting plugin MatineeToLevelSequence
LogPluginManager: Mounting plugin MovieRenderPipeline
LogPluginManager: Mounting plugin TemplateSequence
LogPluginManager: Mounting plugin NetcodeUnitTest
LogPluginManager: Mounting plugin NUTUnrealEngine4
LogPluginManager: Mounting plugin OnlineSubsystemGooglePlay
LogPluginManager: Mounting plugin OnlineSubsystemIOS
LogPluginManager: Mounting plugin OnlineSubsystem
LogPluginManager: Mounting plugin OnlineSubsystemNull
LogPluginManager: Mounting plugin OnlineSubsystemUtils
LogPluginManager: Mounting plugin LauncherChunkInstaller
LogPluginManager: Mounting plugin AndroidDeviceProfileSelector
LogPluginManager: Mounting plugin AndroidMoviePlayer
LogPluginManager: Mounting plugin AndroidPermission
LogPluginManager: Mounting plugin AppleImageUtils
LogPluginManager: Mounting plugin AppleMoviePlayer
LogPluginManager: Mounting plugin ArchVisCharacter
LogPluginManager: Mounting plugin AssetTags
LogPluginManager: Mounting plugin AudioCapture
LogPluginManager: Mounting plugin CableComponent
LogPluginManager: Mounting plugin CustomMeshComponent
LogPluginManager: Mounting plugin EditableMesh
LogPluginManager: Mounting plugin ExampleDeviceProfileSelector
LogPluginManager: Mounting plugin GoogleCloudMessaging
LogPluginManager: Mounting plugin GooglePAD
LogPluginManager: Mounting plugin IOSDeviceProfileSelector
LogPluginManager: Mounting plugin LinuxDeviceProfileSelector
LogPluginManager: Mounting plugin LocationServicesBPLibrary
LogPluginManager: Mounting plugin MobilePatchingUtils
LogPluginManager: Mounting plugin OculusVR
LogPluginManager: Mounting plugin PhysXVehicles
LogPluginManager: Mounting plugin PostSplashScreen
LogPluginManager: Mounting plugin ProceduralMeshComponent
LogPluginManager: Mounting plugin RuntimePhysXCooking
LogPluginManager: Mounting plugin SignificanceManager
LogPluginManager: Mounting plugin SoundFields
LogPluginManager: Mounting plugin SteamVR
LogPluginManager: Mounting plugin Synthesis
LogPluginManager: Mounting plugin WebMMoviePlayer
LogPluginManager: Mounting plugin WindowsMoviePlayer
LogPluginManager: Mounting plugin ScreenshotTools
LogInit: Using libcurl 7.55.1-DEV
LogInit:  - built for x86_64-pc-win32
LogInit:  - supports SSL with OpenSSL/1.1.1
LogInit:  - supports HTTP deflate (compression) using libz 1.2.8
LogInit:  - other features:
LogInit:      CURL_VERSION_SSL
LogInit:      CURL_VERSION_LIBZ
LogInit:      CURL_VERSION_IPV6
LogInit:      CURL_VERSION_ASYNCHDNS
LogInit:      CURL_VERSION_LARGEFILE
LogInit:      CURL_VERSION_IDN
LogInit:  CurlRequestOptions (configurable via config and command line):
LogInit:  - bVerifyPeer = true  - Libcurl will verify peer certificate
LogInit:  - bUseHttpProxy = false  - Libcurl will NOT use HTTP proxy
LogInit:  - bDontReuseConnections = false  - Libcurl will reuse connections
LogInit:  - MaxHostConnections = 16  - Libcurl will limit the number of connections to a host
LogInit:  - LocalHostAddr = Default
LogInit:  - BufferSize = 65536
LogOnline: OSS: Creating online subsystem instance for: NULL
LogInit: WinSock: version 1.1 (2.2), MaxSocks=32767, MaxUdp=65467
LogOnline: OSS: TryLoadSubsystemAndSetDefault: Loaded subsystem for module [NULL]
LogInit: Build: ++UE4+Release-4.25-CL-13942748
LogInit: Engine Version: 4.25.3-13942748+++UE4+Release-4.25
LogInit: Compatible Engine Version: 4.25.0-13144385+++UE4+Release-4.25
LogInit: Net CL: 13144385
LogInit: OS: Windows 10 (Release 1909) (), CPU: Intel(R) Core(TM) i7-7700 CPU @ 3.60GHz, GPU: NVIDIA GeForce GTX 1080
LogInit: Compiled (64-bit): Jul 25 2020 02:07:48
LogInit: Compiled with Visual C++: 19.24.28315.00
LogInit: Build Configuration: Development
LogInit: Branch Name: ++UE4+Release-4.25
LogInit: Command Line:  -EpicPortal -epicusername=arty_the_smarty -epicuserid=cda8607b90164e379117794d1b5afc6f -epiclocale=en
LogInit: Base Directory: C:/Program Files/Epic Games/UE_4.25/Engine/Binaries/Win64/
LogInit: Allocator: TBB
LogInit: Installed Engine Build: 1
LogDevObjectVersion: Number of dev versions registered: 26
LogDevObjectVersion:   Dev-Blueprints (B0D832E4-1F89-4F0D-ACCF-7EB736FD4AA2): 10
LogDevObjectVersion:   Dev-Build (E1C64328-A22C-4D53-A36C-8E866417BD8C): 0
LogDevObjectVersion:   Dev-Core (375EC13C-06E4-48FB-B500-84F0262A717E): 4
LogDevObjectVersion:   Dev-Editor (E4B068ED-F494-42E9-A231-DA0B2E46BB41): 38
LogDevObjectVersion:   Dev-Framework (CFFC743F-43B0-4480-9391-14DF171D2073): 37
LogDevObjectVersion:   Dev-Mobile (B02B49B5-BB20-44E9-A304-32B752E40360): 2
LogDevObjectVersion:   Dev-Networking (A4E4105C-59A1-49B5-A7C5-40C4547EDFEE): 0
LogDevObjectVersion:   Dev-Online (39C831C9-5AE6-47DC-9A44-9C173E1C8E7C): 0
LogDevObjectVersion:   Dev-Physics (78F01B33-EBEA-4F98-B9B4-84EACCB95AA2): 4
LogDevObjectVersion:   Dev-Platform (6631380F-2D4D-43E0-8009-CF276956A95A): 0
LogDevObjectVersion:   Dev-Rendering (12F88B9F-8875-4AFC-A67C-D90C383ABD29): 43
LogDevObjectVersion:   Dev-Sequencer (7B5AE74C-D270-4C10-A958-57980B212A5A): 12
LogDevObjectVersion:   Dev-VR (D7296918-1DD6-4BDD-9DE2-64A83CC13884): 3
LogDevObjectVersion:   Dev-LoadTimes (C2A15278-BFE7-4AFE-6C17-90FF531DF755): 1
LogDevObjectVersion:   Private-Geometry (6EACA3D4-40EC-4CC1-B786-8BED09428FC5): 3
LogDevObjectVersion:   Dev-AnimPhys (29E575DD-E0A3-4627-9D10-D276232CDCEA): 17
LogDevObjectVersion:   Dev-Anim (AF43A65D-7FD3-4947-9873-3E8ED9C1BB05): 7
LogDevObjectVersion:   Dev-ReflectionCapture (6B266CEC-1EC7-4B8F-A30B-E4D90942FC07): 1
LogDevObjectVersion:   Dev-Automation (0DF73D61-A23F-47EA-B727-89E90C41499A): 1
LogDevObjectVersion:   FortniteMain (601D1886-AC64-4F84-AA16-D3DE0DEAC7D6): 31
LogDevObjectVersion:   Dev-Enterprise (9DFFBCD6-494F-0158-E221-12823C92A888): 10
LogDevObjectVersion:   Dev-Niagara (F2AED0AC-9AFE-416F-8664-AA7FFA26D6FC): 1
LogDevObjectVersion:   Dev-Destruction (174F1F0B-B4C6-45A5-B13F-2EE8D0FB917D): 10
LogDevObjectVersion:   Dev-Physics-Ext (35F94A83-E258-406C-A318-09F59610247C): 37
LogDevObjectVersion:   Dev-PhysicsMaterial-Chaos (B68FC16E-8B1B-42E2-B453-215C058844FE): 1
LogDevObjectVersion:   Dev-CineCamera (B2E18506-4273-CFC2-A54E-F4BB758BBA07): 1
LogInit: Presizing for max 25165824 objects, including 0 objects not considered by GC, pre-allocating 0 bytes for permanent pool.
LogConfig: Applying CVar settings from Section [/Script/Engine.StreamingSettings] File [C:/Users/bsanchez76/Documents/GitHub/RMCAD_VRGallery/Saved/Config/Windows/Engine.ini]
LogConfig: Setting CVar [[s.MinBulkDataSizeForAsyncLoading:131072]]
LogConfig: Setting CVar [[s.AsyncLoadingThreadEnabled:0]]
LogConfig: Setting CVar [[s.EventDrivenLoaderEnabled:1]]
LogConfig: Setting CVar [[s.WarnIfTimeLimitExceeded:0]]
LogConfig: Setting CVar [[s.TimeLimitExceededMultiplier:1.5]]
LogConfig: Setting CVar [[s.TimeLimitExceededMinTime:0.005]]
LogConfig: Setting CVar [[s.UseBackgroundLevelStreaming:1]]
LogConfig: Setting CVar [[s.PriorityAsyncLoadingExtraTime:15.0]]
LogConfig: Setting CVar [[s.LevelStreamingActorsUpdateTimeLimit:5.0]]
LogConfig: Setting CVar [[s.PriorityLevelStreamingActorsUpdateExtraTime:5.0]]
LogConfig: Setting CVar [[s.LevelStreamingComponentsRegistrationGranularity:10]]
LogConfig: Setting CVar [[s.UnregisterComponentsTimeLimit:1.0]]
LogConfig: Setting CVar [[s.LevelStreamingComponentsUnregistrationGranularity:5]]
LogConfig: Setting CVar [[s.FlushStreamingOnExit:1]]
LogInit: Object subsystem initialized
LogConfig: Setting CVar [[con.DebugEarlyDefault:1]]
LogConfig: Setting CVar [[r.setres:1280x720]]
[2020.08.25-21.55.01:946][  0]LogConfig: Setting CVar [[r.VSync:0]]
[2020.08.25-21.55.01:946][  0]LogConfig: Setting CVar [[r.RHICmdBypass:0]]
[2020.08.25-21.55.01:946][  0]LogConfig: Applying CVar settings from Section [/Script/Engine.RendererSettings] File [C:/Users/bsanchez76/Documents/GitHub/RMCAD_VRGallery/Saved/Config/Windows/Engine.ini]
[2020.08.25-21.55.01:946][  0]LogConfig: Setting CVar [[r.GPUCrashDebugging:0]]
[2020.08.25-21.55.01:946][  0]LogConfig: Setting CVar [[r.DefaultFeature.AutoExposure:0]]
[2020.08.25-21.55.01:946][  0]LogConfig: Applying CVar settings from Section [/Script/Engine.RendererOverrideSettings] File [C:/Users/bsanchez76/Documents/GitHub/RMCAD_VRGallery/Saved/Config/Windows/Engine.ini]
[2020.08.25-21.55.01:946][  0]LogConfig: Applying CVar settings from Section [/Script/Engine.StreamingSettings] File [C:/Users/bsanchez76/Documents/GitHub/RMCAD_VRGallery/Saved/Config/Windows/Engine.ini]
[2020.08.25-21.55.01:946][  0]LogConfig: Setting CVar [[s.MinBulkDataSizeForAsyncLoading:131072]]
[2020.08.25-21.55.01:946][  0]LogConfig: Setting CVar [[s.AsyncLoadingThreadEnabled:0]]
[2020.08.25-21.55.01:946][  0]LogConfig: Setting CVar [[s.EventDrivenLoaderEnabled:1]]
[2020.08.25-21.55.01:946][  0]LogConfig: Setting CVar [[s.WarnIfTimeLimitExceeded:0]]
[2020.08.25-21.55.01:946][  0]LogConfig: Setting CVar [[s.TimeLimitExceededMultiplier:1.5]]
[2020.08.25-21.55.01:946][  0]LogConfig: Setting CVar [[s.TimeLimitExceededMinTime:0.005]]
[2020.08.25-21.55.01:946][  0]LogConfig: Setting CVar [[s.UseBackgroundLevelStreaming:1]]
[2020.08.25-21.55.01:946][  0]LogConfig: Setting CVar [[s.PriorityAsyncLoadingExtraTime:15.0]]
[2020.08.25-21.55.01:946][  0]LogConfig: Setting CVar [[s.LevelStreamingActorsUpdateTimeLimit:5.0]]
[2020.08.25-21.55.01:946][  0]LogConfig: Setting CVar [[s.PriorityLevelStreamingActorsUpdateExtraTime:5.0]]
[2020.08.25-21.55.01:946][  0]LogConfig: Setting CVar [[s.LevelStreamingComponentsRegistrationGranularity:10]]
[2020.08.25-21.55.01:946][  0]LogConfig: Setting CVar [[s.UnregisterComponentsTimeLimit:1.0]]
[2020.08.25-21.55.01:946][  0]LogConfig: Setting CVar [[s.LevelStreamingComponentsUnregistrationGranularity:5]]
[2020.08.25-21.55.01:946][  0]LogConfig: Setting CVar [[s.FlushStreamingOnExit:1]]
[2020.08.25-21.55.01:946][  0]LogConfig: Applying CVar settings from Section [/Script/Engine.GarbageCollectionSettings] File [C:/Users/bsanchez76/Documents/GitHub/RMCAD_VRGallery/Saved/Config/Windows/Engine.ini]
[2020.08.25-21.55.01:946][  0]LogConfig: Setting CVar [[gc.MaxObjectsNotConsideredByGC:1]]
[2020.08.25-21.55.01:946][  0]LogConfig: Setting CVar [[gc.SizeOfPermanentObjectPool:0]]
[2020.08.25-21.55.01:946][  0]LogConfig: Setting CVar [[gc.FlushStreamingOnGC:0]]
[2020.08.25-21.55.01:946][  0]LogConfig: Setting CVar [[gc.NumRetriesBeforeForcingGC:10]]
[2020.08.25-21.55.01:946][  0]LogConfig: Setting CVar [[gc.AllowParallelGC:1]]
[2020.08.25-21.55.01:946][  0]LogConfig: Setting CVar [[gc.TimeBetweenPurgingPendingKillObjects:61.1]]
[2020.08.25-21.55.01:946][  0]LogConfig: Setting CVar [[gc.MaxObjectsInEditor:25165824]]
[2020.08.25-21.55.01:946][  0]LogConfig: Setting CVar [[gc.IncrementalBeginDestroyEnabled:1]]
[2020.08.25-21.55.01:946][  0]LogConfig: Setting CVar [[gc.CreateGCClusters:1]]
[2020.08.25-21.55.01:946][  0]LogConfig: Setting CVar [[gc.MinGCClusterSize:5]]
[2020.08.25-21.55.01:946][  0]LogConfig: Setting CVar [[gc.ActorClusteringEnabled:0]]
[2020.08.25-21.55.01:946][  0]LogConfig: Setting CVar [[gc.BlueprintClusteringEnabled:0]]
[2020.08.25-21.55.01:946][  0]LogConfig: Setting CVar [[gc.UseDisregardForGCOnDedicatedServers:0]]
[2020.08.25-21.55.01:946][  0]LogConfig: Applying CVar settings from Section [/Script/Engine.NetworkSettings] File [C:/Users/bsanchez76/Documents/GitHub/RMCAD_VRGallery/Saved/Config/Windows/Engine.ini]
[2020.08.25-21.55.01:946][  0]LogConfig: Applying CVar settings from Section [/Script/UnrealEd.CookerSettings] File [C:/Users/bsanchez76/Documents/GitHub/RMCAD_VRGallery/Saved/Config/Windows/Engine.ini]
[2020.08.25-21.55.01:952][  0]LogConfig: Applying CVar settings from Section [ViewDistanceQuality@3] File [C:/Users/bsanchez76/Documents/GitHub/RMCAD_VRGallery/Saved/Config/Windows/Scalability.ini]
[2020.08.25-21.55.01:952][  0]LogConfig: Setting CVar [[r.SkeletalMeshLODBias:0]]
[2020.08.25-21.55.01:952][  0]LogConfig: Setting CVar [[r.ViewDistanceScale:1.0]]
[2020.08.25-21.55.01:952][  0]LogConfig: Applying CVar settings from Section [AntiAliasingQuality@3] File [C:/Users/bsanchez76/Documents/GitHub/RMCAD_VRGallery/Saved/Config/Windows/Scalability.ini]
[2020.08.25-21.55.01:952][  0]LogConfig: Setting CVar [[r.PostProcessAAQuality:4]]
[2020.08.25-21.55.01:952][  0]LogConfig: Applying CVar settings from Section [ShadowQuality@3] File [C:/Users/bsanchez76/Documents/GitHub/RMCAD_VRGallery/Saved/Config/Windows/Scalability.ini]
[2020.08.25-21.55.01:952][  0]LogConfig: Setting CVar [[r.LightFunctionQuality:1]]
[2020.08.25-21.55.01:952][  0]LogConfig: Setting CVar [[r.ShadowQuality:5]]
[2020.08.25-21.55.01:952][  0]LogConfig: Setting CVar [[r.Shadow.CSM.MaxCascades:10]]
[2020.08.25-21.55.01:952][  0]LogConfig: Setting CVar [[r.Shadow.MaxResolution:2048]]
[2020.08.25-21.55.01:952][  0]LogConfig: Setting CVar [[r.Shadow.MaxCSMResolution:2048]]
[2020.08.25-21.55.01:952][  0]LogConfig: Setting CVar [[r.Shadow.RadiusThreshold:0.01]]
[2020.08.25-21.55.01:952][  0]LogConfig: Setting CVar [[r.Shadow.DistanceScale:1.0]]
[2020.08.25-21.55.01:952][  0]LogConfig: Setting CVar [[r.Shadow.CSM.TransitionScale:1.0]]
[2020.08.25-21.55.01:952][  0]LogConfig: Setting CVar [[r.Shadow.PreShadowResolutionFactor:1.0]]
[2020.08.25-21.55.01:952][  0]LogConfig: Setting CVar [[r.DistanceFieldShadowing:1]]
[2020.08.25-21.55.01:952][  0]LogConfig: Setting CVar [[r.DistanceFieldAO:1]]
[2020.08.25-21.55.01:952][  0]LogConfig: Setting CVar [[r.AOQuality:2]]
[2020.08.25-21.55.01:952][  0]LogConfig: Setting CVar [[r.VolumetricFog:1]]
[2020.08.25-21.55.01:952][  0]LogConfig: Setting CVar [[r.VolumetricFog.GridPixelSize:8]]
[2020.08.25-21.55.01:952][  0]LogConfig: Setting CVar [[r.VolumetricFog.GridSizeZ:128]]
[2020.08.25-21.55.01:952][  0]LogConfig: Setting CVar [[r.VolumetricFog.HistoryMissSupersampleCount:4]]
[2020.08.25-21.55.01:952][  0]LogConfig: Setting CVar [[r.LightMaxDrawDistanceScale:1]]
[2020.08.25-21.55.01:952][  0]LogConfig: Setting CVar [[r.CapsuleShadows:1]]
[2020.08.25-21.55.01:953][  0]LogConfig: Applying CVar settings from Section [PostProcessQuality@3] File [C:/Users/bsanchez76/Documents/GitHub/RMCAD_VRGallery/Saved/Config/Windows/Scalability.ini]
[2020.08.25-21.55.01:953][  0]LogConfig: Setting CVar [[r.MotionBlurQuality:4]]
[2020.08.25-21.55.01:953][  0]LogConfig: Setting CVar [[r.AmbientOcclusionMipLevelFactor:0.4]]
[2020.08.25-21.55.01:953][  0]LogConfig: Setting CVar [[r.AmbientOcclusionMaxQuality:100]]
[2020.08.25-21.55.01:953][  0]LogConfig: Setting CVar [[r.AmbientOcclusionLevels:-1]]
[2020.08.25-21.55.01:953][  0]LogConfig: Setting CVar [[r.AmbientOcclusionRadiusScale:1.0]]
[2020.08.25-21.55.01:953][  0]LogConfig: Setting CVar [[r.DepthOfFieldQuality:2]]
[2020.08.25-21.55.01:953][  0]LogConfig: Setting CVar [[r.RenderTargetPoolMin:400]]
[2020.08.25-21.55.01:953][  0]LogConfig: Setting CVar [[r.LensFlareQuality:2]]
[2020.08.25-21.55.01:953][  0]LogConfig: Setting CVar [[r.SceneColorFringeQuality:1]]
[2020.08.25-21.55.01:953][  0]LogConfig: Setting CVar [[r.EyeAdaptationQuality:2]]
[2020.08.25-21.55.01:953][  0]LogConfig: Setting CVar [[r.BloomQuality:5]]
[2020.08.25-21.55.01:953][  0]LogConfig: Setting CVar [[r.FastBlurThreshold:100]]
[2020.08.25-21.55.01:953][  0]LogConfig: Setting CVar [[r.Upscale.Quality:3]]
[2020.08.25-21.55.01:953][  0]LogConfig: Setting CVar [[r.Tonemapper.GrainQuantization:1]]
[2020.08.25-21.55.01:953][  0]LogConfig: Setting CVar [[r.LightShaftQuality:1]]
[2020.08.25-21.55.01:953][  0]LogConfig: Setting CVar [[r.Filter.SizeScale:1]]
[2020.08.25-21.55.01:953][  0]LogConfig: Setting CVar [[r.Tonemapper.Quality:5]]
[2020.08.25-21.55.01:953][  0]LogConfig: Setting CVar [[r.DOF.Gather.AccumulatorQuality:1        ; higher gathering accumulator quality]]
[2020.08.25-21.55.01:953][  0]LogConfig: Setting CVar [[r.DOF.Gather.PostfilterMethod:1          ; Median3x3 postfilering method]]
[2020.08.25-21.55.01:953][  0]LogConfig: Setting CVar [[r.DOF.Gather.EnableBokehSettings:0       ; no bokeh simulation when gathering]]
[2020.08.25-21.55.01:953][  0]LogConfig: Setting CVar [[r.DOF.Gather.RingCount:4                 ; medium number of samples when gathering]]
[2020.08.25-21.55.01:953][  0]LogConfig: Setting CVar [[r.DOF.Scatter.ForegroundCompositing:1    ; additive foreground scattering]]
[2020.08.25-21.55.01:953][  0]LogConfig: Setting CVar [[r.DOF.Scatter.BackgroundCompositing:2    ; additive background scattering]]
[2020.08.25-21.55.01:953][  0]LogConfig: Setting CVar [[r.DOF.Scatter.EnableBokehSettings:1      ; bokeh simulation when scattering]]
[2020.08.25-21.55.01:953][  0]LogConfig: Setting CVar [[r.DOF.Scatter.MaxSpriteRatio:0.1         ; only a maximum of 10% of scattered bokeh]]
[2020.08.25-21.55.01:953][  0]LogConfig: Setting CVar [[r.DOF.Recombine.Quality:1                ; cheap slight out of focus]]
[2020.08.25-21.55.01:953][  0]LogConfig: Setting CVar [[r.DOF.Recombine.EnableBokehSettings:0    ; no bokeh simulation on slight out of focus]]
[2020.08.25-21.55.01:953][  0]LogConfig: Setting CVar [[r.DOF.TemporalAAQuality:1                ; more stable temporal accumulation]]
[2020.08.25-21.55.01:953][  0]LogConfig: Setting CVar [[r.DOF.Kernel.MaxForegroundRadius:0.025]]
[2020.08.25-21.55.01:953][  0]LogConfig: Setting CVar [[r.DOF.Kernel.MaxBackgroundRadius:0.025]]
[2020.08.25-21.55.01:953][  0]LogConfig: Applying CVar settings from Section [TextureQuality@3] File [C:/Users/bsanchez76/Documents/GitHub/RMCAD_VRGallery/Saved/Config/Windows/Scalability.ini]
[2020.08.25-21.55.01:953][  0]LogConfig: Setting CVar [[r.Streaming.MipBias:0]]
[2020.08.25-21.55.01:953][  0]LogConfig: Setting CVar [[r.Streaming.AmortizeCPUToGPUCopy:0]]
[2020.08.25-21.55.01:953][  0]LogConfig: Setting CVar [[r.Streaming.MaxNumTexturesToStreamPerFrame:0]]
[2020.08.25-21.55.01:953][  0]LogConfig: Setting CVar [[r.Streaming.Boost:1]]
[2020.08.25-21.55.01:953][  0]LogConfig: Setting CVar [[r.MaxAnisotropy:8]]
[2020.08.25-21.55.01:953][  0]LogConfig: Setting CVar [[r.VT.MaxAnisotropy:8]]
[2020.08.25-21.55.01:953][  0]LogConfig: Setting CVar [[r.Streaming.LimitPoolSizeToVRAM:0]]
[2020.08.25-21.55.01:953][  0]LogConfig: Setting CVar [[r.Streaming.PoolSize:1000]]
[2020.08.25-21.55.01:953][  0]LogConfig: Setting CVar [[r.Streaming.MaxEffectiveScreenSize:0]]
[2020.08.25-21.55.01:953][  0]LogConfig: Applying CVar settings from Section [EffectsQuality@3] File [C:/Users/bsanchez76/Documents/GitHub/RMCAD_VRGallery/Saved/Config/Windows/Scalability.ini]
[2020.08.25-21.55.01:953][  0]LogConfig: Setting CVar [[r.TranslucencyLightingVolumeDim:64]]
[2020.08.25-21.55.01:953][  0]LogConfig: Setting CVar [[r.RefractionQuality:2]]
[2020.08.25-21.55.01:953][  0]LogConfig: Setting CVar [[r.SSR.Quality:3]]
[2020.08.25-21.55.01:953][  0]LogConfig: Setting CVar [[r.SSR.HalfResSceneColor:0]]
[2020.08.25-21.55.01:953][  0]LogConfig: Setting CVar [[r.SceneColorFormat:4]]
[2020.08.25-21.55.01:953][  0]LogConfig: Setting CVar [[r.DetailMode:2]]
[2020.08.25-21.55.01:953][  0]LogConfig: Setting CVar [[r.TranslucencyVolumeBlur:1]]
[2020.08.25-21.55.01:953][  0]LogConfig: Setting CVar [[r.MaterialQualityLevel:1 ; High quality]]
[2020.08.25-21.55.01:953][  0]LogConfig: Setting CVar [[r.SSS.Scale:1]]
[2020.08.25-21.55.01:953][  0]LogConfig: Setting CVar [[r.SSS.SampleSet:2]]
[2020.08.25-21.55.01:953][  0]LogConfig: Setting CVar [[r.SSS.Quality:1]]
[2020.08.25-21.55.01:953][  0]LogConfig: Setting CVar [[r.SSS.HalfRes:0]]
[2020.08.25-21.55.01:953][  0]LogConfig: Setting CVar [[r.SSGI.Quality:3]]
[2020.08.25-21.55.01:953][  0]LogConfig: Setting CVar [[r.EmitterSpawnRateScale:1.0]]
[2020.08.25-21.55.01:954][  0]LogConfig: Setting CVar [[r.ParticleLightQuality:2]]
[2020.08.25-21.55.01:954][  0]LogConfig: Setting CVar [[r.SkyAtmosphere.AerialPerspectiveLUT.FastApplyOnOpaque:1 ; Always have FastSkyLUT 1 in this case to avoid wrong sky]]
[2020.08.25-21.55.01:954][  0]LogConfig: Setting CVar [[r.SkyAtmosphere.AerialPerspectiveLUT.SampleCountPerSlice:1]]
[2020.08.25-21.55.01:954][  0]LogConfig: Setting CVar [[r.SkyAtmosphere.AerialPerspectiveLUT.DepthResolution:16.0]]
[2020.08.25-21.55.01:954][  0]LogConfig: Setting CVar [[r.SkyAtmosphere.FastSkyLUT:1]]
[2020.08.25-21.55.01:954][  0]LogConfig: Setting CVar [[r.SkyAtmosphere.FastSkyLUT.SampleCountMin:4.0]]
[2020.08.25-21.55.01:954][  0]LogConfig: Setting CVar [[r.SkyAtmosphere.FastSkyLUT.SampleCountMax:32.0]]
[2020.08.25-21.55.01:954][  0]LogConfig: Setting CVar [[r.SkyAtmosphere.SampleCountMin:4.0]]
[2020.08.25-21.55.01:954][  0]LogConfig: Setting CVar [[r.SkyAtmosphere.SampleCountMax:32.0]]
[2020.08.25-21.55.01:954][  0]LogConfig: Setting CVar [[r.SkyAtmosphere.TransmittanceLUT.UseSmallFormat:0]]
[2020.08.25-21.55.01:954][  0]LogConfig: Setting CVar [[r.SkyAtmosphere.TransmittanceLUT.SampleCount:10.0]]
[2020.08.25-21.55.01:954][  0]LogConfig: Setting CVar [[r.SkyAtmosphere.MultiScatteringLUT.SampleCount:15.0]]
[2020.08.25-21.55.01:954][  0]LogConfig: Applying CVar settings from Section [FoliageQuality@3] File [C:/Users/bsanchez76/Documents/GitHub/RMCAD_VRGallery/Saved/Config/Windows/Scalability.ini]
[2020.08.25-21.55.01:954][  0]LogConfig: Setting CVar [[foliage.DensityScale:1.0]]
[2020.08.25-21.55.01:954][  0]LogConfig: Setting CVar [[grass.DensityScale:1.0]]
[2020.08.25-21.55.01:954][  0]LogConfig: Applying CVar settings from Section [ShadingQuality@3] File [C:/Users/bsanchez76/Documents/GitHub/RMCAD_VRGallery/Saved/Config/Windows/Scalability.ini]
[2020.08.25-21.55.01:954][  0]LogConfig: Setting CVar [[r.HairStrands.SkyLighting.SampleCount:16]]
[2020.08.25-21.55.01:954][  0]LogConfig: Setting CVar [[r.HairStrands.SkyLighting.JitterIntegration:0]]
[2020.08.25-21.55.01:954][  0]LogConfig: Setting CVar [[r.HairStrands.SkyAO.SampleCount:16]]
[2020.08.25-21.55.01:954][  0]LogConfig: Setting CVar [[r.HairStrands.DeepShadow.SuperSampling:0]]
[2020.08.25-21.55.01:954][  0]LogConfig: Setting CVar [[r.HairStrands.VisibilityPPLL:0]]
[2020.08.25-21.55.01:954][  0]LogConfig: Setting CVar [[r.HairStrands.RasterizationScale:0.5]]
[2020.08.25-21.55.01:954][  0]LogConfig: Setting CVar [[r.HairStrands.VelocityRasterizationScale:1]]
[2020.08.25-21.55.01:954][  0]LogInit: Selected Device Profile: [Windows]
[2020.08.25-21.55.01:954][  0]LogInit: Applying CVar settings loaded from the selected device profile: [Windows]
[2020.08.25-21.55.01:954][  0]LogHAL: Display: Platform has ~ 16 GB [17078452224 / 17179869184 / 16], which maps to Larger [LargestMinGB=32, LargerMinGB=12, DefaultMinGB=8, SmallerMinGB=6, SmallestMinGB=0)
[2020.08.25-21.55.01:954][  0]LogInit: Going up to parent DeviceProfile []
[2020.08.25-21.55.01:954][  0]LogConfig: Applying CVar settings from Section [ViewDistanceQuality@3] File [C:/Users/bsanchez76/Documents/GitHub/RMCAD_VRGallery/Saved/Config/Windows/Scalability.ini]
[2020.08.25-21.55.01:954][  0]LogConfig: Setting CVar [[r.SkeletalMeshLODBias:0]]
[2020.08.25-21.55.01:954][  0]LogConfig: Setting CVar [[r.ViewDistanceScale:1.0]]
[2020.08.25-21.55.01:954][  0]LogConfig: Applying CVar settings from Section [AntiAliasingQuality@3] File [C:/Users/bsanchez76/Documents/GitHub/RMCAD_VRGallery/Saved/Config/Windows/Scalability.ini]
[2020.08.25-21.55.01:954][  0]LogConfig: Setting CVar [[r.PostProcessAAQuality:4]]
[2020.08.25-21.55.01:954][  0]LogConfig: Applying CVar settings from Section [ShadowQuality@3] File [C:/Users/bsanchez76/Documents/GitHub/RMCAD_VRGallery/Saved/Config/Windows/Scalability.ini]
[2020.08.25-21.55.01:954][  0]LogConfig: Setting CVar [[r.LightFunctionQuality:1]]
[2020.08.25-21.55.01:954][  0]LogConfig: Setting CVar [[r.ShadowQuality:5]]
[2020.08.25-21.55.01:954][  0]LogConfig: Setting CVar [[r.Shadow.CSM.MaxCascades:10]]
[2020.08.25-21.55.01:954][  0]LogConfig: Setting CVar [[r.Shadow.MaxResolution:2048]]
[2020.08.25-21.55.01:954][  0]LogConfig: Setting CVar [[r.Shadow.MaxCSMResolution:2048]]
[2020.08.25-21.55.01:954][  0]LogConfig: Setting CVar [[r.Shadow.RadiusThreshold:0.01]]
[2020.08.25-21.55.01:954][  0]LogConfig: Setting CVar [[r.Shadow.DistanceScale:1.0]]
[2020.08.25-21.55.01:954][  0]LogConfig: Setting CVar [[r.Shadow.CSM.TransitionScale:1.0]]
[2020.08.25-21.55.01:954][  0]LogConfig: Setting CVar [[r.Shadow.PreShadowResolutionFactor:1.0]]
[2020.08.25-21.55.01:954][  0]LogConfig: Setting CVar [[r.DistanceFieldShadowing:1]]
[2020.08.25-21.55.01:954][  0]LogConfig: Setting CVar [[r.DistanceFieldAO:1]]
[2020.08.25-21.55.01:954][  0]LogConfig: Setting CVar [[r.AOQuality:2]]
[2020.08.25-21.55.01:954][  0]LogConfig: Setting CVar [[r.VolumetricFog:1]]
[2020.08.25-21.55.01:954][  0]LogConfig: Setting CVar [[r.VolumetricFog.GridPixelSize:8]]
[2020.08.25-21.55.01:954][  0]LogConfig: Setting CVar [[r.VolumetricFog.GridSizeZ:128]]
[2020.08.25-21.55.01:954][  0]LogConfig: Setting CVar [[r.VolumetricFog.HistoryMissSupersampleCount:4]]
[2020.08.25-21.55.01:954][  0]LogConfig: Setting CVar [[r.LightMaxDrawDistanceScale:1]]
[2020.08.25-21.55.01:954][  0]LogConfig: Setting CVar [[r.CapsuleShadows:1]]
[2020.08.25-21.55.01:954][  0]LogConfig: Applying CVar settings from Section [PostProcessQuality@3] File [C:/Users/bsanchez76/Documents/GitHub/RMCAD_VRGallery/Saved/Config/Windows/Scalability.ini]
[2020.08.25-21.55.01:954][  0]LogConfig: Setting CVar [[r.MotionBlurQuality:4]]
[2020.08.25-21.55.01:954][  0]LogConfig: Setting CVar [[r.AmbientOcclusionMipLevelFactor:0.4]]
[2020.08.25-21.55.01:954][  0]LogConfig: Setting CVar [[r.AmbientOcclusionMaxQuality:100]]
[2020.08.25-21.55.01:954][  0]LogConfig: Setting CVar [[r.AmbientOcclusionLevels:-1]]
[2020.08.25-21.55.01:955][  0]LogConfig: Setting CVar [[r.AmbientOcclusionRadiusScale:1.0]]
[2020.08.25-21.55.01:955][  0]LogConfig: Setting CVar [[r.DepthOfFieldQuality:2]]
[2020.08.25-21.55.01:955][  0]LogConfig: Setting CVar [[r.RenderTargetPoolMin:400]]
[2020.08.25-21.55.01:955][  0]LogConfig: Setting CVar [[r.LensFlareQuality:2]]
[2020.08.25-21.55.01:955][  0]LogConfig: Setting CVar [[r.SceneColorFringeQuality:1]]
[2020.08.25-21.55.01:955][  0]LogConfig: Setting CVar [[r.EyeAdaptationQuality:2]]
[2020.08.25-21.55.01:955][  0]LogConfig: Setting CVar [[r.BloomQuality:5]]
[2020.08.25-21.55.01:955][  0]LogConfig: Setting CVar [[r.FastBlurThreshold:100]]
[2020.08.25-21.55.01:955][  0]LogConfig: Setting CVar [[r.Upscale.Quality:3]]
[2020.08.25-21.55.01:955][  0]LogConfig: Setting CVar [[r.Tonemapper.GrainQuantization:1]]
[2020.08.25-21.55.01:955][  0]LogConfig: Setting CVar [[r.LightShaftQuality:1]]
[2020.08.25-21.55.01:955][  0]LogConfig: Setting CVar [[r.Filter.SizeScale:1]]
[2020.08.25-21.55.01:955][  0]LogConfig: Setting CVar [[r.Tonemapper.Quality:5]]
[2020.08.25-21.55.01:955][  0]LogConfig: Setting CVar [[r.DOF.Gather.AccumulatorQuality:1        ; higher gathering accumulator quality]]
[2020.08.25-21.55.01:955][  0]LogConfig: Setting CVar [[r.DOF.Gather.PostfilterMethod:1          ; Median3x3 postfilering method]]
[2020.08.25-21.55.01:955][  0]LogConfig: Setting CVar [[r.DOF.Gather.EnableBokehSettings:0       ; no bokeh simulation when gathering]]
[2020.08.25-21.55.01:955][  0]LogConfig: Setting CVar [[r.DOF.Gather.RingCount:4                 ; medium number of samples when gathering]]
[2020.08.25-21.55.01:955][  0]LogConfig: Setting CVar [[r.DOF.Scatter.ForegroundCompositing:1    ; additive foreground scattering]]
[2020.08.25-21.55.01:955][  0]LogConfig: Setting CVar [[r.DOF.Scatter.BackgroundCompositing:2    ; additive background scattering]]
[2020.08.25-21.55.01:955][  0]LogConfig: Setting CVar [[r.DOF.Scatter.EnableBokehSettings:1      ; bokeh simulation when scattering]]
[2020.08.25-21.55.01:955][  0]LogConfig: Setting CVar [[r.DOF.Scatter.MaxSpriteRatio:0.1         ; only a maximum of 10% of scattered bokeh]]
[2020.08.25-21.55.01:955][  0]LogConfig: Setting CVar [[r.DOF.Recombine.Quality:1                ; cheap slight out of focus]]
[2020.08.25-21.55.01:955][  0]LogConfig: Setting CVar [[r.DOF.Recombine.EnableBokehSettings:0    ; no bokeh simulation on slight out of focus]]
[2020.08.25-21.55.01:955][  0]LogConfig: Setting CVar [[r.DOF.TemporalAAQuality:1                ; more stable temporal accumulation]]
[2020.08.25-21.55.01:955][  0]LogConfig: Setting CVar [[r.DOF.Kernel.MaxForegroundRadius:0.025]]
[2020.08.25-21.55.01:955][  0]LogConfig: Setting CVar [[r.DOF.Kernel.MaxBackgroundRadius:0.025]]
[2020.08.25-21.55.01:955][  0]LogConfig: Applying CVar settings from Section [TextureQuality@3] File [C:/Users/bsanchez76/Documents/GitHub/RMCAD_VRGallery/Saved/Config/Windows/Scalability.ini]
[2020.08.25-21.55.01:955][  0]LogConfig: Setting CVar [[r.Streaming.MipBias:0]]
[2020.08.25-21.55.01:955][  0]LogConfig: Setting CVar [[r.Streaming.AmortizeCPUToGPUCopy:0]]
[2020.08.25-21.55.01:955][  0]LogConfig: Setting CVar [[r.Streaming.MaxNumTexturesToStreamPerFrame:0]]
[2020.08.25-21.55.01:955][  0]LogConfig: Setting CVar [[r.Streaming.Boost:1]]
[2020.08.25-21.55.01:955][  0]LogConfig: Setting CVar [[r.MaxAnisotropy:8]]
[2020.08.25-21.55.01:955][  0]LogConfig: Setting CVar [[r.VT.MaxAnisotropy:8]]
[2020.08.25-21.55.01:955][  0]LogConfig: Setting CVar [[r.Streaming.LimitPoolSizeToVRAM:0]]
[2020.08.25-21.55.01:955][  0]LogConfig: Setting CVar [[r.Streaming.PoolSize:1000]]
[2020.08.25-21.55.01:955][  0]LogConfig: Setting CVar [[r.Streaming.MaxEffectiveScreenSize:0]]
[2020.08.25-21.55.01:955][  0]LogConfig: Applying CVar settings from Section [EffectsQuality@3] File [C:/Users/bsanchez76/Documents/GitHub/RMCAD_VRGallery/Saved/Config/Windows/Scalability.ini]
[2020.08.25-21.55.01:955][  0]LogConfig: Setting CVar [[r.TranslucencyLightingVolumeDim:64]]
[2020.08.25-21.55.01:955][  0]LogConfig: Setting CVar [[r.RefractionQuality:2]]
[2020.08.25-21.55.01:955][  0]LogConfig: Setting CVar [[r.SSR.Quality:3]]
[2020.08.25-21.55.01:955][  0]LogConfig: Setting CVar [[r.SSR.HalfResSceneColor:0]]
[2020.08.25-21.55.01:955][  0]LogConfig: Setting CVar [[r.SceneColorFormat:4]]
[2020.08.25-21.55.01:955][  0]LogConfig: Setting CVar [[r.DetailMode:2]]
[2020.08.25-21.55.01:955][  0]LogConfig: Setting CVar [[r.TranslucencyVolumeBlur:1]]
[2020.08.25-21.55.01:955][  0]LogConfig: Setting CVar [[r.MaterialQualityLevel:1 ; High quality]]
[2020.08.25-21.55.01:955][  0]LogConfig: Setting CVar [[r.SSS.Scale:1]]
[2020.08.25-21.55.01:955][  0]LogConfig: Setting CVar [[r.SSS.SampleSet:2]]
[2020.08.25-21.55.01:955][  0]LogConfig: Setting CVar [[r.SSS.Quality:1]]
[2020.08.25-21.55.01:955][  0]LogConfig: Setting CVar [[r.SSS.HalfRes:0]]
[2020.08.25-21.55.01:955][  0]LogConfig: Setting CVar [[r.SSGI.Quality:3]]
[2020.08.25-21.55.01:955][  0]LogConfig: Setting CVar [[r.EmitterSpawnRateScale:1.0]]
[2020.08.25-21.55.01:955][  0]LogConfig: Setting CVar [[r.ParticleLightQuality:2]]
[2020.08.25-21.55.01:955][  0]LogConfig: Setting CVar [[r.SkyAtmosphere.AerialPerspectiveLUT.FastApplyOnOpaque:1 ; Always have FastSkyLUT 1 in this case to avoid wrong sky]]
[2020.08.25-21.55.01:955][  0]LogConfig: Setting CVar [[r.SkyAtmosphere.AerialPerspectiveLUT.SampleCountPerSlice:1]]
[2020.08.25-21.55.01:955][  0]LogConfig: Setting CVar [[r.SkyAtmosphere.AerialPerspectiveLUT.DepthResolution:16.0]]
[2020.08.25-21.55.01:955][  0]LogConfig: Setting CVar [[r.SkyAtmosphere.FastSkyLUT:1]]
[2020.08.25-21.55.01:955][  0]LogConfig: Setting CVar [[r.SkyAtmosphere.FastSkyLUT.SampleCountMin:4.0]]
[2020.08.25-21.55.01:955][  0]LogConfig: Setting CVar [[r.SkyAtmosphere.FastSkyLUT.SampleCountMax:32.0]]
[2020.08.25-21.55.01:955][  0]LogConfig: Setting CVar [[r.SkyAtmosphere.SampleCountMin:4.0]]
[2020.08.25-21.55.01:955][  0]LogConfig: Setting CVar [[r.SkyAtmosphere.SampleCountMax:32.0]]
[2020.08.25-21.55.01:955][  0]LogConfig: Setting CVar [[r.SkyAtmosphere.TransmittanceLUT.UseSmallFormat:0]]
[2020.08.25-21.55.01:955][  0]LogConfig: Setting CVar [[r.SkyAtmosphere.TransmittanceLUT.SampleCount:10.0]]
[2020.08.25-21.55.01:955][  0]LogConfig: Setting CVar [[r.SkyAtmosphere.MultiScatteringLUT.SampleCount:15.0]]
[2020.08.25-21.55.01:955][  0]LogConfig: Applying CVar settings from Section [FoliageQuality@3] File [C:/Users/bsanchez76/Documents/GitHub/RMCAD_VRGallery/Saved/Config/Windows/Scalability.ini]
[2020.08.25-21.55.01:955][  0]LogConfig: Setting CVar [[foliage.DensityScale:1.0]]
[2020.08.25-21.55.01:955][  0]LogConfig: Setting CVar [[grass.DensityScale:1.0]]
[2020.08.25-21.55.01:955][  0]LogConfig: Applying CVar settings from Section [ShadingQuality@3] File [C:/Users/bsanchez76/Documents/GitHub/RMCAD_VRGallery/Saved/Config/Windows/Scalability.ini]
[2020.08.25-21.55.01:956][  0]LogConfig: Setting CVar [[r.HairStrands.SkyLighting.SampleCount:16]]
[2020.08.25-21.55.01:956][  0]LogConfig: Setting CVar [[r.HairStrands.SkyLighting.JitterIntegration:0]]
[2020.08.25-21.55.01:956][  0]LogConfig: Setting CVar [[r.HairStrands.SkyAO.SampleCount:16]]
[2020.08.25-21.55.01:956][  0]LogConfig: Setting CVar [[r.HairStrands.DeepShadow.SuperSampling:0]]
[2020.08.25-21.55.01:956][  0]LogConfig: Setting CVar [[r.HairStrands.VisibilityPPLL:0]]
[2020.08.25-21.55.01:956][  0]LogConfig: Setting CVar [[r.HairStrands.RasterizationScale:0.5]]
[2020.08.25-21.55.01:956][  0]LogConfig: Setting CVar [[r.HairStrands.VelocityRasterizationScale:1]]
[2020.08.25-21.55.01:956][  0]LogConfig: Applying CVar settings from Section [Startup] File [../../../Engine/Config/ConsoleVariables.ini]
[2020.08.25-21.55.01:956][  0]LogConfig: Setting CVar [[net.UseAdaptiveNetUpdateFrequency:0]]
[2020.08.25-21.55.01:956][  0]LogConfig: Setting CVar [[p.chaos.AllowCreatePhysxBodies:1]]
[2020.08.25-21.55.01:956][  0]LogConfig: Setting CVar [[fx.SkipVectorVMBackendOptimizations:1]]
[2020.08.25-21.55.01:956][  0]LogConfig: Applying CVar settings from Section [ConsoleVariables] File [C:/Users/bsanchez76/Documents/GitHub/RMCAD_VRGallery/Saved/Config/Windows/Engine.ini]
[2020.08.25-21.55.01:956][  0]LogInit: Computer: SARK
[2020.08.25-21.55.01:956][  0]LogInit: User: bsanchez76
[2020.08.25-21.55.01:956][  0]LogInit: CPU Page size=4096, Cores=4
[2020.08.25-21.55.01:956][  0]LogInit: High frequency timer resolution =10.000000 MHz
[2020.08.25-21.55.01:956][  0]LogMemory: Memory total: Physical=15.9GB (16GB approx)
[2020.08.25-21.55.01:956][  0]LogMemory: Platform Memory Stats for Windows
[2020.08.25-21.55.01:956][  0]LogMemory: Process Physical Memory: 118.55 MB used, 118.55 MB peak
[2020.08.25-21.55.01:956][  0]LogMemory: Process Virtual Memory: 104.45 MB used, 104.45 MB peak
[2020.08.25-21.55.01:956][  0]LogMemory: Physical Memory: 10740.82 MB used,  5546.46 MB free, 16287.28 MB total
[2020.08.25-21.55.01:956][  0]LogMemory: Virtual Memory: 5151.92 MB used,  134212576.00 MB free, 134217728.00 MB total
[2020.08.25-21.55.01:963][  0]LogWindows: WindowsPlatformFeatures enabled
[2020.08.25-21.55.01:996][  0]LogInit: Physics initialised using underlying interface: PhysX
[2020.08.25-21.55.01:997][  0]LogInit: Using OS detected language (en-US).
[2020.08.25-21.55.01:997][  0]LogInit: Using OS detected locale (en-US).
[2020.08.25-21.55.02:003][  0]LogTextLocalizationManager: No specific localization for 'en-US' exists, so the 'en' localization will be used.
[2020.08.25-21.55.02:298][  0]LogInit: Setting process to per monitor DPI aware
[2020.08.25-21.55.02:558][  0]LogSlate: New Slate User Created.  User Index 0, Is Virtual User: 0
[2020.08.25-21.55.02:558][  0]LogSlate: Slate User Registered.  User Index 0, Is Virtual User: 0
[2020.08.25-21.55.13:639][  0]LogHMD: Failed to initialize OpenVR with code 110
[2020.08.25-21.55.13:639][  0]LogD3D11RHI: D3D11 min allowed feature level: 11_0
[2020.08.25-21.55.13:639][  0]LogD3D11RHI: D3D11 max allowed feature level: 11_0
[2020.08.25-21.55.13:639][  0]LogD3D11RHI: D3D11 adapters:
[2020.08.25-21.55.13:708][  0]LogD3D11RHI:    0. 'NVIDIA GeForce GTX 1080' (Feature Level 11_0)
[2020.08.25-21.55.13:708][  0]LogD3D11RHI:       8079/0/8143 MB DedicatedVideo/DedicatedSystem/SharedSystem, Outputs:2, VendorId:0x10de
[2020.08.25-21.55.13:746][  0]LogD3D11RHI:    1. 'Intel(R) HD Graphics 630' (Feature Level 11_0)
[2020.08.25-21.55.13:746][  0]LogD3D11RHI:       128/0/8143 MB DedicatedVideo/DedicatedSystem/SharedSystem, Outputs:0, VendorId:0x8086
[2020.08.25-21.55.13:748][  0]LogD3D11RHI:    2. 'Microsoft Basic Render Driver' (Feature Level 11_0)
[2020.08.25-21.55.13:748][  0]LogD3D11RHI:       0/0/8143 MB DedicatedVideo/DedicatedSystem/SharedSystem, Outputs:0, VendorId:0x1414
[2020.08.25-21.55.13:748][  0]LogD3D11RHI: Chosen D3D11 Adapter: 0
[2020.08.25-21.55.13:760][  0]LogD3D11RHI: Creating new Direct3DDevice
[2020.08.25-21.55.13:760][  0]LogD3D11RHI:     GPU DeviceId: 0x1b80 (for the marketing name, search the web for "GPU Device Id")
[2020.08.25-21.55.13:760][  0]LogWindows: EnumDisplayDevices:
[2020.08.25-21.55.13:760][  0]LogWindows:    0. 'NVIDIA GeForce GTX 1080' (P:1 D:1)
[2020.08.25-21.55.13:760][  0]LogWindows:    1. 'NVIDIA GeForce GTX 1080' (P:0 D:1)
[2020.08.25-21.55.13:761][  0]LogWindows:    2. 'NVIDIA GeForce GTX 1080' (P:0 D:0)
[2020.08.25-21.55.13:761][  0]LogWindows:    3. 'NVIDIA GeForce GTX 1080' (P:0 D:0)
[2020.08.25-21.55.13:762][  0]LogWindows:    4. 'Intel(R) HD Graphics 630' (P:0 D:0)
[2020.08.25-21.55.13:762][  0]LogWindows:    5. 'Intel(R) HD Graphics 630' (P:0 D:0)
[2020.08.25-21.55.13:762][  0]LogWindows:    6. 'Intel(R) HD Graphics 630' (P:0 D:0)
[2020.08.25-21.55.13:762][  0]LogWindows: DebugString: PrimaryIsNotTheChoosenAdapter PrimaryIsNotTheChoosenAdapter PrimaryIsNotTheChoosenAdapter FoundDriverCount:4 
[2020.08.25-21.55.13:762][  0]LogD3D11RHI:     Adapter Name: NVIDIA GeForce GTX 1080
[2020.08.25-21.55.13:762][  0]LogD3D11RHI:   Driver Version: 451.67 (internal:27.21.14.5167, unified:451.67)
[2020.08.25-21.55.13:762][  0]LogD3D11RHI:      Driver Date: 7-5-2020
[2020.08.25-21.55.13:762][  0]LogRHI: Texture pool is 5655 MB (70% of 8079 MB)
[2020.08.25-21.55.13:806][  0]LogD3D11RHI: RHI has support for 64 bit atomics
[2020.08.25-21.55.13:808][  0]LogD3D11RHI: [Aftermath] Enabled and primed
[2020.08.25-21.55.13:808][  0]LogD3D11RHI: Async texture creation enabled
[2020.08.25-21.55.13:808][  0]LogD3D11RHI: Array index from any shader is supported
[2020.08.25-21.55.13:874][  0]LogD3D11RHI: GPU Timing Frequency: 1000.000000 (Debug: 2 1)
[2020.08.25-21.55.14:282][  0]LogTargetPlatformManager: Display: Loaded TargetPlatform 'AllDesktop'
[2020.08.25-21.55.14:305][  0]LogTargetPlatformManager: Display: Loaded TargetPlatform 'Android'
[2020.08.25-21.55.14:305][  0]LogTargetPlatformManager: Display: Loaded TargetPlatform 'Android_ASTC'
[2020.08.25-21.55.14:305][  0]LogTargetPlatformManager: Display: Loaded TargetPlatform 'Android_DXT'
[2020.08.25-21.55.14:305][  0]LogTargetPlatformManager: Display: Loaded TargetPlatform 'Android_ETC2'
[2020.08.25-21.55.14:305][  0]LogTargetPlatformManager: Display: Loaded TargetPlatform 'AndroidClient'
[2020.08.25-21.55.14:305][  0]LogTargetPlatformManager: Display: Loaded TargetPlatform 'Android_ASTCClient'
[2020.08.25-21.55.14:305][  0]LogTargetPlatformManager: Display: Loaded TargetPlatform 'Android_DXTClient'
[2020.08.25-21.55.14:305][  0]LogTargetPlatformManager: Display: Loaded TargetPlatform 'Android_ETC2Client'
[2020.08.25-21.55.14:305][  0]LogTargetPlatformManager: Display: Loaded TargetPlatform 'Android_Multi'
[2020.08.25-21.55.14:305][  0]LogTargetPlatformManager: Display: Loaded TargetPlatform 'Android_MultiClient'
[2020.08.25-21.55.14:373][  0]LogTargetPlatformManager: Display: Loaded TargetPlatform 'IOSClient'
[2020.08.25-21.55.14:373][  0]LogTargetPlatformManager: Display: Loaded TargetPlatform 'IOS'
[2020.08.25-21.55.14:420][  0]LogTargetPlatformManager: Display: Loaded TargetPlatform 'Linux'
[2020.08.25-21.55.14:428][  0]LogTargetPlatformManager: Display: Loaded TargetPlatform 'LinuxNoEditor'
[2020.08.25-21.55.14:437][  0]LogTargetPlatformManager: Display: Loaded TargetPlatform 'LinuxClient'
[2020.08.25-21.55.14:448][  0]LogTargetPlatformManager: Display: Loaded TargetPlatform 'LinuxServer'
[2020.08.25-21.55.14:457][  0]LogTargetPlatformManager: Display: Loaded TargetPlatform 'LinuxAArch64NoEditor'
[2020.08.25-21.55.14:465][  0]LogTargetPlatformManager: Display: Loaded TargetPlatform 'LinuxAArch64Client'
[2020.08.25-21.55.14:474][  0]LogTargetPlatformManager: Display: Loaded TargetPlatform 'LinuxAArch64Server'
[2020.08.25-21.55.14:505][  0]LogTargetPlatformManager: Display: Loaded TargetPlatform 'Lumin'
[2020.08.25-21.55.14:505][  0]LogTargetPlatformManager: Display: Loaded TargetPlatform 'LuminClient'
[2020.08.25-21.55.14:520][  0]LogTargetPlatformManager: Display: Loaded TargetPlatform 'TVOSClient'
[2020.08.25-21.55.14:520][  0]LogTargetPlatformManager: Display: Loaded TargetPlatform 'TVOS'
[2020.08.25-21.55.14:529][  0]LogTargetPlatformManager: Display: Loaded TargetPlatform 'WindowsNoEditor'
[2020.08.25-21.55.14:537][  0]LogTargetPlatformManager: Display: Loaded TargetPlatform 'Windows'
[2020.08.25-21.55.14:546][  0]LogTargetPlatformManager: Display: Loaded TargetPlatform 'WindowsClient'
[2020.08.25-21.55.14:554][  0]LogTargetPlatformManager: Display: Loaded TargetPlatform 'WindowsServer'
[2020.08.25-21.55.14:554][  0]LogTargetPlatformManager: Display: Building Assets For Windows
[2020.08.25-21.55.14:561][  0]LogAudioDebug: Display: Lib vorbis DLL was dynamically loaded.
[2020.08.25-21.55.14:686][  0]LogShaderCompilers: Guid format shader working directory is -17 characters bigger than the processId version (../../../../../../Users/bsanchez76/Documents/GitHub/RMCAD_VRGallery/Intermediate/Shaders/WorkingDirectory/18584/).
[2020.08.25-21.55.14:686][  0]LogShaderCompilers: Cleaned the shader compiler working directory 'C:/Users/bsanchez76/AppData/Local/Temp/UnrealShaderWorkingDir/8AC36BB945C8AFCF0954D681D83EBB85/'.
[2020.08.25-21.55.14:686][  0]LogXGEController: Cannot use XGE Controller as Incredibuild is not installed on this machine.
[2020.08.25-21.55.14:686][  0]LogShaderCompilers: Cannot use XGE Shader Compiler as Incredibuild is not installed on this machine.
[2020.08.25-21.55.14:686][  0]LogShaderCompilers: Display: Using Local Shader Compiler.
[2020.08.25-21.55.21:732][  0]LogDerivedDataCache: Display: Max Cache Size: 512 MB
[2020.08.25-21.55.22:220][  0]LogDerivedDataCache: Loaded boot cache 0.49s 75MB C:/Users/bsanchez76/AppData/Local/UnrealEngine/4.25/DerivedDataCache/Boot.ddc.
[2020.08.25-21.55.22:220][  0]LogDerivedDataCache: Display: Loaded Boot cache: C:/Users/bsanchez76/AppData/Local/UnrealEngine/4.25/DerivedDataCache/Boot.ddc
[2020.08.25-21.55.22:220][  0]LogDerivedDataCache: FDerivedDataBackendGraph:  Pak pak cache file ../../../../../../Users/bsanchez76/Documents/GitHub/RMCAD_VRGallery/DerivedDataCache/DDC.ddp not found, will not use a pak cache.
[2020.08.25-21.55.22:220][  0]LogDerivedDataCache: Unable to find inner node Pak for hierarchical cache Hierarchy.
[2020.08.25-21.55.22:220][  0]LogDerivedDataCache: FDerivedDataBackendGraph:  CompressedPak pak cache file ../../../../../../Users/bsanchez76/Documents/GitHub/RMCAD_VRGallery/DerivedDataCache/Compressed.ddp not found, will not use a pak cache.
[2020.08.25-21.55.22:220][  0]LogDerivedDataCache: Unable to find inner node CompressedPak for hierarchical cache Hierarchy.
[2020.08.25-21.55.22:229][  0]LogDerivedDataCache: Display: Pak cache opened for reading ../../../Engine/DerivedDataCache/Compressed.ddp.
[2020.08.25-21.55.22:229][  0]LogDerivedDataCache: FDerivedDataBackendGraph:  EnterprisePak pak cache file ../../../Enterprise/DerivedDataCache/Compressed.ddp not found, will not use a pak cache.
[2020.08.25-21.55.22:229][  0]LogDerivedDataCache: Unable to find inner node EnterprisePak for hierarchical cache Hierarchy.
[2020.08.25-21.55.22:231][  0]LogDerivedDataCache: Using Local data cache path C:/Users/bsanchez76/AppData/Local/UnrealEngine/Common/DerivedDataCache: Writable
[2020.08.25-21.55.22:231][  0]LogDerivedDataCache: Shared data cache path not found in *engine.ini, will not use an Shared cache.
[2020.08.25-21.55.22:231][  0]LogDerivedDataCache: Unable to find inner node Shared for hierarchical cache Hierarchy.
[2020.08.25-21.55.22:286][  0]LogSlate: Using FreeType 2.10.0
[2020.08.25-21.55.22:286][  0]LogSlate: SlateFontServices - WITH_FREETYPE: 1, WITH_HARFBUZZ: 1
[2020.08.25-21.55.23:935][  0]LogAssetRegistry: FAssetRegistry took 0.0025 seconds to start up
[2020.08.25-21.55.24:175][  0]LogInit: Selected Device Profile: [Windows]
[2020.08.25-21.55.24:384][  0]LogMeshReduction: Using QuadricMeshReduction for automatic static mesh reduction
[2020.08.25-21.55.24:384][  0]LogMeshReduction: Using SimplygonMeshReduction for automatic skeletal mesh reduction
[2020.08.25-21.55.24:384][  0]LogMeshReduction: Using ProxyLODMeshReduction for automatic mesh merging
[2020.08.25-21.55.24:384][  0]LogMeshReduction: No distributed automatic mesh merging module available
[2020.08.25-21.55.24:384][  0]LogMeshMerging: No distributed automatic mesh merging module available
[2020.08.25-21.55.24:403][  0]LogNetVersion: RMCAD_VRGallery 1.0.0, NetCL: 13144385, EngineNetVer: 14, GameNetVer: 0 (Checksum: 2367786830)
[2020.08.25-21.55.26:748][  0]LogAISub: UAISubsystem::UAISubsystem AISubsystem (000001BC4F62A980), frame # 0
[2020.08.25-21.55.26:748][  0]LogAISub: UAISubsystem::UAISubsystem AIPerceptionSystem (000001BC4F4CDE40), frame # 0
[2020.08.25-21.55.26:749][  0]LogAISub: UAISubsystem::UAISubsystem EnvQueryManager (000001BC4F519C00), frame # 0
[2020.08.25-21.55.26:989][  0]LogPackageLocalizationCache: Processed 19 localized package path(s) for 1 prioritized culture(s) in 0.232637 seconds
[2020.08.25-21.55.26:994][  0]LogUObjectArray: 15917 objects as part of root set at end of initial load.
[2020.08.25-21.55.26:994][  0]LogUObjectAllocator: 3965568 out of 0 bytes used by permanent object pool.
[2020.08.25-21.55.26:994][  0]LogUObjectArray: CloseDisregardForGC: 0/0 objects in disregard for GC pool
[2020.08.25-21.55.27:580][  0]LogTcpMessaging: Initializing TcpMessaging bridge
[2020.08.25-21.55.27:583][  0]LogUdpMessaging: Initializing bridge on interface 0.0.0.0:0 to multicast group 230.0.0.1:6666.
[2020.08.25-21.55.27:766][  0]SourceControl: Source control is disabled
[2020.08.25-21.55.27:766][  0]SourceControl: Source control is disabled
[2020.08.25-21.55.27:769][  0]SourceControl: Source control is disabled
[2020.08.25-21.55.27:773][  0]SourceControl: Source control is disabled
[2020.08.25-21.55.27:779][  0]SourceControl: Source control is disabled
[2020.08.25-21.55.28:096][  0]LogAndroidPermission: UAndroidPermissionCallbackProxy::GetInstance
[2020.08.25-21.55.28:145][  0]LogAudioCaptureCore: Display: No Audio Capture implementations found. Audio input will be silent.
[2020.08.25-21.55.28:145][  0]LogAudioCaptureCore: Display: No Audio Capture implementations found. Audio input will be silent.
[2020.08.25-21.55.28:194][  0]LogOcInput: OculusInput pre-init called
[2020.08.25-21.55.28:204][  0]LogWindows: Failed to load 'OVRPlugin.dll' (GetLastError=126)
[2020.08.25-21.55.28:204][  0]LogWindows: File 'OVRPlugin.dll' does not exist
[2020.08.25-21.55.28:280][  0]LogEngine: Initializing Engine...
[2020.08.25-21.55.28:316][  0]LogHMD: Failed to initialize OpenVR with code 110
[2020.08.25-21.55.28:316][  0]LogMagicLeap: Warning: VR disabled because ZI is not enabled.  To enable, in the editor, Edit -> Project Settings -> Plugins -> Magic Leap Plugin -> Enable Zero Iteration
[2020.08.25-21.55.28:317][  0]LogStats: UGameplayTagsManager::InitializeManager -  0.000 s
[2020.08.25-21.55.28:434][  0]LogInit: Initializing FReadOnlyCVARCache
[2020.08.25-21.55.28:444][  0]LogAIModule: Creating AISystem for world Untitled
[2020.08.25-21.55.28:444][  0]LogAISub: UAISubsystem::UAISubsystem EnvQueryManager (000001BC53AEBC00), frame # 0
[2020.08.25-21.55.28:444][  0]LogAISub: UAISubsystem::UAISubsystem AIPerceptionSystem (000001BC53B50680), frame # 0
[2020.08.25-21.55.28:457][  0]LogAudioMixer: Display: Audio Mixer Platform Settings:
[2020.08.25-21.55.28:458][  0]LogAudioMixer: Display: 	Sample Rate:						  48000
[2020.08.25-21.55.28:458][  0]LogAudioMixer: Display: 	Callback Buffer Frame Size Requested: 1024
[2020.08.25-21.55.28:458][  0]LogAudioMixer: Display: 	Callback Buffer Frame Size To Use:	  1024
[2020.08.25-21.55.28:458][  0]LogAudioMixer: Display: 	Number of buffers to queue:			  2
[2020.08.25-21.55.28:458][  0]LogAudioMixer: Display: 	Max Channels (voices):				  32
[2020.08.25-21.55.28:458][  0]LogAudioMixer: Display: 	Number of Async Source Workers:		  0
[2020.08.25-21.55.28:458][  0]LogAudio: Display: AudioDevice MaxSources: 32
[2020.08.25-21.55.28:458][  0]LogAudio: Display: Using built-in audio occlusion.
[2020.08.25-21.55.28:458][  0]LogAudioMixer: Display: Initializing audio mixer.
[2020.08.25-21.55.28:486][  0]LogAudioMixer: Display: 0: FrontLeft
[2020.08.25-21.55.28:486][  0]LogAudioMixer: Display: 1: FrontRight
[2020.08.25-21.55.28:533][  0]LogAudioMixer: Display: Using Audio Device Speakers / Headphones (Realtek Audio)
[2020.08.25-21.55.28:536][  0]LogAudioMixer: Display: Initializing Sound Submixes...
[2020.08.25-21.55.28:539][  0]LogAudioMixer: Display: Creating Master Submix 'MasterSubmixDefault'
[2020.08.25-21.55.28:539][  0]LogAudioMixer: Display: Creating Master Submix 'MasterReverbSubmixDefault'
[2020.08.25-21.55.28:540][  0]LogAudioMixer: Display: Creating Master Submix 'MasterEQSubmixDefault'
[2020.08.25-21.55.28:541][  0]LogInit: FAudioDevice initialized.
[2020.08.25-21.55.28:542][  0]LogNetVersion: Set ProjectVersion to 1.0.0.0. Version Checksum will be recalculated on next use.
[2020.08.25-21.55.28:863][  0]LogDerivedDataCache: Saved boot cache 0.32s 75MB C:/Users/bsanchez76/AppData/Local/UnrealEngine/4.25/DerivedDataCache/Boot.ddc.
[2020.08.25-21.55.28:871][  0]LogInit: Texture streaming: Enabled
[2020.08.25-21.55.28:895][  0]LogEngineSessionManager: EngineSessionManager initialized
[2020.08.25-21.55.28:895][  0]LogEditorSessionSummary: Verbose: Initializing EditorSessionSummaryWriter for editor session tracking
[2020.08.25-21.55.28:914][  0]LogEditorSessionSummary: EditorSessionSummaryWriter initialized
[2020.08.25-21.55.29:035][  0]LogInit: Transaction tracking system initialized
[2020.08.25-21.55.29:054][  0]BlueprintLog: New page: Editor Load
[2020.08.25-21.55.29:378][  0]LocalizationService: Localization service is disabled
[2020.08.25-21.55.29:726][  0]LogCook: Display: Max memory allowance for cook 16384mb min free memory 0mb
[2020.08.25-21.55.29:726][  0]LogCook: Display: Mobile HDR setting 1
[2020.08.25-21.55.29:855][  0]LogFileCache: Scanning file cache for directory 'C:/Users/bsanchez76/Documents/GitHub/RMCAD_VRGallery/Content/' took 0.01s
[2020.08.25-21.55.30:048][  0]SourceControl: Source control is disabled
[2020.08.25-21.55.30:048][  0]LogUnrealEdMisc: Loading editor; pre map load, took 30.381
[2020.08.25-21.55.30:048][  0]Cmd: MAP LOAD FILE="../../../../../../Users/bsanchez76/Documents/GitHub/RMCAD_VRGallery/Content/VR_Gallery/MainMenu_Level.umap" TEMPLATE=0 SHOWPROGRESS=1 FEATURELEVEL=3
[2020.08.25-21.55.30:064][  0]LightingResults: New page: Lighting Build
[2020.08.25-21.55.30:065][  0]LogWorld: UWorld::CleanupWorld for Untitled, bSessionEnded=true, bCleanupResources=true
[2020.08.25-21.55.30:065][  0]LogSlate: InvalidateAllWidgets triggered.  All widgets were invalidated
[2020.08.25-21.55.30:065][  0]MapCheck: New page: Map Check
[2020.08.25-21.55.30:065][  0]LightingResults: New page: Lighting Build
[2020.08.25-21.55.30:073][  0]LogAISub: UAISubsystem::~UAISubsystem EnvQueryManager (000001BC53AEBC00), frame # 0
[2020.08.25-21.55.30:073][  0]LogAISub: UAISubsystem::~UAISubsystem AIPerceptionSystem (000001BC53B50680), frame # 0
[2020.08.25-21.55.30:074][  0]LogUObjectHash: Compacting FUObjectHashTables data took   0.57ms
[2020.08.25-21.55.30:783][  0]LogAIModule: Creating AISystem for world MainMenu_Level
[2020.08.25-21.55.30:783][  0]LogAISub: UAISubsystem::UAISubsystem EnvQueryManager (000001BC53759200), frame # 0
[2020.08.25-21.55.30:783][  0]LogAISub: UAISubsystem::UAISubsystem AIPerceptionSystem (000001BC4408ED40), frame # 0
[2020.08.25-21.55.30:783][  0]LogEditorServer: Finished looking for orphan Actors (0.000 secs)
[2020.08.25-21.55.30:792][  0]LogUObjectHash: Compacting FUObjectHashTables data took   0.62ms
[2020.08.25-21.55.30:792][  0]Cmd: MAP CHECKDEP NOCLEARLOG
[2020.08.25-21.55.30:792][  0]MapCheck: Map check complete: 0 Error(s), 0 Warning(s), took 0.13ms to complete.
[2020.08.25-21.55.30:792][  0]LogFileHelpers: Loading map 'MainMenu_Level' took 0.744
[2020.08.25-21.55.30:899][  0]LogUnrealEdMisc: Total Editor Startup Time, took 31.232
[2020.08.25-21.55.32:864][  0]LogSlate: Updating window title bar state: overlay mode, drag disabled, window buttons hidden, title bar hidden
[2020.08.25-21.55.32:897][  0]LogSlate: Updating window title bar state: overlay mode, drag disabled, window buttons hidden, title bar hidden
[2020.08.25-21.55.32:904][  0]LogSlate: Updating window title bar state: overlay mode, drag disabled, window buttons hidden, title bar hidden
[2020.08.25-21.55.32:910][  0]LogSlate: Updating window title bar state: overlay mode, drag disabled, window buttons hidden, title bar hidden
[2020.08.25-21.55.33:409][  0]LogCollectionManager: Loaded 0 collections in 0.001978 seconds
[2020.08.25-21.55.33:877][  0]LogFileCache: Scanning file cache for directory 'C:/Users/bsanchez76/Documents/GitHub/RMCAD_VRGallery/Saved/Collections/' took 0.00s
[2020.08.25-21.55.33:877][  0]LogFileCache: Scanning file cache for directory 'C:/Users/bsanchez76/Documents/GitHub/RMCAD_VRGallery/Content/Developers/bsanchez76/Collections/' took 0.00s
[2020.08.25-21.55.33:877][  0]LogFileCache: Scanning file cache for directory 'C:/Users/bsanchez76/Documents/GitHub/RMCAD_VRGallery/Content/Collections/' took 0.00s
[2020.08.25-21.55.33:877][  0]LogContentBrowser: Native class hierarchy populated in 0.0102 seconds. Added 3427 classes and 821 folders.
[2020.08.25-21.55.34:093][  0]LogContentBrowser: Native class hierarchy updated for 'WidgetCarousel' in 0.0004 seconds. Added 0 classes and 0 folders.
[2020.08.25-21.55.37:639][  0]LogContentBrowser: Native class hierarchy updated for 'AddContentDialog' in 0.0003 seconds. Added 0 classes and 0 folders.
[2020.08.25-21.55.38:129][  0]LogContentBrowser: Native class hierarchy updated for 'SceneOutliner' in 0.0003 seconds. Added 2 classes and 0 folders.
[2020.08.25-21.55.39:620][  0]LogContentBrowser: Native class hierarchy updated for 'HierarchicalLODOutliner' in 0.0002 seconds. Added 0 classes and 0 folders.
[2020.08.25-21.55.39:620][  0]LogLoad: (Engine Initialization) Total time: 39.95 seconds
[2020.08.25-21.55.39:620][  0]LogLoad: (Engine Initialization) Total Blueprint compile time: 0.00 seconds
[2020.08.25-21.55.40:238][  0]LogContentStreaming: Texture pool size now 1000 MB
[2020.08.25-21.55.40:239][  0]LogSlate: Took 0.000181 seconds to synchronously load lazily loaded font '../../../Engine/Content/Slate/Fonts/Roboto-Regular.ttf' (155K)
[2020.08.25-21.55.40:242][  0]LogSlate: Took 0.000173 seconds to synchronously load lazily loaded font '../../../Engine/Content/Slate/Fonts/Roboto-Bold.ttf' (160K)
[2020.08.25-21.55.40:356][  0]LogSlate: Took 0.027280 seconds to synchronously load lazily loaded font '../../../Engine/Content/Editor/Slate/Fonts/FontAwesome.ttf' (139K)
[2020.08.25-21.55.42:085][  1]LogRenderer: Reallocating scene render targets to support 1204x508 Format 10 NumSamples 1 (Frame:1).
[2020.08.25-21.55.42:998][  2]LogSlate: Took 0.071853 seconds to synchronously load lazily loaded font '../../../Engine/Content/Slate/Fonts/Roboto-Light.ttf' (167K)
[2020.08.25-21.56.25:213][ 35]LogAssetRegistry: Asset discovery search completed in 61.2785 seconds
[2020.08.25-21.56.25:217][ 35]LogCollectionManager: Fixed up redirectors for 0 collections in 0.000002 seconds (updated 0 objects)
[2020.08.25-22.06.32:089][821]LogRenderer: Reallocating scene render targets to support 1616x756 Format 10 NumSamples 1 (Frame:77796).
[2020.08.25-22.08.33:674][154]LogAssetEditorSubsystem: Opening Asset editor for World /Game/VR_Gallery/MainMenu_Level.MainMenu_Level
[2020.08.25-22.08.33:699][154]LogUObjectHash: Compacting FUObjectHashTables data took   0.89ms
[2020.08.25-22.08.33:702][154]Cmd: MAP LOAD FILE="../../../../../../Users/bsanchez76/Documents/GitHub/RMCAD_VRGallery/Content/VR_Gallery/MainMenu_Level.umap" TEMPLATE=0 SHOWPROGRESS=1 FEATURELEVEL=3
[2020.08.25-22.08.33:702][154]LightingResults: New page: Lighting Build
[2020.08.25-22.08.33:702][154]LoadErrors: New page: Loading map: MainMenu_Level.umap
[2020.08.25-22.08.33:753][154]LogWorld: UWorld::CleanupWorld for MainMenu_Level, bSessionEnded=true, bCleanupResources=true
[2020.08.25-22.08.33:753][154]LogSlate: InvalidateAllWidgets triggered.  All widgets were invalidated
[2020.08.25-22.08.33:753][154]MapCheck: New page: Map Check
[2020.08.25-22.08.33:753][154]LightingResults: New page: Lighting Build
[2020.08.25-22.08.33:797][154]LogAISub: UAISubsystem::~UAISubsystem EnvQueryManager (000001BC53759200), frame # 79154
[2020.08.25-22.08.33:797][154]LogAISub: UAISubsystem::~UAISubsystem AIPerceptionSystem (000001BC4408ED40), frame # 79154
[2020.08.25-22.08.33:798][154]LogUObjectHash: Compacting FUObjectHashTables data took   0.59ms
[2020.08.25-22.08.33:847][154]LogAIModule: Creating AISystem for world MainMenu_Level
[2020.08.25-22.08.33:848][154]LogAISub: UAISubsystem::UAISubsystem EnvQueryManager (000001BC6907F400), frame # 79154
[2020.08.25-22.08.33:848][154]LogAISub: UAISubsystem::UAISubsystem AIPerceptionSystem (000001BC3EA99300), frame # 79154
[2020.08.25-22.08.33:849][154]LogEditorServer: Finished looking for orphan Actors (0.000 secs)
[2020.08.25-22.08.33:858][154]LogUObjectHash: Compacting FUObjectHashTables data took   0.62ms
[2020.08.25-22.08.33:896][154]Cmd: MAP CHECKDEP NOCLEARLOG
[2020.08.25-22.08.33:898][154]MapCheck: Map check complete: 0 Error(s), 0 Warning(s), took 1.741ms to complete.
[2020.08.25-22.08.33:898][154]LogFileHelpers: Loading map 'MainMenu_Level' took 0.196
[2020.08.25-22.08.43:903][987]LogTemp: Repeating last play command: Selected Viewport
[2020.08.25-22.08.44:008][987]LogPlayLevel: PlayLevel: No blueprints needed recompiling
[2020.08.25-22.08.44:068][987]PIE: New page: PIE session: MainMenu_Level (Aug 25, 2020, 10:08:44 AM)
[2020.08.25-22.08.44:094][987]LogOnline: OSS: Creating online subsystem instance for: NULL
[2020.08.25-22.08.44:103][987]LogOnline: OSS: TryLoadSubsystemAndSetDefault: Loaded subsystem for module [NULL]
[2020.08.25-22.08.44:128][987]LogPlayLevel: Creating play world package: /Game/VR_Gallery/UEDPIE_0_MainMenu_Level
[2020.08.25-22.08.44:172][987]LogPlayLevel: PIE: StaticDuplicateObject took: (0.043968s)
[2020.08.25-22.08.44:173][987]LogAIModule: Creating AISystem for world MainMenu_Level
[2020.08.25-22.08.44:173][987]LogAISub: UAISubsystem::UAISubsystem EnvQueryManager (000001BC040E7400), frame # 79987
[2020.08.25-22.08.44:173][987]LogAISub: UAISubsystem::UAISubsystem AIPerceptionSystem (000001BC6995AC00), frame # 79987
[2020.08.25-22.08.44:173][987]LogPlayLevel: PIE: World Init took: (0.001033s)
[2020.08.25-22.08.44:173][987]LogPlayLevel: PIE: Created PIE world by copying editor world from /Game/VR_Gallery/MainMenu_Level.MainMenu_Level to /Game/VR_Gallery/UEDPIE_0_MainMenu_Level.MainMenu_Level (0.045350s)
[2020.08.25-22.08.44:182][987]LogUObjectHash: Compacting FUObjectHashTables data took   0.72ms
[2020.08.25-22.08.44:184][987]LogAudioMixer: Display: Audio Mixer Platform Settings:
[2020.08.25-22.08.44:184][987]LogAudioMixer: Display: 	Sample Rate:						  48000
[2020.08.25-22.08.44:184][987]LogAudioMixer: Display: 	Callback Buffer Frame Size Requested: 1024
[2020.08.25-22.08.44:184][987]LogAudioMixer: Display: 	Callback Buffer Frame Size To Use:	  1024
[2020.08.25-22.08.44:184][987]LogAudioMixer: Display: 	Number of buffers to queue:			  2
[2020.08.25-22.08.44:184][987]LogAudioMixer: Display: 	Max Channels (voices):				  32
[2020.08.25-22.08.44:184][987]LogAudioMixer: Display: 	Number of Async Source Workers:		  0
[2020.08.25-22.08.44:184][987]LogAudio: Display: AudioDevice MaxSources: 32
[2020.08.25-22.08.44:185][987]LogAudio: Display: Using built-in audio occlusion.
[2020.08.25-22.08.44:185][987]LogAudioMixer: Display: Initializing audio mixer.
[2020.08.25-22.08.44:188][987]LogAudioMixer: Display: 0: FrontLeft
[2020.08.25-22.08.44:188][987]LogAudioMixer: Display: 1: FrontRight
[2020.08.25-22.08.44:223][987]LogAudioMixer: Display: Using Audio Device Speakers / Headphones (Realtek Audio)
[2020.08.25-22.08.44:223][987]LogAudioMixer: Display: Initializing Sound Submixes...
[2020.08.25-22.08.44:223][987]LogAudioMixer: Display: Creating Master Submix 'MasterSubmixDefault'
[2020.08.25-22.08.44:223][987]LogAudioMixer: Display: Creating Master Submix 'MasterReverbSubmixDefault'
[2020.08.25-22.08.44:224][987]LogAudioMixer: Display: Creating Master Submix 'MasterEQSubmixDefault'
[2020.08.25-22.08.44:236][987]LogInit: FAudioDevice initialized.
[2020.08.25-22.08.45:294][987]LogLoad: Game class is 'FirstPersonGameMode_C'
[2020.08.25-22.08.45:514][987]LogWorld: Bringing World /Game/VR_Gallery/UEDPIE_0_MainMenu_Level.MainMenu_Level up for play (max tick rate 0) at 2020.08.25-16.08.45
[2020.08.25-22.08.45:520][987]LogWorld: Bringing up level for play took: 0.019113
[2020.08.25-22.08.45:545][987]LogOnline: OSS: Creating online subsystem instance for: :Context_1
[2020.08.25-22.08.45:809][987]LogContentBrowser: Native class hierarchy updated for 'MovieSceneCapture' in 0.0006 seconds. Added 20 classes and 0 folders.
[2020.08.25-22.08.46:247][987]PIE: Server logged in
[2020.08.25-22.08.46:256][987]PIE: Play in editor total start time 2.331 seconds.
[2020.08.25-22.08.53:583][832]Cmd: LevelEditor.ToggleImmersive
[2020.08.25-22.08.53:921][833]LogRenderer: Reallocating scene render targets to support 2568x1448 Format 10 NumSamples 1 (Frame:837).
[2020.08.25-22.09.06:378][327]LogNet: Browse: /Game/VR_Gallery/VR_Gallery
[2020.08.25-22.09.06:398][327]LogLoad: LoadMap: /Game/VR_Gallery/VR_Gallery
[2020.08.25-22.09.06:398][327]LogWorld: BeginTearingDown for /Game/VR_Gallery/UEDPIE_0_MainMenu_Level
[2020.08.25-22.09.06:429][327]LogWorld: UWorld::CleanupWorld for MainMenu_Level, bSessionEnded=true, bCleanupResources=true
[2020.08.25-22.09.06:429][327]LogSlate: InvalidateAllWidgets triggered.  All widgets were invalidated
[2020.08.25-22.09.06:490][327]LogAISub: UAISubsystem::~UAISubsystem EnvQueryManager (000001BC040E7400), frame # 82327
[2020.08.25-22.09.06:490][327]LogAISub: UAISubsystem::~UAISubsystem AIPerceptionSystem (000001BC6995AC00), frame # 82327
[2020.08.25-22.09.06:532][327]LogUObjectHash: Compacting FUObjectHashTables data took   1.25ms
[2020.08.25-22.09.12:303][327]LogAIModule: Creating AISystem for world VR_Gallery
[2020.08.25-22.09.12:303][327]LogAISub: UAISubsystem::UAISubsystem EnvQueryManager (000001BC032E5A00), frame # 82327
[2020.08.25-22.09.12:303][327]LogAISub: UAISubsystem::UAISubsystem AIPerceptionSystem (000001BC044165C0), frame # 82327
[2020.08.25-22.09.12:303][327]LogLoad: Game class is 'FirstPersonGameMode_C'
[2020.08.25-22.09.12:347][327]LogWorld: Bringing World /Game/VR_Gallery/UEDPIE_0_VR_Gallery.VR_Gallery up for play (max tick rate 0) at 2020.08.25-16.09.12
[2020.08.25-22.09.12:400][327]LogWorld: Bringing up level for play took: 0.095198
[2020.08.25-22.09.12:540][327]LogLoad: Took 6.142228 seconds to LoadMap(/Game/VR_Gallery/VR_Gallery)
[2020.08.25-22.13.59:775][691]LogSlate: Updating window title bar state: overlay mode, drag disabled, window buttons hidden, title bar hidden
[2020.08.25-22.13.59:775][691]LogWorld: BeginTearingDown for /Game/VR_Gallery/UEDPIE_0_VR_Gallery
[2020.08.25-22.13.59:775][691]LogWorld: UWorld::CleanupWorld for VR_Gallery, bSessionEnded=true, bCleanupResources=true
[2020.08.25-22.13.59:775][691]LogSlate: InvalidateAllWidgets triggered.  All widgets were invalidated
[2020.08.25-22.13.59:797][691]LogPlayLevel: Display: Shutting down PIE online subsystems
[2020.08.25-22.13.59:799][691]LogSlate: InvalidateAllWidgets triggered.  All widgets were invalidated
[2020.08.25-22.13.59:806][691]LogSlate: Updating window title bar state: overlay mode, drag disabled, window buttons hidden, title bar hidden
[2020.08.25-22.13.59:885][691]LogAISub: UAISubsystem::~UAISubsystem EnvQueryManager (000001BC032E5A00), frame # 116691
[2020.08.25-22.13.59:885][691]LogAISub: UAISubsystem::~UAISubsystem AIPerceptionSystem (000001BC044165C0), frame # 116691
[2020.08.25-22.13.59:886][691]LogUObjectHash: Compacting FUObjectHashTables data took   0.78ms
[2020.08.25-22.13.59:944][692]LogPlayLevel: Display: Destroying online subsystem :Context_1
[2020.08.25-22.15.03:095][157]LogEditorViewport: Clicking Background
